[1.020s] DEBUG:colcon:Command line arguments: ['/usr/bin/colcon', 'build', '--symlink-install']
[1.020s] DEBUG:colcon:Parsed command line arguments: Namespace(log_base=None, log_level=None, verb_name='build', build_base='build', install_base='install', merge_install=False, symlink_install=True, test_result_base=None, continue_on_error=False, executor='parallel', parallel_workers=16, event_handlers=None, ignore_user_meta=False, metas=['./colcon.meta'], base_paths=['.'], packages_ignore=None, packages_ignore_regex=None, paths=None, packages_up_to=None, packages_up_to_regex=None, packages_above=None, packages_above_and_dependencies=None, packages_above_depth=None, packages_select_by_dep=None, packages_skip_by_dep=None, packages_skip_up_to=None, packages_select_build_failed=False, packages_skip_build_finished=False, packages_select_test_failures=False, packages_skip_test_passed=False, packages_select=None, packages_skip=None, packages_select_regex=None, packages_skip_regex=None, packages_start=None, packages_end=None, allow_overriding=[], cmake_args=None, cmake_target=None, cmake_target_skip_unavailable=False, cmake_clean_cache=False, cmake_clean_first=False, cmake_force_configure=False, ament_cmake_args=None, catkin_cmake_args=None, catkin_skip_building_tests=False, verb_parser=<colcon_defaults.argument_parser.defaults.DefaultArgumentsDecorator object at 0x78bc77f62650>, verb_extension=<colcon_core.verb.build.BuildVerb object at 0x78bc77f60af0>, main=<bound method BuildVerb.main of <colcon_core.verb.build.BuildVerb object at 0x78bc77f60af0>>)
[1.066s] Level 1:colcon.colcon_core.package_discovery:discover_packages(colcon_meta) check parameters
[1.066s] Level 1:colcon.colcon_core.package_discovery:discover_packages(recursive) check parameters
[1.066s] Level 1:colcon.colcon_core.package_discovery:discover_packages(ignore) check parameters
[1.066s] Level 1:colcon.colcon_core.package_discovery:discover_packages(path) check parameters
[1.066s] Level 1:colcon.colcon_core.package_discovery:discover_packages(colcon_meta) discover
[1.066s] Level 1:colcon.colcon_core.package_discovery:discover_packages(recursive) discover
[1.066s] INFO:colcon.colcon_core.package_discovery:Crawling recursively for packages in '/home/sithija/spectrobot_ws'
[1.066s] Level 1:colcon.colcon_core.package_identification:_identify(.) by extensions ['ignore', 'ignore_ament_install']
[1.066s] Level 1:colcon.colcon_core.package_identification:_identify(.) by extension 'ignore'
[1.066s] Level 1:colcon.colcon_core.package_identification:_identify(.) by extension 'ignore_ament_install'
[1.066s] Level 1:colcon.colcon_core.package_identification:_identify(.) by extensions ['colcon_pkg']
[1.066s] Level 1:colcon.colcon_core.package_identification:_identify(.) by extension 'colcon_pkg'
[1.066s] Level 1:colcon.colcon_core.package_identification:_identify(.) by extensions ['colcon_meta']
[1.066s] Level 1:colcon.colcon_core.package_identification:_identify(.) by extension 'colcon_meta'
[1.066s] Level 1:colcon.colcon_core.package_identification:_identify(.) by extensions ['ros']
[1.066s] Level 1:colcon.colcon_core.package_identification:_identify(.) by extension 'ros'
[1.076s] Level 1:colcon.colcon_core.package_identification:_identify(.) by extensions ['cmake', 'python']
[1.076s] Level 1:colcon.colcon_core.package_identification:_identify(.) by extension 'cmake'
[1.076s] Level 1:colcon.colcon_core.package_identification:_identify(.) by extension 'python'
[1.076s] Level 1:colcon.colcon_core.package_identification:_identify(.) by extensions ['python_setup_py']
[1.076s] Level 1:colcon.colcon_core.package_identification:_identify(.) by extension 'python_setup_py'
[1.076s] Level 1:colcon.colcon_core.package_identification:_identify(build) by extensions ['ignore', 'ignore_ament_install']
[1.077s] Level 1:colcon.colcon_core.package_identification:_identify(build) by extension 'ignore'
[1.077s] Level 1:colcon.colcon_core.package_identification:_identify(build) ignored
[1.077s] Level 1:colcon.colcon_core.package_identification:_identify(install) by extensions ['ignore', 'ignore_ament_install']
[1.077s] Level 1:colcon.colcon_core.package_identification:_identify(install) by extension 'ignore'
[1.077s] Level 1:colcon.colcon_core.package_identification:_identify(install) ignored
[1.077s] Level 1:colcon.colcon_core.package_identification:_identify(log) by extensions ['ignore', 'ignore_ament_install']
[1.077s] Level 1:colcon.colcon_core.package_identification:_identify(log) by extension 'ignore'
[1.077s] Level 1:colcon.colcon_core.package_identification:_identify(log) ignored
[1.077s] Level 1:colcon.colcon_core.package_identification:_identify(src) by extensions ['ignore', 'ignore_ament_install']
[1.077s] Level 1:colcon.colcon_core.package_identification:_identify(src) by extension 'ignore'
[1.077s] Level 1:colcon.colcon_core.package_identification:_identify(src) by extension 'ignore_ament_install'
[1.077s] Level 1:colcon.colcon_core.package_identification:_identify(src) by extensions ['colcon_pkg']
[1.077s] Level 1:colcon.colcon_core.package_identification:_identify(src) by extension 'colcon_pkg'
[1.077s] Level 1:colcon.colcon_core.package_identification:_identify(src) by extensions ['colcon_meta']
[1.077s] Level 1:colcon.colcon_core.package_identification:_identify(src) by extension 'colcon_meta'
[1.077s] Level 1:colcon.colcon_core.package_identification:_identify(src) by extensions ['ros']
[1.077s] Level 1:colcon.colcon_core.package_identification:_identify(src) by extension 'ros'
[1.077s] Level 1:colcon.colcon_core.package_identification:_identify(src) by extensions ['cmake', 'python']
[1.077s] Level 1:colcon.colcon_core.package_identification:_identify(src) by extension 'cmake'
[1.078s] Level 1:colcon.colcon_core.package_identification:_identify(src) by extension 'python'
[1.078s] Level 1:colcon.colcon_core.package_identification:_identify(src) by extensions ['python_setup_py']
[1.078s] Level 1:colcon.colcon_core.package_identification:_identify(src) by extension 'python_setup_py'
[1.078s] Level 1:colcon.colcon_core.package_identification:_identify(src/robot_description) by extensions ['ignore', 'ignore_ament_install']
[1.078s] Level 1:colcon.colcon_core.package_identification:_identify(src/robot_description) by extension 'ignore'
[1.078s] Level 1:colcon.colcon_core.package_identification:_identify(src/robot_description) by extension 'ignore_ament_install'
[1.078s] Level 1:colcon.colcon_core.package_identification:_identify(src/robot_description) by extensions ['colcon_pkg']
[1.078s] Level 1:colcon.colcon_core.package_identification:_identify(src/robot_description) by extension 'colcon_pkg'
[1.078s] Level 1:colcon.colcon_core.package_identification:_identify(src/robot_description) by extensions ['colcon_meta']
[1.078s] Level 1:colcon.colcon_core.package_identification:_identify(src/robot_description) by extension 'colcon_meta'
[1.078s] Level 1:colcon.colcon_core.package_identification:_identify(src/robot_description) by extensions ['ros']
[1.078s] Level 1:colcon.colcon_core.package_identification:_identify(src/robot_description) by extension 'ros'
[1.080s] DEBUG:colcon.colcon_core.package_identification:Package 'src/robot_description' with type 'ros.ament_cmake' and name 'robot_description'
[1.080s] Level 1:colcon.colcon_core.package_identification:_identify(src/spectrobot_controller) by extensions ['ignore', 'ignore_ament_install']
[1.080s] Level 1:colcon.colcon_core.package_identification:_identify(src/spectrobot_controller) by extension 'ignore'
[1.080s] Level 1:colcon.colcon_core.package_identification:_identify(src/spectrobot_controller) by extension 'ignore_ament_install'
[1.080s] Level 1:colcon.colcon_core.package_identification:_identify(src/spectrobot_controller) by extensions ['colcon_pkg']
[1.080s] Level 1:colcon.colcon_core.package_identification:_identify(src/spectrobot_controller) by extension 'colcon_pkg'
[1.080s] Level 1:colcon.colcon_core.package_identification:_identify(src/spectrobot_controller) by extensions ['colcon_meta']
[1.080s] Level 1:colcon.colcon_core.package_identification:_identify(src/spectrobot_controller) by extension 'colcon_meta'
[1.080s] Level 1:colcon.colcon_core.package_identification:_identify(src/spectrobot_controller) by extensions ['ros']
[1.080s] Level 1:colcon.colcon_core.package_identification:_identify(src/spectrobot_controller) by extension 'ros'
[1.081s] DEBUG:colcon.colcon_core.package_identification:Package 'src/spectrobot_controller' with type 'ros.ament_cmake' and name 'spectrobot_controller'
[1.081s] Level 1:colcon.colcon_core.package_discovery:discover_packages(recursive) using defaults
[1.081s] Level 1:colcon.colcon_core.package_discovery:discover_packages(ignore) discover
[1.081s] Level 1:colcon.colcon_core.package_discovery:discover_packages(ignore) using defaults
[1.081s] Level 1:colcon.colcon_core.package_discovery:discover_packages(path) discover
[1.081s] Level 1:colcon.colcon_core.package_discovery:discover_packages(path) using defaults
[1.174s] Level 1:colcon.colcon_core.package_discovery:discover_packages(prefix_path) check parameters
[1.174s] Level 1:colcon.colcon_core.package_discovery:discover_packages(prefix_path) discover
[1.216s] DEBUG:colcon.colcon_installed_package_information.package_discovery:Found 3 installed packages in /home/sithija/spectrobot_ws/install
[1.231s] DEBUG:colcon.colcon_installed_package_information.package_discovery:Found 20 installed packages in /home/sithija/ros2_ws/install
[1.246s] DEBUG:colcon.colcon_installed_package_information.package_discovery:Found 2 installed packages in /home/sithija/custombot_ws/install
[1.261s] DEBUG:colcon.colcon_installed_package_information.package_discovery:Found 1 installed packages in /home/sithija/cambot_ws/install
[1.276s] DEBUG:colcon.colcon_installed_package_information.package_discovery:Found 16 installed packages in /home/sithija/simulation_ws/install
[1.292s] DEBUG:colcon.colcon_installed_package_information.package_discovery:Found 400 installed packages in /opt/ros/humble
[1.294s] Level 1:colcon.colcon_core.package_discovery:discover_packages(prefix_path) using defaults
[1.390s] Level 5:colcon.colcon_core.verb:set package 'spectrobot_controller' build argument 'cmake_args' from command line to 'None'
[1.390s] Level 5:colcon.colcon_core.verb:set package 'spectrobot_controller' build argument 'cmake_target' from command line to 'None'
[1.390s] Level 5:colcon.colcon_core.verb:set package 'spectrobot_controller' build argument 'cmake_target_skip_unavailable' from command line to 'False'
[1.390s] Level 5:colcon.colcon_core.verb:set package 'spectrobot_controller' build argument 'cmake_clean_cache' from command line to 'False'
[1.390s] Level 5:colcon.colcon_core.verb:set package 'spectrobot_controller' build argument 'cmake_clean_first' from command line to 'False'
[1.390s] Level 5:colcon.colcon_core.verb:set package 'spectrobot_controller' build argument 'cmake_force_configure' from command line to 'False'
[1.390s] Level 5:colcon.colcon_core.verb:set package 'spectrobot_controller' build argument 'ament_cmake_args' from command line to 'None'
[1.390s] Level 5:colcon.colcon_core.verb:set package 'spectrobot_controller' build argument 'catkin_cmake_args' from command line to 'None'
[1.390s] Level 5:colcon.colcon_core.verb:set package 'spectrobot_controller' build argument 'catkin_skip_building_tests' from command line to 'False'
[1.390s] DEBUG:colcon.colcon_core.verb:Building package 'spectrobot_controller' with the following arguments: {'ament_cmake_args': None, 'build_base': '/home/sithija/spectrobot_ws/build/spectrobot_controller', 'catkin_cmake_args': None, 'catkin_skip_building_tests': False, 'cmake_args': None, 'cmake_clean_cache': False, 'cmake_clean_first': False, 'cmake_force_configure': False, 'cmake_target': None, 'cmake_target_skip_unavailable': False, 'install_base': '/home/sithija/spectrobot_ws/install/spectrobot_controller', 'merge_install': False, 'path': '/home/sithija/spectrobot_ws/src/spectrobot_controller', 'symlink_install': True, 'test_result_base': None}
[1.405s] Level 5:colcon.colcon_core.verb:set package 'robot_description' build argument 'cmake_args' from command line to 'None'
[1.405s] Level 5:colcon.colcon_core.verb:set package 'robot_description' build argument 'cmake_target' from command line to 'None'
[1.405s] Level 5:colcon.colcon_core.verb:set package 'robot_description' build argument 'cmake_target_skip_unavailable' from command line to 'False'
[1.405s] Level 5:colcon.colcon_core.verb:set package 'robot_description' build argument 'cmake_clean_cache' from command line to 'False'
[1.405s] Level 5:colcon.colcon_core.verb:set package 'robot_description' build argument 'cmake_clean_first' from command line to 'False'
[1.405s] Level 5:colcon.colcon_core.verb:set package 'robot_description' build argument 'cmake_force_configure' from command line to 'False'
[1.405s] Level 5:colcon.colcon_core.verb:set package 'robot_description' build argument 'ament_cmake_args' from command line to 'None'
[1.405s] Level 5:colcon.colcon_core.verb:set package 'robot_description' build argument 'catkin_cmake_args' from command line to 'None'
[1.405s] Level 5:colcon.colcon_core.verb:set package 'robot_description' build argument 'catkin_skip_building_tests' from command line to 'False'
[1.405s] DEBUG:colcon.colcon_core.verb:Building package 'robot_description' with the following arguments: {'ament_cmake_args': None, 'build_base': '/home/sithija/spectrobot_ws/build/robot_description', 'catkin_cmake_args': None, 'catkin_skip_building_tests': False, 'cmake_args': None, 'cmake_clean_cache': False, 'cmake_clean_first': False, 'cmake_force_configure': False, 'cmake_target': None, 'cmake_target_skip_unavailable': False, 'install_base': '/home/sithija/spectrobot_ws/install/robot_description', 'merge_install': False, 'path': '/home/sithija/spectrobot_ws/src/robot_description', 'symlink_install': True, 'test_result_base': None}
[1.419s] INFO:colcon.colcon_core.executor:Executing jobs using 'parallel' executor
[1.435s] DEBUG:colcon.colcon_parallel_executor.executor.parallel:run_until_complete
[1.435s] INFO:colcon.colcon_ros.task.ament_cmake.build:Building ROS package in '/home/sithija/spectrobot_ws/src/spectrobot_controller' with build type 'ament_cmake'
[1.435s] INFO:colcon.colcon_cmake.task.cmake.build:Building CMake package in '/home/sithija/spectrobot_ws/src/spectrobot_controller'
[1.452s] INFO:colcon.colcon_core.plugin_system:Skipping extension 'colcon_core.shell.bat': Not used on non-Windows systems
[1.453s] INFO:colcon.colcon_core.shell:Skip shell extension 'powershell' for command environment: Not usable outside of PowerShell
[1.453s] DEBUG:colcon.colcon_core.shell:Skip shell extension 'dsv' for command environment
[1.569s] DEBUG:colcon.colcon_core.event_handler.log_command:Invoking command in '/home/sithija/spectrobot_ws/build/spectrobot_controller': CMAKE_PREFIX_PATH=${CMAKE_PREFIX_PATH}:/home/sithija/ros2_ws/install/my_robot_controller:/home/sithija/ros2_ws/install/fleet_subscriber:/home/sithija/ros2_ws/install/fleet_base:/home/sithija/ros2_ws/install/recovery_pulse_test:/home/sithija/ros2_ws/install/recovery_pathfinder:/home/sithija/ros2_ws/install/recoveryPathFinder:/home/sithija/ros2_ws/install/py_pubsub:/home/sithija/ros2_ws/install/obstacle_detector:/home/sithija/ros2_ws/install/first_bot:/home/sithija/ros2_ws/install/explore:/home/sithija/custombot_ws/install/robot_model_pkg:/home/sithija/custombot_ws/install/explore:/home/sithija/cambot_ws/install/navcontrol:/home/sithija/simulation_ws/install/us_handler:/home/sithija/simulation_ws/install/recovery_pulse_test:/home/sithija/simulation_ws/install/recovery_pathfinder:/home/sithija/simulation_ws/install/rate_converter:/home/sithija/simulation_ws/install/obstacle_detector:/opt/ros/humble /usr/bin/cmake --build /home/sithija/spectrobot_ws/build/spectrobot_controller -- -j16 -l16
[1.636s] DEBUG:colcon.colcon_core.event_handler.log_command:Invoked command in '/home/sithija/spectrobot_ws/build/spectrobot_controller' returned '0': CMAKE_PREFIX_PATH=${CMAKE_PREFIX_PATH}:/home/sithija/ros2_ws/install/my_robot_controller:/home/sithija/ros2_ws/install/fleet_subscriber:/home/sithija/ros2_ws/install/fleet_base:/home/sithija/ros2_ws/install/recovery_pulse_test:/home/sithija/ros2_ws/install/recovery_pathfinder:/home/sithija/ros2_ws/install/recoveryPathFinder:/home/sithija/ros2_ws/install/py_pubsub:/home/sithija/ros2_ws/install/obstacle_detector:/home/sithija/ros2_ws/install/first_bot:/home/sithija/ros2_ws/install/explore:/home/sithija/custombot_ws/install/robot_model_pkg:/home/sithija/custombot_ws/install/explore:/home/sithija/cambot_ws/install/navcontrol:/home/sithija/simulation_ws/install/us_handler:/home/sithija/simulation_ws/install/recovery_pulse_test:/home/sithija/simulation_ws/install/recovery_pathfinder:/home/sithija/simulation_ws/install/rate_converter:/home/sithija/simulation_ws/install/obstacle_detector:/opt/ros/humble /usr/bin/cmake --build /home/sithija/spectrobot_ws/build/spectrobot_controller -- -j16 -l16
[1.696s] DEBUG:colcon.colcon_core.event_handler.log_command:Invoking command in '/home/sithija/spectrobot_ws/build/spectrobot_controller': CMAKE_PREFIX_PATH=${CMAKE_PREFIX_PATH}:/home/sithija/ros2_ws/install/my_robot_controller:/home/sithija/ros2_ws/install/fleet_subscriber:/home/sithija/ros2_ws/install/fleet_base:/home/sithija/ros2_ws/install/recovery_pulse_test:/home/sithija/ros2_ws/install/recovery_pathfinder:/home/sithija/ros2_ws/install/recoveryPathFinder:/home/sithija/ros2_ws/install/py_pubsub:/home/sithija/ros2_ws/install/obstacle_detector:/home/sithija/ros2_ws/install/first_bot:/home/sithija/ros2_ws/install/explore:/home/sithija/custombot_ws/install/robot_model_pkg:/home/sithija/custombot_ws/install/explore:/home/sithija/cambot_ws/install/navcontrol:/home/sithija/simulation_ws/install/us_handler:/home/sithija/simulation_ws/install/recovery_pulse_test:/home/sithija/simulation_ws/install/recovery_pathfinder:/home/sithija/simulation_ws/install/rate_converter:/home/sithija/simulation_ws/install/obstacle_detector:/opt/ros/humble /usr/bin/cmake --install /home/sithija/spectrobot_ws/build/spectrobot_controller
[1.735s] Level 1:colcon.colcon_core.environment:create_environment_scripts_only(spectrobot_controller)
[1.735s] DEBUG:colcon.colcon_core.event_handler.log_command:Invoked command in '/home/sithija/spectrobot_ws/build/spectrobot_controller' returned '0': CMAKE_PREFIX_PATH=${CMAKE_PREFIX_PATH}:/home/sithija/ros2_ws/install/my_robot_controller:/home/sithija/ros2_ws/install/fleet_subscriber:/home/sithija/ros2_ws/install/fleet_base:/home/sithija/ros2_ws/install/recovery_pulse_test:/home/sithija/ros2_ws/install/recovery_pathfinder:/home/sithija/ros2_ws/install/recoveryPathFinder:/home/sithija/ros2_ws/install/py_pubsub:/home/sithija/ros2_ws/install/obstacle_detector:/home/sithija/ros2_ws/install/first_bot:/home/sithija/ros2_ws/install/explore:/home/sithija/custombot_ws/install/robot_model_pkg:/home/sithija/custombot_ws/install/explore:/home/sithija/cambot_ws/install/navcontrol:/home/sithija/simulation_ws/install/us_handler:/home/sithija/simulation_ws/install/recovery_pulse_test:/home/sithija/simulation_ws/install/recovery_pathfinder:/home/sithija/simulation_ws/install/rate_converter:/home/sithija/simulation_ws/install/obstacle_detector:/opt/ros/humble /usr/bin/cmake --install /home/sithija/spectrobot_ws/build/spectrobot_controller
[1.752s] Level 1:colcon.colcon_core.environment:checking '/home/sithija/spectrobot_ws/install/spectrobot_controller' for CMake module files
[1.752s] Level 1:colcon.colcon_core.environment:checking '/home/sithija/spectrobot_ws/install/spectrobot_controller' for CMake config files
[1.752s] Level 1:colcon.colcon_core.shell:create_environment_hook('spectrobot_controller', 'cmake_prefix_path')
[1.767s] INFO:colcon.colcon_core.shell:Creating environment hook '/home/sithija/spectrobot_ws/install/spectrobot_controller/share/spectrobot_controller/hook/cmake_prefix_path.ps1'
[1.767s] INFO:colcon.colcon_core.shell:Creating environment descriptor '/home/sithija/spectrobot_ws/install/spectrobot_controller/share/spectrobot_controller/hook/cmake_prefix_path.dsv'
[1.768s] INFO:colcon.colcon_core.shell:Creating environment hook '/home/sithija/spectrobot_ws/install/spectrobot_controller/share/spectrobot_controller/hook/cmake_prefix_path.sh'
[1.768s] Level 1:colcon.colcon_core.environment:checking '/home/sithija/spectrobot_ws/install/spectrobot_controller/bin'
[1.768s] Level 1:colcon.colcon_core.environment:checking '/home/sithija/spectrobot_ws/install/spectrobot_controller/lib/pkgconfig/spectrobot_controller.pc'
[1.768s] Level 1:colcon.colcon_core.environment:checking '/home/sithija/spectrobot_ws/install/spectrobot_controller/lib/python3.10/site-packages'
[1.769s] Level 1:colcon.colcon_core.environment:checking '/home/sithija/spectrobot_ws/install/spectrobot_controller/bin'
[1.783s] INFO:colcon.colcon_core.shell:Creating package script '/home/sithija/spectrobot_ws/install/spectrobot_controller/share/spectrobot_controller/package.ps1'
[1.784s] INFO:colcon.colcon_core.shell:Creating package descriptor '/home/sithija/spectrobot_ws/install/spectrobot_controller/share/spectrobot_controller/package.dsv'
[1.785s] INFO:colcon.colcon_core.shell:Creating package script '/home/sithija/spectrobot_ws/install/spectrobot_controller/share/spectrobot_controller/package.sh'
[1.785s] INFO:colcon.colcon_core.shell:Creating package script '/home/sithija/spectrobot_ws/install/spectrobot_controller/share/spectrobot_controller/package.bash'
[1.786s] INFO:colcon.colcon_core.shell:Creating package script '/home/sithija/spectrobot_ws/install/spectrobot_controller/share/spectrobot_controller/package.zsh'
[1.786s] Level 1:colcon.colcon_core.environment:create_file_with_runtime_dependencies(/home/sithija/spectrobot_ws/install/spectrobot_controller/share/colcon-core/packages/spectrobot_controller)
[1.879s] Level 1:colcon.colcon_core.environment:create_environment_scripts_only(spectrobot_controller)
[1.912s] Level 1:colcon.colcon_core.environment:checking '/home/sithija/spectrobot_ws/install/spectrobot_controller' for CMake module files
[1.913s] Level 1:colcon.colcon_core.environment:checking '/home/sithija/spectrobot_ws/install/spectrobot_controller' for CMake config files
[1.913s] Level 1:colcon.colcon_core.shell:create_environment_hook('spectrobot_controller', 'cmake_prefix_path')
[1.927s] INFO:colcon.colcon_core.shell:Creating environment hook '/home/sithija/spectrobot_ws/install/spectrobot_controller/share/spectrobot_controller/hook/cmake_prefix_path.ps1'
[1.927s] INFO:colcon.colcon_core.shell:Creating environment descriptor '/home/sithija/spectrobot_ws/install/spectrobot_controller/share/spectrobot_controller/hook/cmake_prefix_path.dsv'
[1.928s] INFO:colcon.colcon_core.shell:Creating environment hook '/home/sithija/spectrobot_ws/install/spectrobot_controller/share/spectrobot_controller/hook/cmake_prefix_path.sh'
[1.928s] Level 1:colcon.colcon_core.environment:checking '/home/sithija/spectrobot_ws/install/spectrobot_controller/bin'
[1.928s] Level 1:colcon.colcon_core.environment:checking '/home/sithija/spectrobot_ws/install/spectrobot_controller/lib/pkgconfig/spectrobot_controller.pc'
[1.928s] Level 1:colcon.colcon_core.environment:checking '/home/sithija/spectrobot_ws/install/spectrobot_controller/lib/python3.10/site-packages'
[1.928s] Level 1:colcon.colcon_core.environment:checking '/home/sithija/spectrobot_ws/install/spectrobot_controller/bin'
[1.943s] INFO:colcon.colcon_core.shell:Creating package script '/home/sithija/spectrobot_ws/install/spectrobot_controller/share/spectrobot_controller/package.ps1'
[1.943s] INFO:colcon.colcon_core.shell:Creating package descriptor '/home/sithija/spectrobot_ws/install/spectrobot_controller/share/spectrobot_controller/package.dsv'
[1.944s] INFO:colcon.colcon_core.shell:Creating package script '/home/sithija/spectrobot_ws/install/spectrobot_controller/share/spectrobot_controller/package.sh'
[1.944s] INFO:colcon.colcon_core.shell:Creating package script '/home/sithija/spectrobot_ws/install/spectrobot_controller/share/spectrobot_controller/package.bash'
[1.944s] INFO:colcon.colcon_core.shell:Creating package script '/home/sithija/spectrobot_ws/install/spectrobot_controller/share/spectrobot_controller/package.zsh'
[1.945s] Level 1:colcon.colcon_core.environment:create_file_with_runtime_dependencies(/home/sithija/spectrobot_ws/install/spectrobot_controller/share/colcon-core/packages/spectrobot_controller)
[1.945s] INFO:colcon.colcon_ros.task.ament_cmake.build:Building ROS package in '/home/sithija/spectrobot_ws/src/robot_description' with build type 'ament_cmake'
[1.945s] INFO:colcon.colcon_cmake.task.cmake.build:Building CMake package in '/home/sithija/spectrobot_ws/src/robot_description'
[1.961s] INFO:colcon.colcon_core.shell:Skip shell extension 'powershell' for command environment: Not usable outside of PowerShell
[1.961s] DEBUG:colcon.colcon_core.shell:Skip shell extension 'dsv' for command environment
[2.078s] DEBUG:colcon.colcon_core.event_handler.log_command:Invoking command in '/home/sithija/spectrobot_ws/build/robot_description': AMENT_PREFIX_PATH=/home/sithija/spectrobot_ws/install/spectrobot_controller:${AMENT_PREFIX_PATH} CMAKE_PREFIX_PATH=/home/sithija/spectrobot_ws/install/spectrobot_controller:/home/sithija/spectrobot_ws/install/robot_description:/home/sithija/spectrobot_ws/install/base_controller:/home/sithija/ros2_ws/install/turtlesim:/home/sithija/ros2_ws/install/tb3_sim:/home/sithija/ros2_ws/install/ssugv_control:/home/sithija/ros2_ws/install/fleet_publisher:/home/sithija/ros2_ws/install/slam_toolbox:/home/sithija/ros2_ws/install/pulse_monitor:/home/sithija/ros2_ws/install/nodes:/home/sithija/ros2_ws/install/my_package:/home/sithija/ros2_ws/install/cpp_test:/home/sithija/ros2_ws/install/cpp_pubsub:/home/sithija/simulation_ws/install/tb3_sim:/home/sithija/simulation_ws/install/ssugv_navigation:/home/sithija/simulation_ws/install/ssugv_msgs:/home/sithija/simulation_ws/install/ssugv_gazebo:/home/sithija/simulation_ws/install/ssugv_bringup:/home/sithija/simulation_ws/install/ssugv_description:/home/sithija/simulation_ws/install/ssugv_control:/home/sithija/simulation_ws/install/slam_toolbox:/home/sithija/simulation_ws/install/serial:/home/sithija/simulation_ws/install/exploration:/home/sithija/simulation_ws/install/collision_handler:/home/sithija/ros2_ws/install/my_robot_controller:/home/sithija/ros2_ws/install/fleet_subscriber:/home/sithija/ros2_ws/install/fleet_base:/home/sithija/ros2_ws/install/recovery_pulse_test:/home/sithija/ros2_ws/install/recovery_pathfinder:/home/sithija/ros2_ws/install/recoveryPathFinder:/home/sithija/ros2_ws/install/py_pubsub:/home/sithija/ros2_ws/install/obstacle_detector:/home/sithija/ros2_ws/install/first_bot:/home/sithija/ros2_ws/install/explore:/home/sithija/custombot_ws/install/robot_model_pkg:/home/sithija/custombot_ws/install/explore:/home/sithija/cambot_ws/install/navcontrol:/home/sithija/simulation_ws/install/us_handler:/home/sithija/simulation_ws/install/recovery_pulse_test:/home/sithija/simulation_ws/install/recovery_pathfinder:/home/sithija/simulation_ws/install/rate_converter:/home/sithija/simulation_ws/install/obstacle_detector:/opt/ros/humble /usr/bin/cmake --build /home/sithija/spectrobot_ws/build/robot_description -- -j16 -l16
[2.539s] DEBUG:colcon.colcon_core.event_handler.log_command:Invoked command in '/home/sithija/spectrobot_ws/build/robot_description' returned '0': AMENT_PREFIX_PATH=/home/sithija/spectrobot_ws/install/spectrobot_controller:${AMENT_PREFIX_PATH} CMAKE_PREFIX_PATH=/home/sithija/spectrobot_ws/install/spectrobot_controller:/home/sithija/spectrobot_ws/install/robot_description:/home/sithija/spectrobot_ws/install/base_controller:/home/sithija/ros2_ws/install/turtlesim:/home/sithija/ros2_ws/install/tb3_sim:/home/sithija/ros2_ws/install/ssugv_control:/home/sithija/ros2_ws/install/fleet_publisher:/home/sithija/ros2_ws/install/slam_toolbox:/home/sithija/ros2_ws/install/pulse_monitor:/home/sithija/ros2_ws/install/nodes:/home/sithija/ros2_ws/install/my_package:/home/sithija/ros2_ws/install/cpp_test:/home/sithija/ros2_ws/install/cpp_pubsub:/home/sithija/simulation_ws/install/tb3_sim:/home/sithija/simulation_ws/install/ssugv_navigation:/home/sithija/simulation_ws/install/ssugv_msgs:/home/sithija/simulation_ws/install/ssugv_gazebo:/home/sithija/simulation_ws/install/ssugv_bringup:/home/sithija/simulation_ws/install/ssugv_description:/home/sithija/simulation_ws/install/ssugv_control:/home/sithija/simulation_ws/install/slam_toolbox:/home/sithija/simulation_ws/install/serial:/home/sithija/simulation_ws/install/exploration:/home/sithija/simulation_ws/install/collision_handler:/home/sithija/ros2_ws/install/my_robot_controller:/home/sithija/ros2_ws/install/fleet_subscriber:/home/sithija/ros2_ws/install/fleet_base:/home/sithija/ros2_ws/install/recovery_pulse_test:/home/sithija/ros2_ws/install/recovery_pathfinder:/home/sithija/ros2_ws/install/recoveryPathFinder:/home/sithija/ros2_ws/install/py_pubsub:/home/sithija/ros2_ws/install/obstacle_detector:/home/sithija/ros2_ws/install/first_bot:/home/sithija/ros2_ws/install/explore:/home/sithija/custombot_ws/install/robot_model_pkg:/home/sithija/custombot_ws/install/explore:/home/sithija/cambot_ws/install/navcontrol:/home/sithija/simulation_ws/install/us_handler:/home/sithija/simulation_ws/install/recovery_pulse_test:/home/sithija/simulation_ws/install/recovery_pathfinder:/home/sithija/simulation_ws/install/rate_converter:/home/sithija/simulation_ws/install/obstacle_detector:/opt/ros/humble /usr/bin/cmake --build /home/sithija/spectrobot_ws/build/robot_description -- -j16 -l16
[2.601s] DEBUG:colcon.colcon_core.event_handler.log_command:Invoking command in '/home/sithija/spectrobot_ws/build/robot_description': AMENT_PREFIX_PATH=/home/sithija/spectrobot_ws/install/spectrobot_controller:${AMENT_PREFIX_PATH} CMAKE_PREFIX_PATH=/home/sithija/spectrobot_ws/install/spectrobot_controller:/home/sithija/spectrobot_ws/install/robot_description:/home/sithija/spectrobot_ws/install/base_controller:/home/sithija/ros2_ws/install/turtlesim:/home/sithija/ros2_ws/install/tb3_sim:/home/sithija/ros2_ws/install/ssugv_control:/home/sithija/ros2_ws/install/fleet_publisher:/home/sithija/ros2_ws/install/slam_toolbox:/home/sithija/ros2_ws/install/pulse_monitor:/home/sithija/ros2_ws/install/nodes:/home/sithija/ros2_ws/install/my_package:/home/sithija/ros2_ws/install/cpp_test:/home/sithija/ros2_ws/install/cpp_pubsub:/home/sithija/simulation_ws/install/tb3_sim:/home/sithija/simulation_ws/install/ssugv_navigation:/home/sithija/simulation_ws/install/ssugv_msgs:/home/sithija/simulation_ws/install/ssugv_gazebo:/home/sithija/simulation_ws/install/ssugv_bringup:/home/sithija/simulation_ws/install/ssugv_description:/home/sithija/simulation_ws/install/ssugv_control:/home/sithija/simulation_ws/install/slam_toolbox:/home/sithija/simulation_ws/install/serial:/home/sithija/simulation_ws/install/exploration:/home/sithija/simulation_ws/install/collision_handler:/home/sithija/ros2_ws/install/my_robot_controller:/home/sithija/ros2_ws/install/fleet_subscriber:/home/sithija/ros2_ws/install/fleet_base:/home/sithija/ros2_ws/install/recovery_pulse_test:/home/sithija/ros2_ws/install/recovery_pathfinder:/home/sithija/ros2_ws/install/recoveryPathFinder:/home/sithija/ros2_ws/install/py_pubsub:/home/sithija/ros2_ws/install/obstacle_detector:/home/sithija/ros2_ws/install/first_bot:/home/sithija/ros2_ws/install/explore:/home/sithija/custombot_ws/install/robot_model_pkg:/home/sithija/custombot_ws/install/explore:/home/sithija/cambot_ws/install/navcontrol:/home/sithija/simulation_ws/install/us_handler:/home/sithija/simulation_ws/install/recovery_pulse_test:/home/sithija/simulation_ws/install/recovery_pathfinder:/home/sithija/simulation_ws/install/rate_converter:/home/sithija/simulation_ws/install/obstacle_detector:/opt/ros/humble /usr/bin/cmake --install /home/sithija/spectrobot_ws/build/robot_description
[2.666s] Level 1:colcon.colcon_core.environment:create_environment_scripts_only(robot_description)
[2.667s] DEBUG:colcon.colcon_core.event_handler.log_command:Invoked command in '/home/sithija/spectrobot_ws/build/robot_description' returned '0': AMENT_PREFIX_PATH=/home/sithija/spectrobot_ws/install/spectrobot_controller:${AMENT_PREFIX_PATH} CMAKE_PREFIX_PATH=/home/sithija/spectrobot_ws/install/spectrobot_controller:/home/sithija/spectrobot_ws/install/robot_description:/home/sithija/spectrobot_ws/install/base_controller:/home/sithija/ros2_ws/install/turtlesim:/home/sithija/ros2_ws/install/tb3_sim:/home/sithija/ros2_ws/install/ssugv_control:/home/sithija/ros2_ws/install/fleet_publisher:/home/sithija/ros2_ws/install/slam_toolbox:/home/sithija/ros2_ws/install/pulse_monitor:/home/sithija/ros2_ws/install/nodes:/home/sithija/ros2_ws/install/my_package:/home/sithija/ros2_ws/install/cpp_test:/home/sithija/ros2_ws/install/cpp_pubsub:/home/sithija/simulation_ws/install/tb3_sim:/home/sithija/simulation_ws/install/ssugv_navigation:/home/sithija/simulation_ws/install/ssugv_msgs:/home/sithija/simulation_ws/install/ssugv_gazebo:/home/sithija/simulation_ws/install/ssugv_bringup:/home/sithija/simulation_ws/install/ssugv_description:/home/sithija/simulation_ws/install/ssugv_control:/home/sithija/simulation_ws/install/slam_toolbox:/home/sithija/simulation_ws/install/serial:/home/sithija/simulation_ws/install/exploration:/home/sithija/simulation_ws/install/collision_handler:/home/sithija/ros2_ws/install/my_robot_controller:/home/sithija/ros2_ws/install/fleet_subscriber:/home/sithija/ros2_ws/install/fleet_base:/home/sithija/ros2_ws/install/recovery_pulse_test:/home/sithija/ros2_ws/install/recovery_pathfinder:/home/sithija/ros2_ws/install/recoveryPathFinder:/home/sithija/ros2_ws/install/py_pubsub:/home/sithija/ros2_ws/install/obstacle_detector:/home/sithija/ros2_ws/install/first_bot:/home/sithija/ros2_ws/install/explore:/home/sithija/custombot_ws/install/robot_model_pkg:/home/sithija/custombot_ws/install/explore:/home/sithija/cambot_ws/install/navcontrol:/home/sithija/simulation_ws/install/us_handler:/home/sithija/simulation_ws/install/recovery_pulse_test:/home/sithija/simulation_ws/install/recovery_pathfinder:/home/sithija/simulation_ws/install/rate_converter:/home/sithija/simulation_ws/install/obstacle_detector:/opt/ros/humble /usr/bin/cmake --install /home/sithija/spectrobot_ws/build/robot_description
[2.682s] Level 1:colcon.colcon_core.environment:checking '/home/sithija/spectrobot_ws/install/robot_description' for CMake module files
[2.682s] Level 1:colcon.colcon_core.environment:checking '/home/sithija/spectrobot_ws/install/robot_description' for CMake config files
[2.683s] Level 1:colcon.colcon_core.shell:create_environment_hook('robot_description', 'cmake_prefix_path')
[2.698s] INFO:colcon.colcon_core.shell:Creating environment hook '/home/sithija/spectrobot_ws/install/robot_description/share/robot_description/hook/cmake_prefix_path.ps1'
[2.698s] INFO:colcon.colcon_core.shell:Creating environment descriptor '/home/sithija/spectrobot_ws/install/robot_description/share/robot_description/hook/cmake_prefix_path.dsv'
[2.698s] INFO:colcon.colcon_core.shell:Creating environment hook '/home/sithija/spectrobot_ws/install/robot_description/share/robot_description/hook/cmake_prefix_path.sh'
[2.699s] Level 1:colcon.colcon_core.environment:checking '/home/sithija/spectrobot_ws/install/robot_description/bin'
[2.699s] Level 1:colcon.colcon_core.environment:checking '/home/sithija/spectrobot_ws/install/robot_description/lib/pkgconfig/robot_description.pc'
[2.699s] Level 1:colcon.colcon_core.environment:checking '/home/sithija/spectrobot_ws/install/robot_description/lib/python3.10/site-packages'
[2.699s] Level 1:colcon.colcon_core.environment:checking '/home/sithija/spectrobot_ws/install/robot_description/bin'
[2.714s] INFO:colcon.colcon_core.shell:Creating package script '/home/sithija/spectrobot_ws/install/robot_description/share/robot_description/package.ps1'
[2.715s] INFO:colcon.colcon_core.shell:Creating package descriptor '/home/sithija/spectrobot_ws/install/robot_description/share/robot_description/package.dsv'
[2.715s] INFO:colcon.colcon_core.shell:Creating package script '/home/sithija/spectrobot_ws/install/robot_description/share/robot_description/package.sh'
[2.715s] INFO:colcon.colcon_core.shell:Creating package script '/home/sithija/spectrobot_ws/install/robot_description/share/robot_description/package.bash'
[2.716s] INFO:colcon.colcon_core.shell:Creating package script '/home/sithija/spectrobot_ws/install/robot_description/share/robot_description/package.zsh'
[2.716s] Level 1:colcon.colcon_core.environment:create_file_with_runtime_dependencies(/home/sithija/spectrobot_ws/install/robot_description/share/colcon-core/packages/robot_description)
[2.790s] Level 1:colcon.colcon_core.environment:create_environment_scripts_only(robot_description)
[2.804s] Level 1:colcon.colcon_core.environment:checking '/home/sithija/spectrobot_ws/install/robot_description' for CMake module files
[2.805s] Level 1:colcon.colcon_core.environment:checking '/home/sithija/spectrobot_ws/install/robot_description' for CMake config files
[2.805s] Level 1:colcon.colcon_core.shell:create_environment_hook('robot_description', 'cmake_prefix_path')
[2.819s] INFO:colcon.colcon_core.shell:Creating environment hook '/home/sithija/spectrobot_ws/install/robot_description/share/robot_description/hook/cmake_prefix_path.ps1'
[2.819s] INFO:colcon.colcon_core.shell:Creating environment descriptor '/home/sithija/spectrobot_ws/install/robot_description/share/robot_description/hook/cmake_prefix_path.dsv'
[2.820s] INFO:colcon.colcon_core.shell:Creating environment hook '/home/sithija/spectrobot_ws/install/robot_description/share/robot_description/hook/cmake_prefix_path.sh'
[2.820s] Level 1:colcon.colcon_core.environment:checking '/home/sithija/spectrobot_ws/install/robot_description/bin'
[2.820s] Level 1:colcon.colcon_core.environment:checking '/home/sithija/spectrobot_ws/install/robot_description/lib/pkgconfig/robot_description.pc'
[2.820s] Level 1:colcon.colcon_core.environment:checking '/home/sithija/spectrobot_ws/install/robot_description/lib/python3.10/site-packages'
[2.820s] Level 1:colcon.colcon_core.environment:checking '/home/sithija/spectrobot_ws/install/robot_description/bin'
[2.835s] INFO:colcon.colcon_core.shell:Creating package script '/home/sithija/spectrobot_ws/install/robot_description/share/robot_description/package.ps1'
[2.835s] INFO:colcon.colcon_core.shell:Creating package descriptor '/home/sithija/spectrobot_ws/install/robot_description/share/robot_description/package.dsv'
[2.835s] INFO:colcon.colcon_core.shell:Creating package script '/home/sithija/spectrobot_ws/install/robot_description/share/robot_description/package.sh'
[2.836s] INFO:colcon.colcon_core.shell:Creating package script '/home/sithija/spectrobot_ws/install/robot_description/share/robot_description/package.bash'
[2.836s] INFO:colcon.colcon_core.shell:Creating package script '/home/sithija/spectrobot_ws/install/robot_description/share/robot_description/package.zsh'
[2.836s] Level 1:colcon.colcon_core.environment:create_file_with_runtime_dependencies(/home/sithija/spectrobot_ws/install/robot_description/share/colcon-core/packages/robot_description)
[2.837s] DEBUG:colcon.colcon_parallel_executor.executor.parallel:closing loop
[2.837s] DEBUG:colcon.colcon_parallel_executor.executor.parallel:loop closed
[2.837s] DEBUG:colcon.colcon_parallel_executor.executor.parallel:run_until_complete finished with '0'
[2.837s] DEBUG:colcon.colcon_core.event_reactor:joining thread
[2.888s] INFO:colcon.colcon_core.plugin_system:Skipping extension 'colcon_notification.desktop_notification.terminal_notifier': Not used on non-Darwin systems
[2.888s] INFO:colcon.colcon_core.plugin_system:Skipping extension 'colcon_notification.desktop_notification.win32': Not used on non-Windows systems
[2.888s] INFO:colcon.colcon_notification.desktop_notification:Sending desktop notification using 'notify2'
[2.912s] DEBUG:colcon.colcon_core.event_reactor:joined thread
[2.949s] INFO:colcon.colcon_core.shell:Creating prefix script '/home/sithija/spectrobot_ws/install/local_setup.ps1'
[2.950s] INFO:colcon.colcon_core.shell:Creating prefix util module '/home/sithija/spectrobot_ws/install/_local_setup_util_ps1.py'
[2.953s] INFO:colcon.colcon_core.shell:Creating prefix chain script '/home/sithija/spectrobot_ws/install/setup.ps1'
[2.989s] INFO:colcon.colcon_core.shell:Creating prefix script '/home/sithija/spectrobot_ws/install/local_setup.sh'
[2.989s] INFO:colcon.colcon_core.shell:Creating prefix util module '/home/sithija/spectrobot_ws/install/_local_setup_util_sh.py'
[2.990s] INFO:colcon.colcon_core.shell:Creating prefix chain script '/home/sithija/spectrobot_ws/install/setup.sh'
[3.006s] INFO:colcon.colcon_core.shell:Creating prefix script '/home/sithija/spectrobot_ws/install/local_setup.bash'
[3.006s] INFO:colcon.colcon_core.shell:Creating prefix chain script '/home/sithija/spectrobot_ws/install/setup.bash'
[3.022s] INFO:colcon.colcon_core.shell:Creating prefix script '/home/sithija/spectrobot_ws/install/local_setup.zsh'
[3.023s] INFO:colcon.colcon_core.shell:Creating prefix chain script '/home/sithija/spectrobot_ws/install/setup.zsh'
