[0.132s] Invoking command in '/home/sithija/spectrobot_ws/build/spectrobot_controller': CMAKE_PREFIX_PATH=${CMAKE_PREFIX_PATH}:/home/sithija/ros2_ws/install/my_robot_controller:/home/sithija/ros2_ws/install/fleet_subscriber:/home/sithija/ros2_ws/install/fleet_base:/home/sithija/ros2_ws/install/recovery_pulse_test:/home/sithija/ros2_ws/install/recovery_pathfinder:/home/sithija/ros2_ws/install/recoveryPathFinder:/home/sithija/ros2_ws/install/py_pubsub:/home/sithija/ros2_ws/install/obstacle_detector:/home/sithija/ros2_ws/install/first_bot:/home/sithija/ros2_ws/install/explore:/home/sithija/custombot_ws/install/robot_model_pkg:/home/sithija/custombot_ws/install/explore:/home/sithija/cambot_ws/install/navcontrol:/home/sithija/simulation_ws/install/us_handler:/home/sithija/simulation_ws/install/recovery_pulse_test:/home/sithija/simulation_ws/install/recovery_pathfinder:/home/sithija/simulation_ws/install/rate_converter:/home/sithija/simulation_ws/install/obstacle_detector:/opt/ros/humble /usr/bin/cmake --build /home/sithija/spectrobot_ws/build/spectrobot_controller -- -j16 -l16
[0.195s] [35m[1mConsolidate compiler generated dependencies of target simple_controller[0m
[0.232s] [ 50%] [32mBuilding CXX object CMakeFiles/simple_controller.dir/src/simple_controller.cpp.o[0m
[7.320s] [100%] [32m[1mLinking CXX executable simple_controller[0m
[7.807s] [100%] Built target simple_controller
[7.836s] Invoked command in '/home/sithija/spectrobot_ws/build/spectrobot_controller' returned '0': CMAKE_PREFIX_PATH=${CMAKE_PREFIX_PATH}:/home/sithija/ros2_ws/install/my_robot_controller:/home/sithija/ros2_ws/install/fleet_subscriber:/home/sithija/ros2_ws/install/fleet_base:/home/sithija/ros2_ws/install/recovery_pulse_test:/home/sithija/ros2_ws/install/recovery_pathfinder:/home/sithija/ros2_ws/install/recoveryPathFinder:/home/sithija/ros2_ws/install/py_pubsub:/home/sithija/ros2_ws/install/obstacle_detector:/home/sithija/ros2_ws/install/first_bot:/home/sithija/ros2_ws/install/explore:/home/sithija/custombot_ws/install/robot_model_pkg:/home/sithija/custombot_ws/install/explore:/home/sithija/cambot_ws/install/navcontrol:/home/sithija/simulation_ws/install/us_handler:/home/sithija/simulation_ws/install/recovery_pulse_test:/home/sithija/simulation_ws/install/recovery_pathfinder:/home/sithija/simulation_ws/install/rate_converter:/home/sithija/simulation_ws/install/obstacle_detector:/opt/ros/humble /usr/bin/cmake --build /home/sithija/spectrobot_ws/build/spectrobot_controller -- -j16 -l16
[7.901s] Invoking command in '/home/sithija/spectrobot_ws/build/spectrobot_controller': CMAKE_PREFIX_PATH=${CMAKE_PREFIX_PATH}:/home/sithija/ros2_ws/install/my_robot_controller:/home/sithija/ros2_ws/install/fleet_subscriber:/home/sithija/ros2_ws/install/fleet_base:/home/sithija/ros2_ws/install/recovery_pulse_test:/home/sithija/ros2_ws/install/recovery_pathfinder:/home/sithija/ros2_ws/install/recoveryPathFinder:/home/sithija/ros2_ws/install/py_pubsub:/home/sithija/ros2_ws/install/obstacle_detector:/home/sithija/ros2_ws/install/first_bot:/home/sithija/ros2_ws/install/explore:/home/sithija/custombot_ws/install/robot_model_pkg:/home/sithija/custombot_ws/install/explore:/home/sithija/cambot_ws/install/navcontrol:/home/sithija/simulation_ws/install/us_handler:/home/sithija/simulation_ws/install/recovery_pulse_test:/home/sithija/simulation_ws/install/recovery_pathfinder:/home/sithija/simulation_ws/install/rate_converter:/home/sithija/simulation_ws/install/obstacle_detector:/opt/ros/humble /usr/bin/cmake --install /home/sithija/spectrobot_ws/build/spectrobot_controller
[7.909s] -- Install configuration: ""
[7.909s] -- Execute custom install script
[7.910s] -- Symlinking: /home/sithija/spectrobot_ws/install/spectrobot_controller/include/include/spectrobot_controller/simple_controller.hpp
[7.930s] -- Symlinking: /home/sithija/spectrobot_ws/install/spectrobot_controller/lib/spectrobot_controller/simple_controller
[7.945s] -- Up-to-date symlink: /home/sithija/spectrobot_ws/install/spectrobot_controller/share/spectrobot_controller/config/spectrobot_controllers.yaml
[7.945s] -- Up-to-date symlink: /home/sithija/spectrobot_ws/install/spectrobot_controller/share/spectrobot_controller/launch/controller.launch.py
[7.945s] -- Up-to-date symlink: /home/sithija/spectrobot_ws/install/spectrobot_controller/share/ament_index/resource_index/package_run_dependencies/spectrobot_controller
[7.946s] -- Up-to-date symlink: /home/sithija/spectrobot_ws/install/spectrobot_controller/share/ament_index/resource_index/parent_prefix_path/spectrobot_controller
[7.946s] -- Up-to-date symlink: /home/sithija/spectrobot_ws/install/spectrobot_controller/share/spectrobot_controller/environment/ament_prefix_path.sh
[7.946s] -- Up-to-date symlink: /home/sithija/spectrobot_ws/install/spectrobot_controller/share/spectrobot_controller/environment/ament_prefix_path.dsv
[7.946s] -- Up-to-date symlink: /home/sithija/spectrobot_ws/install/spectrobot_controller/share/spectrobot_controller/environment/path.sh
[7.946s] -- Up-to-date symlink: /home/sithija/spectrobot_ws/install/spectrobot_controller/share/spectrobot_controller/environment/path.dsv
[7.946s] -- Up-to-date symlink: /home/sithija/spectrobot_ws/install/spectrobot_controller/share/spectrobot_controller/local_setup.bash
[7.946s] -- Up-to-date symlink: /home/sithija/spectrobot_ws/install/spectrobot_controller/share/spectrobot_controller/local_setup.sh
[7.947s] -- Up-to-date symlink: /home/sithija/spectrobot_ws/install/spectrobot_controller/share/spectrobot_controller/local_setup.zsh
[7.947s] -- Up-to-date symlink: /home/sithija/spectrobot_ws/install/spectrobot_controller/share/spectrobot_controller/local_setup.dsv
[7.947s] -- Symlinking: /home/sithija/spectrobot_ws/install/spectrobot_controller/share/spectrobot_controller/package.dsv
[7.967s] -- Up-to-date symlink: /home/sithija/spectrobot_ws/install/spectrobot_controller/share/ament_index/resource_index/packages/spectrobot_controller
[7.967s] -- Up-to-date symlink: /home/sithija/spectrobot_ws/install/spectrobot_controller/share/spectrobot_controller/cmake/spectrobot_controllerConfig.cmake
[7.967s] -- Up-to-date symlink: /home/sithija/spectrobot_ws/install/spectrobot_controller/share/spectrobot_controller/cmake/spectrobot_controllerConfig-version.cmake
[7.968s] -- Up-to-date symlink: /home/sithija/spectrobot_ws/install/spectrobot_controller/share/spectrobot_controller/package.xml
[7.972s] Invoked command in '/home/sithija/spectrobot_ws/build/spectrobot_controller' returned '0': CMAKE_PREFIX_PATH=${CMAKE_PREFIX_PATH}:/home/sithija/ros2_ws/install/my_robot_controller:/home/sithija/ros2_ws/install/fleet_subscriber:/home/sithija/ros2_ws/install/fleet_base:/home/sithija/ros2_ws/install/recovery_pulse_test:/home/sithija/ros2_ws/install/recovery_pathfinder:/home/sithija/ros2_ws/install/recoveryPathFinder:/home/sithija/ros2_ws/install/py_pubsub:/home/sithija/ros2_ws/install/obstacle_detector:/home/sithija/ros2_ws/install/first_bot:/home/sithija/ros2_ws/install/explore:/home/sithija/custombot_ws/install/robot_model_pkg:/home/sithija/custombot_ws/install/explore:/home/sithija/cambot_ws/install/navcontrol:/home/sithija/simulation_ws/install/us_handler:/home/sithija/simulation_ws/install/recovery_pulse_test:/home/sithija/simulation_ws/install/recovery_pathfinder:/home/sithija/simulation_ws/install/rate_converter:/home/sithija/simulation_ws/install/obstacle_detector:/opt/ros/humble /usr/bin/cmake --install /home/sithija/spectrobot_ws/build/spectrobot_controller
