-- Found ament_cmake: 1.3.6 (/opt/ros/humble/share/ament_cmake/cmake)
-- Override CMake install command with custom implementation using symlinks instead of copying resources
-- Found ament_lint_auto: 0.12.9 (/opt/ros/humble/share/ament_lint_auto/cmake)
-- Added test 'flake8' to check Python code syntax and style conventions
-- Added test 'lint_cmake' to check CMake code style
-- Added test 'pep257' to check Python code against some of the docstring style conventions in PEP 257
-- Added test 'xmllint' to check XML markup files
-- Configuring done
-- Generating done
-- Build files have been written to: /home/sithija/spectrobot_ws/build/spectrobot_controller
-- Install configuration: ""
-- Execute custom install script
-- Up-to-date symlink: /home/sithija/spectrobot_ws/install/spectrobot_controller/share/spectrobot_controller/config/spectrobot_controllers.yaml
-- Symlinking: /home/sithija/spectrobot_ws/install/spectrobot_controller/share/spectrobot_controller/launch/controller.launch.py
-- Up-to-date symlink: /home/sithija/spectrobot_ws/install/spectrobot_controller/share/ament_index/resource_index/package_run_dependencies/spectrobot_controller
-- Up-to-date symlink: /home/sithija/spectrobot_ws/install/spectrobot_controller/share/ament_index/resource_index/parent_prefix_path/spectrobot_controller
-- Up-to-date symlink: /home/sithija/spectrobot_ws/install/spectrobot_controller/share/spectrobot_controller/environment/ament_prefix_path.sh
-- Up-to-date symlink: /home/sithija/spectrobot_ws/install/spectrobot_controller/share/spectrobot_controller/environment/ament_prefix_path.dsv
-- Up-to-date symlink: /home/sithija/spectrobot_ws/install/spectrobot_controller/share/spectrobot_controller/environment/path.sh
-- Up-to-date symlink: /home/sithija/spectrobot_ws/install/spectrobot_controller/share/spectrobot_controller/environment/path.dsv
-- Up-to-date symlink: /home/sithija/spectrobot_ws/install/spectrobot_controller/share/spectrobot_controller/local_setup.bash
-- Up-to-date symlink: /home/sithija/spectrobot_ws/install/spectrobot_controller/share/spectrobot_controller/local_setup.sh
-- Up-to-date symlink: /home/sithija/spectrobot_ws/install/spectrobot_controller/share/spectrobot_controller/local_setup.zsh
-- Up-to-date symlink: /home/sithija/spectrobot_ws/install/spectrobot_controller/share/spectrobot_controller/local_setup.dsv
-- Symlinking: /home/sithija/spectrobot_ws/install/spectrobot_controller/share/spectrobot_controller/package.dsv
-- Up-to-date symlink: /home/sithija/spectrobot_ws/install/spectrobot_controller/share/ament_index/resource_index/packages/spectrobot_controller
-- Up-to-date symlink: /home/sithija/spectrobot_ws/install/spectrobot_controller/share/spectrobot_controller/cmake/spectrobot_controllerConfig.cmake
-- Up-to-date symlink: /home/sithija/spectrobot_ws/install/spectrobot_controller/share/spectrobot_controller/cmake/spectrobot_controllerConfig-version.cmake
-- Up-to-date symlink: /home/sithija/spectrobot_ws/install/spectrobot_controller/share/spectrobot_controller/package.xml
