[0.146s] Invoking command in '/home/sithija/spectrobot_ws/build/spectrobot_controller': CMAKE_PREFIX_PATH=${CMAKE_PREFIX_PATH}:/home/sithija/ros2_ws/install/my_robot_controller:/home/sithija/ros2_ws/install/fleet_subscriber:/home/sithija/ros2_ws/install/fleet_base:/home/sithija/ros2_ws/install/recovery_pulse_test:/home/sithija/ros2_ws/install/recovery_pathfinder:/home/sithija/ros2_ws/install/recoveryPathFinder:/home/sithija/ros2_ws/install/py_pubsub:/home/sithija/ros2_ws/install/obstacle_detector:/home/sithija/ros2_ws/install/first_bot:/home/sithija/ros2_ws/install/explore:/home/sithija/custombot_ws/install/robot_model_pkg:/home/sithija/custombot_ws/install/explore:/home/sithija/cambot_ws/install/navcontrol:/home/sithija/simulation_ws/install/us_handler:/home/sithija/simulation_ws/install/recovery_pulse_test:/home/sithija/simulation_ws/install/recovery_pathfinder:/home/sithija/simulation_ws/install/rate_converter:/home/sithija/simulation_ws/install/obstacle_detector:/opt/ros/humble /usr/bin/cmake --build /home/sithija/spectrobot_ws/build/spectrobot_controller -- -j16 -l16
[0.214s] -- Found ament_cmake: 1.3.6 (/opt/ros/humble/share/ament_cmake/cmake)
[0.493s] -- Override CMake install command with custom implementation using symlinks instead of copying resources
[0.511s] -- Found ament_lint_auto: 0.12.9 (/opt/ros/humble/share/ament_lint_auto/cmake)
[0.630s] -- Added test 'flake8' to check Python code syntax and style conventions
[0.632s] -- Added test 'lint_cmake' to check CMake code style
[0.633s] -- Added test 'pep257' to check Python code against some of the docstring style conventions in PEP 257
[0.635s] -- Added test 'xmllint' to check XML markup files
[0.636s] -- Configuring done
[0.641s] -- Generating done
[0.642s] -- Build files have been written to: /home/sithija/spectrobot_ws/build/spectrobot_controller
[0.669s] Invoked command in '/home/sithija/spectrobot_ws/build/spectrobot_controller' returned '0': CMAKE_PREFIX_PATH=${CMAKE_PREFIX_PATH}:/home/sithija/ros2_ws/install/my_robot_controller:/home/sithija/ros2_ws/install/fleet_subscriber:/home/sithija/ros2_ws/install/fleet_base:/home/sithija/ros2_ws/install/recovery_pulse_test:/home/sithija/ros2_ws/install/recovery_pathfinder:/home/sithija/ros2_ws/install/recoveryPathFinder:/home/sithija/ros2_ws/install/py_pubsub:/home/sithija/ros2_ws/install/obstacle_detector:/home/sithija/ros2_ws/install/first_bot:/home/sithija/ros2_ws/install/explore:/home/sithija/custombot_ws/install/robot_model_pkg:/home/sithija/custombot_ws/install/explore:/home/sithija/cambot_ws/install/navcontrol:/home/sithija/simulation_ws/install/us_handler:/home/sithija/simulation_ws/install/recovery_pulse_test:/home/sithija/simulation_ws/install/recovery_pathfinder:/home/sithija/simulation_ws/install/rate_converter:/home/sithija/simulation_ws/install/obstacle_detector:/opt/ros/humble /usr/bin/cmake --build /home/sithija/spectrobot_ws/build/spectrobot_controller -- -j16 -l16
[0.735s] Invoking command in '/home/sithija/spectrobot_ws/build/spectrobot_controller': CMAKE_PREFIX_PATH=${CMAKE_PREFIX_PATH}:/home/sithija/ros2_ws/install/my_robot_controller:/home/sithija/ros2_ws/install/fleet_subscriber:/home/sithija/ros2_ws/install/fleet_base:/home/sithija/ros2_ws/install/recovery_pulse_test:/home/sithija/ros2_ws/install/recovery_pathfinder:/home/sithija/ros2_ws/install/recoveryPathFinder:/home/sithija/ros2_ws/install/py_pubsub:/home/sithija/ros2_ws/install/obstacle_detector:/home/sithija/ros2_ws/install/first_bot:/home/sithija/ros2_ws/install/explore:/home/sithija/custombot_ws/install/robot_model_pkg:/home/sithija/custombot_ws/install/explore:/home/sithija/cambot_ws/install/navcontrol:/home/sithija/simulation_ws/install/us_handler:/home/sithija/simulation_ws/install/recovery_pulse_test:/home/sithija/simulation_ws/install/recovery_pathfinder:/home/sithija/simulation_ws/install/rate_converter:/home/sithija/simulation_ws/install/obstacle_detector:/opt/ros/humble /usr/bin/cmake --install /home/sithija/spectrobot_ws/build/spectrobot_controller
[0.743s] -- Install configuration: ""
[0.743s] -- Execute custom install script
[0.744s] -- Up-to-date symlink: /home/sithija/spectrobot_ws/install/spectrobot_controller/share/spectrobot_controller/config/spectrobot_controllers.yaml
[0.744s] -- Symlinking: /home/sithija/spectrobot_ws/install/spectrobot_controller/share/spectrobot_controller/launch/controller.launch.py
[0.758s] -- Up-to-date symlink: /home/sithija/spectrobot_ws/install/spectrobot_controller/share/ament_index/resource_index/package_run_dependencies/spectrobot_controller
[0.758s] -- Up-to-date symlink: /home/sithija/spectrobot_ws/install/spectrobot_controller/share/ament_index/resource_index/parent_prefix_path/spectrobot_controller
[0.758s] -- Up-to-date symlink: /home/sithija/spectrobot_ws/install/spectrobot_controller/share/spectrobot_controller/environment/ament_prefix_path.sh
[0.758s] -- Up-to-date symlink: /home/sithija/spectrobot_ws/install/spectrobot_controller/share/spectrobot_controller/environment/ament_prefix_path.dsv
[0.758s] -- Up-to-date symlink: /home/sithija/spectrobot_ws/install/spectrobot_controller/share/spectrobot_controller/environment/path.sh
[0.758s] -- Up-to-date symlink: /home/sithija/spectrobot_ws/install/spectrobot_controller/share/spectrobot_controller/environment/path.dsv
[0.758s] -- Up-to-date symlink: /home/sithija/spectrobot_ws/install/spectrobot_controller/share/spectrobot_controller/local_setup.bash
[0.758s] -- Up-to-date symlink: /home/sithija/spectrobot_ws/install/spectrobot_controller/share/spectrobot_controller/local_setup.sh
[0.758s] -- Up-to-date symlink: /home/sithija/spectrobot_ws/install/spectrobot_controller/share/spectrobot_controller/local_setup.zsh
[0.758s] -- Up-to-date symlink: /home/sithija/spectrobot_ws/install/spectrobot_controller/share/spectrobot_controller/local_setup.dsv
[0.759s] -- Symlinking: /home/sithija/spectrobot_ws/install/spectrobot_controller/share/spectrobot_controller/package.dsv
[0.783s] -- Up-to-date symlink: /home/sithija/spectrobot_ws/install/spectrobot_controller/share/ament_index/resource_index/packages/spectrobot_controller
[0.783s] -- Up-to-date symlink: /home/sithija/spectrobot_ws/install/spectrobot_controller/share/spectrobot_controller/cmake/spectrobot_controllerConfig.cmake
[0.783s] -- Up-to-date symlink: /home/sithija/spectrobot_ws/install/spectrobot_controller/share/spectrobot_controller/cmake/spectrobot_controllerConfig-version.cmake
[0.784s] -- Up-to-date symlink: /home/sithija/spectrobot_ws/install/spectrobot_controller/share/spectrobot_controller/package.xml
[0.786s] Invoked command in '/home/sithija/spectrobot_ws/build/spectrobot_controller' returned '0': CMAKE_PREFIX_PATH=${CMAKE_PREFIX_PATH}:/home/sithija/ros2_ws/install/my_robot_controller:/home/sithija/ros2_ws/install/fleet_subscriber:/home/sithija/ros2_ws/install/fleet_base:/home/sithija/ros2_ws/install/recovery_pulse_test:/home/sithija/ros2_ws/install/recovery_pathfinder:/home/sithija/ros2_ws/install/recoveryPathFinder:/home/sithija/ros2_ws/install/py_pubsub:/home/sithija/ros2_ws/install/obstacle_detector:/home/sithija/ros2_ws/install/first_bot:/home/sithija/ros2_ws/install/explore:/home/sithija/custombot_ws/install/robot_model_pkg:/home/sithija/custombot_ws/install/explore:/home/sithija/cambot_ws/install/navcontrol:/home/sithija/simulation_ws/install/us_handler:/home/sithija/simulation_ws/install/recovery_pulse_test:/home/sithija/simulation_ws/install/recovery_pathfinder:/home/sithija/simulation_ws/install/rate_converter:/home/sithija/simulation_ws/install/obstacle_detector:/opt/ros/humble /usr/bin/cmake --install /home/sithija/spectrobot_ws/build/spectrobot_controller
