[0.139s] Invoking command in '/home/sithija/spectrobot_ws/build/spectrobot_controller': CMAKE_PREFIX_PATH=${CMAKE_PREFIX_PATH}:/home/sithija/ros2_ws/install/my_robot_controller:/home/sithija/ros2_ws/install/fleet_subscriber:/home/sithija/ros2_ws/install/fleet_base:/home/sithija/ros2_ws/install/recovery_pulse_test:/home/sithija/ros2_ws/install/recovery_pathfinder:/home/sithija/ros2_ws/install/recoveryPathFinder:/home/sithija/ros2_ws/install/py_pubsub:/home/sithija/ros2_ws/install/obstacle_detector:/home/sithija/ros2_ws/install/first_bot:/home/sithija/ros2_ws/install/explore:/home/sithija/custombot_ws/install/robot_model_pkg:/home/sithija/custombot_ws/install/explore:/home/sithija/cambot_ws/install/navcontrol:/home/sithija/simulation_ws/install/us_handler:/home/sithija/simulation_ws/install/recovery_pulse_test:/home/sithija/simulation_ws/install/recovery_pathfinder:/home/sithija/simulation_ws/install/rate_converter:/home/sithija/simulation_ws/install/obstacle_detector:/opt/ros/humble /usr/bin/cmake --build /home/sithija/spectrobot_ws/build/spectrobot_controller -- -j16 -l16
[0.250s] [100%] Built target simple_controller
[0.272s] Invoked command in '/home/sithija/spectrobot_ws/build/spectrobot_controller' returned '0': CMAKE_PREFIX_PATH=${CMAKE_PREFIX_PATH}:/home/sithija/ros2_ws/install/my_robot_controller:/home/sithija/ros2_ws/install/fleet_subscriber:/home/sithija/ros2_ws/install/fleet_base:/home/sithija/ros2_ws/install/recovery_pulse_test:/home/sithija/ros2_ws/install/recovery_pathfinder:/home/sithija/ros2_ws/install/recoveryPathFinder:/home/sithija/ros2_ws/install/py_pubsub:/home/sithija/ros2_ws/install/obstacle_detector:/home/sithija/ros2_ws/install/first_bot:/home/sithija/ros2_ws/install/explore:/home/sithija/custombot_ws/install/robot_model_pkg:/home/sithija/custombot_ws/install/explore:/home/sithija/cambot_ws/install/navcontrol:/home/sithija/simulation_ws/install/us_handler:/home/sithija/simulation_ws/install/recovery_pulse_test:/home/sithija/simulation_ws/install/recovery_pathfinder:/home/sithija/simulation_ws/install/rate_converter:/home/sithija/simulation_ws/install/obstacle_detector:/opt/ros/humble /usr/bin/cmake --build /home/sithija/spectrobot_ws/build/spectrobot_controller -- -j16 -l16
[0.412s] Invoking command in '/home/sithija/spectrobot_ws/build/spectrobot_controller': CMAKE_PREFIX_PATH=${CMAKE_PREFIX_PATH}:/home/sithija/ros2_ws/install/my_robot_controller:/home/sithija/ros2_ws/install/fleet_subscriber:/home/sithija/ros2_ws/install/fleet_base:/home/sithija/ros2_ws/install/recovery_pulse_test:/home/sithija/ros2_ws/install/recovery_pathfinder:/home/sithija/ros2_ws/install/recoveryPathFinder:/home/sithija/ros2_ws/install/py_pubsub:/home/sithija/ros2_ws/install/obstacle_detector:/home/sithija/ros2_ws/install/first_bot:/home/sithija/ros2_ws/install/explore:/home/sithija/custombot_ws/install/robot_model_pkg:/home/sithija/custombot_ws/install/explore:/home/sithija/cambot_ws/install/navcontrol:/home/sithija/simulation_ws/install/us_handler:/home/sithija/simulation_ws/install/recovery_pulse_test:/home/sithija/simulation_ws/install/recovery_pathfinder:/home/sithija/simulation_ws/install/rate_converter:/home/sithija/simulation_ws/install/obstacle_detector:/opt/ros/humble /usr/bin/cmake --install /home/sithija/spectrobot_ws/build/spectrobot_controller
[0.419s] -- Install configuration: ""
[0.420s] -- Execute custom install script
[0.420s] -- Up-to-date symlink: /home/sithija/spectrobot_ws/install/spectrobot_controller/include/include/spectrobot_controller/simple_controller.hpp
[0.420s] -- Up-to-date symlink: /home/sithija/spectrobot_ws/install/spectrobot_controller/lib/spectrobot_controller/simple_controller
[0.421s] -- Up-to-date symlink: /home/sithija/spectrobot_ws/install/spectrobot_controller/share/spectrobot_controller/config/spectrobot_controllers.yaml
[0.421s] -- Up-to-date symlink: /home/sithija/spectrobot_ws/install/spectrobot_controller/share/spectrobot_controller/launch/controller.launch.py
[0.421s] -- Up-to-date symlink: /home/sithija/spectrobot_ws/install/spectrobot_controller/share/ament_index/resource_index/package_run_dependencies/spectrobot_controller
[0.421s] -- Up-to-date symlink: /home/sithija/spectrobot_ws/install/spectrobot_controller/share/ament_index/resource_index/parent_prefix_path/spectrobot_controller
[0.421s] -- Up-to-date symlink: /home/sithija/spectrobot_ws/install/spectrobot_controller/share/spectrobot_controller/environment/ament_prefix_path.sh
[0.422s] -- Up-to-date symlink: /home/sithija/spectrobot_ws/install/spectrobot_controller/share/spectrobot_controller/environment/ament_prefix_path.dsv
[0.422s] -- Up-to-date symlink: /home/sithija/spectrobot_ws/install/spectrobot_controller/share/spectrobot_controller/environment/path.sh
[0.422s] -- Up-to-date symlink: /home/sithija/spectrobot_ws/install/spectrobot_controller/share/spectrobot_controller/environment/path.dsv
[0.422s] -- Up-to-date symlink: /home/sithija/spectrobot_ws/install/spectrobot_controller/share/spectrobot_controller/local_setup.bash
[0.422s] -- Up-to-date symlink: /home/sithija/spectrobot_ws/install/spectrobot_controller/share/spectrobot_controller/local_setup.sh
[0.422s] -- Up-to-date symlink: /home/sithija/spectrobot_ws/install/spectrobot_controller/share/spectrobot_controller/local_setup.zsh
[0.422s] -- Up-to-date symlink: /home/sithija/spectrobot_ws/install/spectrobot_controller/share/spectrobot_controller/local_setup.dsv
[0.423s] -- Symlinking: /home/sithija/spectrobot_ws/install/spectrobot_controller/share/spectrobot_controller/package.dsv
[0.435s] -- Up-to-date symlink: /home/sithija/spectrobot_ws/install/spectrobot_controller/share/ament_index/resource_index/packages/spectrobot_controller
[0.435s] -- Up-to-date symlink: /home/sithija/spectrobot_ws/install/spectrobot_controller/share/spectrobot_controller/cmake/spectrobot_controllerConfig.cmake
[0.435s] -- Up-to-date symlink: /home/sithija/spectrobot_ws/install/spectrobot_controller/share/spectrobot_controller/cmake/spectrobot_controllerConfig-version.cmake
[0.435s] -- Up-to-date symlink: /home/sithija/spectrobot_ws/install/spectrobot_controller/share/spectrobot_controller/package.xml
[0.437s] Invoked command in '/home/sithija/spectrobot_ws/build/spectrobot_controller' returned '0': CMAKE_PREFIX_PATH=${CMAKE_PREFIX_PATH}:/home/sithija/ros2_ws/install/my_robot_controller:/home/sithija/ros2_ws/install/fleet_subscriber:/home/sithija/ros2_ws/install/fleet_base:/home/sithija/ros2_ws/install/recovery_pulse_test:/home/sithija/ros2_ws/install/recovery_pathfinder:/home/sithija/ros2_ws/install/recoveryPathFinder:/home/sithija/ros2_ws/install/py_pubsub:/home/sithija/ros2_ws/install/obstacle_detector:/home/sithija/ros2_ws/install/first_bot:/home/sithija/ros2_ws/install/explore:/home/sithija/custombot_ws/install/robot_model_pkg:/home/sithija/custombot_ws/install/explore:/home/sithija/cambot_ws/install/navcontrol:/home/sithija/simulation_ws/install/us_handler:/home/sithija/simulation_ws/install/recovery_pulse_test:/home/sithija/simulation_ws/install/recovery_pathfinder:/home/sithija/simulation_ws/install/rate_converter:/home/sithija/simulation_ws/install/obstacle_detector:/opt/ros/humble /usr/bin/cmake --install /home/sithija/spectrobot_ws/build/spectrobot_controller
