[0.116s] Invoking command in '/home/sithija/spectrobot_ws/build/base_controller': CMAKE_PREFIX_PATH=${CMAKE_PREFIX_PATH}:/home/sithija/ros2_ws/install/my_robot_controller:/home/sithija/ros2_ws/install/fleet_subscriber:/home/sithija/ros2_ws/install/fleet_base:/home/sithija/ros2_ws/install/recovery_pulse_test:/home/sithija/ros2_ws/install/recovery_pathfinder:/home/sithija/ros2_ws/install/recoveryPathFinder:/home/sithija/ros2_ws/install/py_pubsub:/home/sithija/ros2_ws/install/obstacle_detector:/home/sithija/ros2_ws/install/first_bot:/home/sithija/ros2_ws/install/explore:/home/sithija/custombot_ws/install/robot_model_pkg:/home/sithija/custombot_ws/install/explore:/home/sithija/cambot_ws/install/navcontrol:/home/sithija/simulation_ws/install/us_handler:/home/sithija/simulation_ws/install/recovery_pulse_test:/home/sithija/simulation_ws/install/recovery_pathfinder:/home/sithija/simulation_ws/install/rate_converter:/home/sithija/simulation_ws/install/obstacle_detector:/opt/ros/humble /usr/bin/cmake /home/sithija/spectrobot_ws/src/base_controller -DAMENT_CMAKE_SYMLINK_INSTALL=1 -DCMAKE_INSTALL_PREFIX=/home/sithija/spectrobot_ws/install/base_controller
[0.298s] -- The C compiler identification is GNU 11.4.0
[0.445s] -- The CXX compiler identification is GNU 11.4.0
[0.462s] -- Detecting C compiler ABI info
[0.568s] -- Detecting C compiler ABI info - done
[0.575s] -- Check for working C compiler: /usr/bin/cc - skipped
[0.575s] -- Detecting C compile features
[0.576s] -- Detecting C compile features - done
[0.579s] -- Detecting CXX compiler ABI info
[0.758s] -- Detecting CXX compiler ABI info - done
[0.765s] -- Check for working CXX compiler: /usr/bin/c++ - skipped
[0.765s] -- Detecting CXX compile features
[0.765s] -- Detecting CXX compile features - done
[0.782s] -- Found ament_cmake: 1.3.6 (/opt/ros/humble/share/ament_cmake/cmake)
[1.219s] -- Found Python3: /usr/bin/python3.10 (found version "3.10.12") found components: Interpreter 
[1.308s] -- Override CMake install command with custom implementation using symlinks instead of copying resources
[1.420s] -- Found ament_lint_auto: 0.12.9 (/opt/ros/humble/share/ament_lint_auto/cmake)
[1.580s] -- Added test 'lint_cmake' to check CMake code style
[1.582s] -- Added test 'xmllint' to check XML markup files
[1.585s] -- Configuring done
[1.588s] -- Generating done
[1.588s] -- Build files have been written to: /home/sithija/spectrobot_ws/build/base_controller
[1.593s] Invoked command in '/home/sithija/spectrobot_ws/build/base_controller' returned '0': CMAKE_PREFIX_PATH=${CMAKE_PREFIX_PATH}:/home/sithija/ros2_ws/install/my_robot_controller:/home/sithija/ros2_ws/install/fleet_subscriber:/home/sithija/ros2_ws/install/fleet_base:/home/sithija/ros2_ws/install/recovery_pulse_test:/home/sithija/ros2_ws/install/recovery_pathfinder:/home/sithija/ros2_ws/install/recoveryPathFinder:/home/sithija/ros2_ws/install/py_pubsub:/home/sithija/ros2_ws/install/obstacle_detector:/home/sithija/ros2_ws/install/first_bot:/home/sithija/ros2_ws/install/explore:/home/sithija/custombot_ws/install/robot_model_pkg:/home/sithija/custombot_ws/install/explore:/home/sithija/cambot_ws/install/navcontrol:/home/sithija/simulation_ws/install/us_handler:/home/sithija/simulation_ws/install/recovery_pulse_test:/home/sithija/simulation_ws/install/recovery_pathfinder:/home/sithija/simulation_ws/install/rate_converter:/home/sithija/simulation_ws/install/obstacle_detector:/opt/ros/humble /usr/bin/cmake /home/sithija/spectrobot_ws/src/base_controller -DAMENT_CMAKE_SYMLINK_INSTALL=1 -DCMAKE_INSTALL_PREFIX=/home/sithija/spectrobot_ws/install/base_controller
[1.597s] Invoking command in '/home/sithija/spectrobot_ws/build/base_controller': CMAKE_PREFIX_PATH=${CMAKE_PREFIX_PATH}:/home/sithija/ros2_ws/install/my_robot_controller:/home/sithija/ros2_ws/install/fleet_subscriber:/home/sithija/ros2_ws/install/fleet_base:/home/sithija/ros2_ws/install/recovery_pulse_test:/home/sithija/ros2_ws/install/recovery_pathfinder:/home/sithija/ros2_ws/install/recoveryPathFinder:/home/sithija/ros2_ws/install/py_pubsub:/home/sithija/ros2_ws/install/obstacle_detector:/home/sithija/ros2_ws/install/first_bot:/home/sithija/ros2_ws/install/explore:/home/sithija/custombot_ws/install/robot_model_pkg:/home/sithija/custombot_ws/install/explore:/home/sithija/cambot_ws/install/navcontrol:/home/sithija/simulation_ws/install/us_handler:/home/sithija/simulation_ws/install/recovery_pulse_test:/home/sithija/simulation_ws/install/recovery_pathfinder:/home/sithija/simulation_ws/install/rate_converter:/home/sithija/simulation_ws/install/obstacle_detector:/opt/ros/humble /usr/bin/cmake --build /home/sithija/spectrobot_ws/build/base_controller -- -j16 -l16
[1.645s] Invoked command in '/home/sithija/spectrobot_ws/build/base_controller' returned '0': CMAKE_PREFIX_PATH=${CMAKE_PREFIX_PATH}:/home/sithija/ros2_ws/install/my_robot_controller:/home/sithija/ros2_ws/install/fleet_subscriber:/home/sithija/ros2_ws/install/fleet_base:/home/sithija/ros2_ws/install/recovery_pulse_test:/home/sithija/ros2_ws/install/recovery_pathfinder:/home/sithija/ros2_ws/install/recoveryPathFinder:/home/sithija/ros2_ws/install/py_pubsub:/home/sithija/ros2_ws/install/obstacle_detector:/home/sithija/ros2_ws/install/first_bot:/home/sithija/ros2_ws/install/explore:/home/sithija/custombot_ws/install/robot_model_pkg:/home/sithija/custombot_ws/install/explore:/home/sithija/cambot_ws/install/navcontrol:/home/sithija/simulation_ws/install/us_handler:/home/sithija/simulation_ws/install/recovery_pulse_test:/home/sithija/simulation_ws/install/recovery_pathfinder:/home/sithija/simulation_ws/install/rate_converter:/home/sithija/simulation_ws/install/obstacle_detector:/opt/ros/humble /usr/bin/cmake --build /home/sithija/spectrobot_ws/build/base_controller -- -j16 -l16
[1.692s] Invoking command in '/home/sithija/spectrobot_ws/build/base_controller': CMAKE_PREFIX_PATH=${CMAKE_PREFIX_PATH}:/home/sithija/ros2_ws/install/my_robot_controller:/home/sithija/ros2_ws/install/fleet_subscriber:/home/sithija/ros2_ws/install/fleet_base:/home/sithija/ros2_ws/install/recovery_pulse_test:/home/sithija/ros2_ws/install/recovery_pathfinder:/home/sithija/ros2_ws/install/recoveryPathFinder:/home/sithija/ros2_ws/install/py_pubsub:/home/sithija/ros2_ws/install/obstacle_detector:/home/sithija/ros2_ws/install/first_bot:/home/sithija/ros2_ws/install/explore:/home/sithija/custombot_ws/install/robot_model_pkg:/home/sithija/custombot_ws/install/explore:/home/sithija/cambot_ws/install/navcontrol:/home/sithija/simulation_ws/install/us_handler:/home/sithija/simulation_ws/install/recovery_pulse_test:/home/sithija/simulation_ws/install/recovery_pathfinder:/home/sithija/simulation_ws/install/rate_converter:/home/sithija/simulation_ws/install/obstacle_detector:/opt/ros/humble /usr/bin/cmake --install /home/sithija/spectrobot_ws/build/base_controller
[1.712s] -- Install configuration: ""
[1.714s] -- Execute custom install script
[1.714s] -- Symlinking: /home/sithija/spectrobot_ws/install/base_controller/share/ament_index/resource_index/package_run_dependencies/base_controller
[1.738s] -- Symlinking: /home/sithija/spectrobot_ws/install/base_controller/share/ament_index/resource_index/parent_prefix_path/base_controller
[1.750s] -- Symlinking: /home/sithija/spectrobot_ws/install/base_controller/share/base_controller/environment/ament_prefix_path.sh
[1.774s] -- Symlinking: /home/sithija/spectrobot_ws/install/base_controller/share/base_controller/environment/ament_prefix_path.dsv
[1.786s] -- Symlinking: /home/sithija/spectrobot_ws/install/base_controller/share/base_controller/environment/path.sh
[1.811s] -- Symlinking: /home/sithija/spectrobot_ws/install/base_controller/share/base_controller/environment/path.dsv
[1.822s] -- Symlinking: /home/sithija/spectrobot_ws/install/base_controller/share/base_controller/local_setup.bash
[1.845s] -- Symlinking: /home/sithija/spectrobot_ws/install/base_controller/share/base_controller/local_setup.sh
[1.856s] -- Symlinking: /home/sithija/spectrobot_ws/install/base_controller/share/base_controller/local_setup.zsh
[1.868s] -- Symlinking: /home/sithija/spectrobot_ws/install/base_controller/share/base_controller/local_setup.dsv
[1.880s] -- Symlinking: /home/sithija/spectrobot_ws/install/base_controller/share/base_controller/package.dsv
[1.892s] -- Symlinking: /home/sithija/spectrobot_ws/install/base_controller/share/ament_index/resource_index/packages/base_controller
[1.904s] -- Symlinking: /home/sithija/spectrobot_ws/install/base_controller/share/base_controller/cmake/base_controllerConfig.cmake
[1.916s] -- Symlinking: /home/sithija/spectrobot_ws/install/base_controller/share/base_controller/cmake/base_controllerConfig-version.cmake
[1.927s] -- Symlinking: /home/sithija/spectrobot_ws/install/base_controller/share/base_controller/package.xml
[1.944s] Invoked command in '/home/sithija/spectrobot_ws/build/base_controller' returned '0': CMAKE_PREFIX_PATH=${CMAKE_PREFIX_PATH}:/home/sithija/ros2_ws/install/my_robot_controller:/home/sithija/ros2_ws/install/fleet_subscriber:/home/sithija/ros2_ws/install/fleet_base:/home/sithija/ros2_ws/install/recovery_pulse_test:/home/sithija/ros2_ws/install/recovery_pathfinder:/home/sithija/ros2_ws/install/recoveryPathFinder:/home/sithija/ros2_ws/install/py_pubsub:/home/sithija/ros2_ws/install/obstacle_detector:/home/sithija/ros2_ws/install/first_bot:/home/sithija/ros2_ws/install/explore:/home/sithija/custombot_ws/install/robot_model_pkg:/home/sithija/custombot_ws/install/explore:/home/sithija/cambot_ws/install/navcontrol:/home/sithija/simulation_ws/install/us_handler:/home/sithija/simulation_ws/install/recovery_pulse_test:/home/sithija/simulation_ws/install/recovery_pathfinder:/home/sithija/simulation_ws/install/rate_converter:/home/sithija/simulation_ws/install/obstacle_detector:/opt/ros/humble /usr/bin/cmake --install /home/sithija/spectrobot_ws/build/base_controller
