[1.012s] DEBUG:colcon:Command line arguments: ['/usr/bin/colcon', 'build', '--symlink-install']
[1.012s] DEBUG:colcon:Parsed command line arguments: Namespace(log_base=None, log_level=None, verb_name='build', build_base='build', install_base='install', merge_install=False, symlink_install=True, test_result_base=None, continue_on_error=False, executor='parallel', parallel_workers=16, event_handlers=None, ignore_user_meta=False, metas=['./colcon.meta'], base_paths=['.'], packages_ignore=None, packages_ignore_regex=None, paths=None, packages_up_to=None, packages_up_to_regex=None, packages_above=None, packages_above_and_dependencies=None, packages_above_depth=None, packages_select_by_dep=None, packages_skip_by_dep=None, packages_skip_up_to=None, packages_select_build_failed=False, packages_skip_build_finished=False, packages_select_test_failures=False, packages_skip_test_passed=False, packages_select=None, packages_skip=None, packages_select_regex=None, packages_skip_regex=None, packages_start=None, packages_end=None, allow_overriding=[], cmake_args=None, cmake_target=None, cmake_target_skip_unavailable=False, cmake_clean_cache=False, cmake_clean_first=False, cmake_force_configure=False, ament_cmake_args=None, catkin_cmake_args=None, catkin_skip_building_tests=False, verb_parser=<colcon_defaults.argument_parser.defaults.DefaultArgumentsDecorator object at 0x7039309ac4c0>, verb_extension=<colcon_core.verb.build.BuildVerb object at 0x7039309acfd0>, main=<bound method BuildVerb.main of <colcon_core.verb.build.BuildVerb object at 0x7039309acfd0>>)
[1.058s] Level 1:colcon.colcon_core.package_discovery:discover_packages(colcon_meta) check parameters
[1.058s] Level 1:colcon.colcon_core.package_discovery:discover_packages(recursive) check parameters
[1.058s] Level 1:colcon.colcon_core.package_discovery:discover_packages(ignore) check parameters
[1.058s] Level 1:colcon.colcon_core.package_discovery:discover_packages(path) check parameters
[1.059s] Level 1:colcon.colcon_core.package_discovery:discover_packages(colcon_meta) discover
[1.059s] Level 1:colcon.colcon_core.package_discovery:discover_packages(recursive) discover
[1.059s] INFO:colcon.colcon_core.package_discovery:Crawling recursively for packages in '/home/sithija/spectrobot_ws'
[1.059s] Level 1:colcon.colcon_core.package_identification:_identify(.) by extensions ['ignore', 'ignore_ament_install']
[1.059s] Level 1:colcon.colcon_core.package_identification:_identify(.) by extension 'ignore'
[1.059s] Level 1:colcon.colcon_core.package_identification:_identify(.) by extension 'ignore_ament_install'
[1.059s] Level 1:colcon.colcon_core.package_identification:_identify(.) by extensions ['colcon_pkg']
[1.059s] Level 1:colcon.colcon_core.package_identification:_identify(.) by extension 'colcon_pkg'
[1.059s] Level 1:colcon.colcon_core.package_identification:_identify(.) by extensions ['colcon_meta']
[1.059s] Level 1:colcon.colcon_core.package_identification:_identify(.) by extension 'colcon_meta'
[1.059s] Level 1:colcon.colcon_core.package_identification:_identify(.) by extensions ['ros']
[1.059s] Level 1:colcon.colcon_core.package_identification:_identify(.) by extension 'ros'
[1.068s] Level 1:colcon.colcon_core.package_identification:_identify(.) by extensions ['cmake', 'python']
[1.069s] Level 1:colcon.colcon_core.package_identification:_identify(.) by extension 'cmake'
[1.069s] Level 1:colcon.colcon_core.package_identification:_identify(.) by extension 'python'
[1.069s] Level 1:colcon.colcon_core.package_identification:_identify(.) by extensions ['python_setup_py']
[1.069s] Level 1:colcon.colcon_core.package_identification:_identify(.) by extension 'python_setup_py'
[1.069s] Level 1:colcon.colcon_core.package_identification:_identify(build) by extensions ['ignore', 'ignore_ament_install']
[1.069s] Level 1:colcon.colcon_core.package_identification:_identify(build) by extension 'ignore'
[1.069s] Level 1:colcon.colcon_core.package_identification:_identify(build) ignored
[1.069s] Level 1:colcon.colcon_core.package_identification:_identify(install) by extensions ['ignore', 'ignore_ament_install']
[1.069s] Level 1:colcon.colcon_core.package_identification:_identify(install) by extension 'ignore'
[1.069s] Level 1:colcon.colcon_core.package_identification:_identify(install) ignored
[1.069s] Level 1:colcon.colcon_core.package_identification:_identify(log) by extensions ['ignore', 'ignore_ament_install']
[1.069s] Level 1:colcon.colcon_core.package_identification:_identify(log) by extension 'ignore'
[1.069s] Level 1:colcon.colcon_core.package_identification:_identify(log) ignored
[1.069s] Level 1:colcon.colcon_core.package_identification:_identify(src) by extensions ['ignore', 'ignore_ament_install']
[1.069s] Level 1:colcon.colcon_core.package_identification:_identify(src) by extension 'ignore'
[1.069s] Level 1:colcon.colcon_core.package_identification:_identify(src) by extension 'ignore_ament_install'
[1.069s] Level 1:colcon.colcon_core.package_identification:_identify(src) by extensions ['colcon_pkg']
[1.069s] Level 1:colcon.colcon_core.package_identification:_identify(src) by extension 'colcon_pkg'
[1.070s] Level 1:colcon.colcon_core.package_identification:_identify(src) by extensions ['colcon_meta']
[1.070s] Level 1:colcon.colcon_core.package_identification:_identify(src) by extension 'colcon_meta'
[1.070s] Level 1:colcon.colcon_core.package_identification:_identify(src) by extensions ['ros']
[1.070s] Level 1:colcon.colcon_core.package_identification:_identify(src) by extension 'ros'
[1.070s] Level 1:colcon.colcon_core.package_identification:_identify(src) by extensions ['cmake', 'python']
[1.070s] Level 1:colcon.colcon_core.package_identification:_identify(src) by extension 'cmake'
[1.070s] Level 1:colcon.colcon_core.package_identification:_identify(src) by extension 'python'
[1.070s] Level 1:colcon.colcon_core.package_identification:_identify(src) by extensions ['python_setup_py']
[1.070s] Level 1:colcon.colcon_core.package_identification:_identify(src) by extension 'python_setup_py'
[1.070s] Level 1:colcon.colcon_core.package_identification:_identify(src/robot_description) by extensions ['ignore', 'ignore_ament_install']
[1.070s] Level 1:colcon.colcon_core.package_identification:_identify(src/robot_description) by extension 'ignore'
[1.070s] Level 1:colcon.colcon_core.package_identification:_identify(src/robot_description) by extension 'ignore_ament_install'
[1.070s] Level 1:colcon.colcon_core.package_identification:_identify(src/robot_description) by extensions ['colcon_pkg']
[1.070s] Level 1:colcon.colcon_core.package_identification:_identify(src/robot_description) by extension 'colcon_pkg'
[1.070s] Level 1:colcon.colcon_core.package_identification:_identify(src/robot_description) by extensions ['colcon_meta']
[1.070s] Level 1:colcon.colcon_core.package_identification:_identify(src/robot_description) by extension 'colcon_meta'
[1.070s] Level 1:colcon.colcon_core.package_identification:_identify(src/robot_description) by extensions ['ros']
[1.070s] Level 1:colcon.colcon_core.package_identification:_identify(src/robot_description) by extension 'ros'
[1.072s] DEBUG:colcon.colcon_core.package_identification:Package 'src/robot_description' with type 'ros.ament_cmake' and name 'robot_description'
[1.072s] Level 1:colcon.colcon_core.package_identification:_identify(src/spectrobot_controller) by extensions ['ignore', 'ignore_ament_install']
[1.072s] Level 1:colcon.colcon_core.package_identification:_identify(src/spectrobot_controller) by extension 'ignore'
[1.072s] Level 1:colcon.colcon_core.package_identification:_identify(src/spectrobot_controller) by extension 'ignore_ament_install'
[1.072s] Level 1:colcon.colcon_core.package_identification:_identify(src/spectrobot_controller) by extensions ['colcon_pkg']
[1.072s] Level 1:colcon.colcon_core.package_identification:_identify(src/spectrobot_controller) by extension 'colcon_pkg'
[1.072s] Level 1:colcon.colcon_core.package_identification:_identify(src/spectrobot_controller) by extensions ['colcon_meta']
[1.072s] Level 1:colcon.colcon_core.package_identification:_identify(src/spectrobot_controller) by extension 'colcon_meta'
[1.072s] Level 1:colcon.colcon_core.package_identification:_identify(src/spectrobot_controller) by extensions ['ros']
[1.073s] Level 1:colcon.colcon_core.package_identification:_identify(src/spectrobot_controller) by extension 'ros'
[1.073s] DEBUG:colcon.colcon_core.package_identification:Package 'src/spectrobot_controller' with type 'ros.ament_cmake' and name 'spectrobot_controller'
[1.073s] Level 1:colcon.colcon_core.package_discovery:discover_packages(recursive) using defaults
[1.073s] Level 1:colcon.colcon_core.package_discovery:discover_packages(ignore) discover
[1.073s] Level 1:colcon.colcon_core.package_discovery:discover_packages(ignore) using defaults
[1.073s] Level 1:colcon.colcon_core.package_discovery:discover_packages(path) discover
[1.073s] Level 1:colcon.colcon_core.package_discovery:discover_packages(path) using defaults
[1.165s] Level 1:colcon.colcon_core.package_discovery:discover_packages(prefix_path) check parameters
[1.165s] Level 1:colcon.colcon_core.package_discovery:discover_packages(prefix_path) discover
[1.207s] DEBUG:colcon.colcon_installed_package_information.package_discovery:Found 3 installed packages in /home/sithija/spectrobot_ws/install
[1.222s] DEBUG:colcon.colcon_installed_package_information.package_discovery:Found 20 installed packages in /home/sithija/ros2_ws/install
[1.237s] DEBUG:colcon.colcon_installed_package_information.package_discovery:Found 2 installed packages in /home/sithija/custombot_ws/install
[1.251s] DEBUG:colcon.colcon_installed_package_information.package_discovery:Found 1 installed packages in /home/sithija/cambot_ws/install
[1.266s] DEBUG:colcon.colcon_installed_package_information.package_discovery:Found 16 installed packages in /home/sithija/simulation_ws/install
[1.282s] DEBUG:colcon.colcon_installed_package_information.package_discovery:Found 400 installed packages in /opt/ros/humble
[1.284s] Level 1:colcon.colcon_core.package_discovery:discover_packages(prefix_path) using defaults
[1.379s] Level 5:colcon.colcon_core.verb:set package 'robot_description' build argument 'cmake_args' from command line to 'None'
[1.379s] Level 5:colcon.colcon_core.verb:set package 'robot_description' build argument 'cmake_target' from command line to 'None'
[1.379s] Level 5:colcon.colcon_core.verb:set package 'robot_description' build argument 'cmake_target_skip_unavailable' from command line to 'False'
[1.379s] Level 5:colcon.colcon_core.verb:set package 'robot_description' build argument 'cmake_clean_cache' from command line to 'False'
[1.379s] Level 5:colcon.colcon_core.verb:set package 'robot_description' build argument 'cmake_clean_first' from command line to 'False'
[1.379s] Level 5:colcon.colcon_core.verb:set package 'robot_description' build argument 'cmake_force_configure' from command line to 'False'
[1.379s] Level 5:colcon.colcon_core.verb:set package 'robot_description' build argument 'ament_cmake_args' from command line to 'None'
[1.379s] Level 5:colcon.colcon_core.verb:set package 'robot_description' build argument 'catkin_cmake_args' from command line to 'None'
[1.379s] Level 5:colcon.colcon_core.verb:set package 'robot_description' build argument 'catkin_skip_building_tests' from command line to 'False'
[1.379s] DEBUG:colcon.colcon_core.verb:Building package 'robot_description' with the following arguments: {'ament_cmake_args': None, 'build_base': '/home/sithija/spectrobot_ws/build/robot_description', 'catkin_cmake_args': None, 'catkin_skip_building_tests': False, 'cmake_args': None, 'cmake_clean_cache': False, 'cmake_clean_first': False, 'cmake_force_configure': False, 'cmake_target': None, 'cmake_target_skip_unavailable': False, 'install_base': '/home/sithija/spectrobot_ws/install/robot_description', 'merge_install': False, 'path': '/home/sithija/spectrobot_ws/src/robot_description', 'symlink_install': True, 'test_result_base': None}
[1.394s] Level 5:colcon.colcon_core.verb:set package 'spectrobot_controller' build argument 'cmake_args' from command line to 'None'
[1.394s] Level 5:colcon.colcon_core.verb:set package 'spectrobot_controller' build argument 'cmake_target' from command line to 'None'
[1.394s] Level 5:colcon.colcon_core.verb:set package 'spectrobot_controller' build argument 'cmake_target_skip_unavailable' from command line to 'False'
[1.394s] Level 5:colcon.colcon_core.verb:set package 'spectrobot_controller' build argument 'cmake_clean_cache' from command line to 'False'
[1.394s] Level 5:colcon.colcon_core.verb:set package 'spectrobot_controller' build argument 'cmake_clean_first' from command line to 'False'
[1.394s] Level 5:colcon.colcon_core.verb:set package 'spectrobot_controller' build argument 'cmake_force_configure' from command line to 'False'
[1.394s] Level 5:colcon.colcon_core.verb:set package 'spectrobot_controller' build argument 'ament_cmake_args' from command line to 'None'
[1.394s] Level 5:colcon.colcon_core.verb:set package 'spectrobot_controller' build argument 'catkin_cmake_args' from command line to 'None'
[1.394s] Level 5:colcon.colcon_core.verb:set package 'spectrobot_controller' build argument 'catkin_skip_building_tests' from command line to 'False'
[1.394s] DEBUG:colcon.colcon_core.verb:Building package 'spectrobot_controller' with the following arguments: {'ament_cmake_args': None, 'build_base': '/home/sithija/spectrobot_ws/build/spectrobot_controller', 'catkin_cmake_args': None, 'catkin_skip_building_tests': False, 'cmake_args': None, 'cmake_clean_cache': False, 'cmake_clean_first': False, 'cmake_force_configure': False, 'cmake_target': None, 'cmake_target_skip_unavailable': False, 'install_base': '/home/sithija/spectrobot_ws/install/spectrobot_controller', 'merge_install': False, 'path': '/home/sithija/spectrobot_ws/src/spectrobot_controller', 'symlink_install': True, 'test_result_base': None}
[1.409s] INFO:colcon.colcon_core.executor:Executing jobs using 'parallel' executor
[1.424s] DEBUG:colcon.colcon_parallel_executor.executor.parallel:run_until_complete
[1.424s] INFO:colcon.colcon_ros.task.ament_cmake.build:Building ROS package in '/home/sithija/spectrobot_ws/src/robot_description' with build type 'ament_cmake'
[1.424s] INFO:colcon.colcon_cmake.task.cmake.build:Building CMake package in '/home/sithija/spectrobot_ws/src/robot_description'
[1.442s] INFO:colcon.colcon_core.plugin_system:Skipping extension 'colcon_core.shell.bat': Not used on non-Windows systems
[1.442s] INFO:colcon.colcon_core.shell:Skip shell extension 'powershell' for command environment: Not usable outside of PowerShell
[1.442s] DEBUG:colcon.colcon_core.shell:Skip shell extension 'dsv' for command environment
[1.550s] INFO:colcon.colcon_ros.task.ament_cmake.build:Building ROS package in '/home/sithija/spectrobot_ws/src/spectrobot_controller' with build type 'ament_cmake'
[1.551s] INFO:colcon.colcon_cmake.task.cmake.build:Building CMake package in '/home/sithija/spectrobot_ws/src/spectrobot_controller'
[1.566s] INFO:colcon.colcon_core.shell:Skip shell extension 'powershell' for command environment: Not usable outside of PowerShell
[1.566s] DEBUG:colcon.colcon_core.shell:Skip shell extension 'dsv' for command environment
[1.683s] DEBUG:colcon.colcon_core.event_handler.log_command:Invoking command in '/home/sithija/spectrobot_ws/build/robot_description': CMAKE_PREFIX_PATH=${CMAKE_PREFIX_PATH}:/home/sithija/ros2_ws/install/my_robot_controller:/home/sithija/ros2_ws/install/fleet_subscriber:/home/sithija/ros2_ws/install/fleet_base:/home/sithija/ros2_ws/install/recovery_pulse_test:/home/sithija/ros2_ws/install/recovery_pathfinder:/home/sithija/ros2_ws/install/recoveryPathFinder:/home/sithija/ros2_ws/install/py_pubsub:/home/sithija/ros2_ws/install/obstacle_detector:/home/sithija/ros2_ws/install/first_bot:/home/sithija/ros2_ws/install/explore:/home/sithija/custombot_ws/install/robot_model_pkg:/home/sithija/custombot_ws/install/explore:/home/sithija/cambot_ws/install/navcontrol:/home/sithija/simulation_ws/install/us_handler:/home/sithija/simulation_ws/install/recovery_pulse_test:/home/sithija/simulation_ws/install/recovery_pathfinder:/home/sithija/simulation_ws/install/rate_converter:/home/sithija/simulation_ws/install/obstacle_detector:/opt/ros/humble /usr/bin/cmake --build /home/sithija/spectrobot_ws/build/robot_description -- -j16 -l16
[1.689s] DEBUG:colcon.colcon_core.event_handler.log_command:Invoking command in '/home/sithija/spectrobot_ws/build/spectrobot_controller': CMAKE_PREFIX_PATH=${CMAKE_PREFIX_PATH}:/home/sithija/ros2_ws/install/my_robot_controller:/home/sithija/ros2_ws/install/fleet_subscriber:/home/sithija/ros2_ws/install/fleet_base:/home/sithija/ros2_ws/install/recovery_pulse_test:/home/sithija/ros2_ws/install/recovery_pathfinder:/home/sithija/ros2_ws/install/recoveryPathFinder:/home/sithija/ros2_ws/install/py_pubsub:/home/sithija/ros2_ws/install/obstacle_detector:/home/sithija/ros2_ws/install/first_bot:/home/sithija/ros2_ws/install/explore:/home/sithija/custombot_ws/install/robot_model_pkg:/home/sithija/custombot_ws/install/explore:/home/sithija/cambot_ws/install/navcontrol:/home/sithija/simulation_ws/install/us_handler:/home/sithija/simulation_ws/install/recovery_pulse_test:/home/sithija/simulation_ws/install/recovery_pathfinder:/home/sithija/simulation_ws/install/rate_converter:/home/sithija/simulation_ws/install/obstacle_detector:/opt/ros/humble /usr/bin/cmake --build /home/sithija/spectrobot_ws/build/spectrobot_controller -- -j16 -l16
[1.748s] DEBUG:colcon.colcon_core.event_handler.log_command:Invoked command in '/home/sithija/spectrobot_ws/build/spectrobot_controller' returned '0': CMAKE_PREFIX_PATH=${CMAKE_PREFIX_PATH}:/home/sithija/ros2_ws/install/my_robot_controller:/home/sithija/ros2_ws/install/fleet_subscriber:/home/sithija/ros2_ws/install/fleet_base:/home/sithija/ros2_ws/install/recovery_pulse_test:/home/sithija/ros2_ws/install/recovery_pathfinder:/home/sithija/ros2_ws/install/recoveryPathFinder:/home/sithija/ros2_ws/install/py_pubsub:/home/sithija/ros2_ws/install/obstacle_detector:/home/sithija/ros2_ws/install/first_bot:/home/sithija/ros2_ws/install/explore:/home/sithija/custombot_ws/install/robot_model_pkg:/home/sithija/custombot_ws/install/explore:/home/sithija/cambot_ws/install/navcontrol:/home/sithija/simulation_ws/install/us_handler:/home/sithija/simulation_ws/install/recovery_pulse_test:/home/sithija/simulation_ws/install/recovery_pathfinder:/home/sithija/simulation_ws/install/rate_converter:/home/sithija/simulation_ws/install/obstacle_detector:/opt/ros/humble /usr/bin/cmake --build /home/sithija/spectrobot_ws/build/spectrobot_controller -- -j16 -l16
[1.756s] DEBUG:colcon.colcon_core.event_handler.log_command:Invoked command in '/home/sithija/spectrobot_ws/build/robot_description' returned '0': CMAKE_PREFIX_PATH=${CMAKE_PREFIX_PATH}:/home/sithija/ros2_ws/install/my_robot_controller:/home/sithija/ros2_ws/install/fleet_subscriber:/home/sithija/ros2_ws/install/fleet_base:/home/sithija/ros2_ws/install/recovery_pulse_test:/home/sithija/ros2_ws/install/recovery_pathfinder:/home/sithija/ros2_ws/install/recoveryPathFinder:/home/sithija/ros2_ws/install/py_pubsub:/home/sithija/ros2_ws/install/obstacle_detector:/home/sithija/ros2_ws/install/first_bot:/home/sithija/ros2_ws/install/explore:/home/sithija/custombot_ws/install/robot_model_pkg:/home/sithija/custombot_ws/install/explore:/home/sithija/cambot_ws/install/navcontrol:/home/sithija/simulation_ws/install/us_handler:/home/sithija/simulation_ws/install/recovery_pulse_test:/home/sithija/simulation_ws/install/recovery_pathfinder:/home/sithija/simulation_ws/install/rate_converter:/home/sithija/simulation_ws/install/obstacle_detector:/opt/ros/humble /usr/bin/cmake --build /home/sithija/spectrobot_ws/build/robot_description -- -j16 -l16
[1.788s] DEBUG:colcon.colcon_core.event_handler.log_command:Invoking command in '/home/sithija/spectrobot_ws/build/spectrobot_controller': CMAKE_PREFIX_PATH=${CMAKE_PREFIX_PATH}:/home/sithija/ros2_ws/install/my_robot_controller:/home/sithija/ros2_ws/install/fleet_subscriber:/home/sithija/ros2_ws/install/fleet_base:/home/sithija/ros2_ws/install/recovery_pulse_test:/home/sithija/ros2_ws/install/recovery_pathfinder:/home/sithija/ros2_ws/install/recoveryPathFinder:/home/sithija/ros2_ws/install/py_pubsub:/home/sithija/ros2_ws/install/obstacle_detector:/home/sithija/ros2_ws/install/first_bot:/home/sithija/ros2_ws/install/explore:/home/sithija/custombot_ws/install/robot_model_pkg:/home/sithija/custombot_ws/install/explore:/home/sithija/cambot_ws/install/navcontrol:/home/sithija/simulation_ws/install/us_handler:/home/sithija/simulation_ws/install/recovery_pulse_test:/home/sithija/simulation_ws/install/recovery_pathfinder:/home/sithija/simulation_ws/install/rate_converter:/home/sithija/simulation_ws/install/obstacle_detector:/opt/ros/humble /usr/bin/cmake --install /home/sithija/spectrobot_ws/build/spectrobot_controller
[1.791s] DEBUG:colcon.colcon_core.event_handler.log_command:Invoking command in '/home/sithija/spectrobot_ws/build/robot_description': CMAKE_PREFIX_PATH=${CMAKE_PREFIX_PATH}:/home/sithija/ros2_ws/install/my_robot_controller:/home/sithija/ros2_ws/install/fleet_subscriber:/home/sithija/ros2_ws/install/fleet_base:/home/sithija/ros2_ws/install/recovery_pulse_test:/home/sithija/ros2_ws/install/recovery_pathfinder:/home/sithija/ros2_ws/install/recoveryPathFinder:/home/sithija/ros2_ws/install/py_pubsub:/home/sithija/ros2_ws/install/obstacle_detector:/home/sithija/ros2_ws/install/first_bot:/home/sithija/ros2_ws/install/explore:/home/sithija/custombot_ws/install/robot_model_pkg:/home/sithija/custombot_ws/install/explore:/home/sithija/cambot_ws/install/navcontrol:/home/sithija/simulation_ws/install/us_handler:/home/sithija/simulation_ws/install/recovery_pulse_test:/home/sithija/simulation_ws/install/recovery_pathfinder:/home/sithija/simulation_ws/install/rate_converter:/home/sithija/simulation_ws/install/obstacle_detector:/opt/ros/humble /usr/bin/cmake --install /home/sithija/spectrobot_ws/build/robot_description
[1.816s] Level 1:colcon.colcon_core.environment:create_environment_scripts_only(robot_description)
[1.817s] DEBUG:colcon.colcon_core.event_handler.log_command:Invoked command in '/home/sithija/spectrobot_ws/build/robot_description' returned '0': CMAKE_PREFIX_PATH=${CMAKE_PREFIX_PATH}:/home/sithija/ros2_ws/install/my_robot_controller:/home/sithija/ros2_ws/install/fleet_subscriber:/home/sithija/ros2_ws/install/fleet_base:/home/sithija/ros2_ws/install/recovery_pulse_test:/home/sithija/ros2_ws/install/recovery_pathfinder:/home/sithija/ros2_ws/install/recoveryPathFinder:/home/sithija/ros2_ws/install/py_pubsub:/home/sithija/ros2_ws/install/obstacle_detector:/home/sithija/ros2_ws/install/first_bot:/home/sithija/ros2_ws/install/explore:/home/sithija/custombot_ws/install/robot_model_pkg:/home/sithija/custombot_ws/install/explore:/home/sithija/cambot_ws/install/navcontrol:/home/sithija/simulation_ws/install/us_handler:/home/sithija/simulation_ws/install/recovery_pulse_test:/home/sithija/simulation_ws/install/recovery_pathfinder:/home/sithija/simulation_ws/install/rate_converter:/home/sithija/simulation_ws/install/obstacle_detector:/opt/ros/humble /usr/bin/cmake --install /home/sithija/spectrobot_ws/build/robot_description
[1.835s] Level 1:colcon.colcon_core.environment:checking '/home/sithija/spectrobot_ws/install/robot_description' for CMake module files
[1.836s] Level 1:colcon.colcon_core.environment:checking '/home/sithija/spectrobot_ws/install/robot_description' for CMake config files
[1.836s] Level 1:colcon.colcon_core.shell:create_environment_hook('robot_description', 'cmake_prefix_path')
[1.850s] INFO:colcon.colcon_core.shell:Creating environment hook '/home/sithija/spectrobot_ws/install/robot_description/share/robot_description/hook/cmake_prefix_path.ps1'
[1.851s] INFO:colcon.colcon_core.shell:Creating environment descriptor '/home/sithija/spectrobot_ws/install/robot_description/share/robot_description/hook/cmake_prefix_path.dsv'
[1.851s] INFO:colcon.colcon_core.shell:Creating environment hook '/home/sithija/spectrobot_ws/install/robot_description/share/robot_description/hook/cmake_prefix_path.sh'
[1.852s] Level 1:colcon.colcon_core.environment:checking '/home/sithija/spectrobot_ws/install/robot_description/bin'
[1.852s] Level 1:colcon.colcon_core.environment:checking '/home/sithija/spectrobot_ws/install/robot_description/lib/pkgconfig/robot_description.pc'
[1.852s] Level 1:colcon.colcon_core.environment:checking '/home/sithija/spectrobot_ws/install/robot_description/lib/python3.10/site-packages'
[1.852s] Level 1:colcon.colcon_core.environment:checking '/home/sithija/spectrobot_ws/install/robot_description/bin'
[1.867s] INFO:colcon.colcon_core.shell:Creating package script '/home/sithija/spectrobot_ws/install/robot_description/share/robot_description/package.ps1'
[1.867s] INFO:colcon.colcon_core.shell:Creating package descriptor '/home/sithija/spectrobot_ws/install/robot_description/share/robot_description/package.dsv'
[1.868s] INFO:colcon.colcon_core.shell:Creating package script '/home/sithija/spectrobot_ws/install/robot_description/share/robot_description/package.sh'
[1.868s] INFO:colcon.colcon_core.shell:Creating package script '/home/sithija/spectrobot_ws/install/robot_description/share/robot_description/package.bash'
[1.869s] INFO:colcon.colcon_core.shell:Creating package script '/home/sithija/spectrobot_ws/install/robot_description/share/robot_description/package.zsh'
[1.869s] Level 1:colcon.colcon_core.environment:create_file_with_runtime_dependencies(/home/sithija/spectrobot_ws/install/robot_description/share/colcon-core/packages/robot_description)
[1.871s] Level 1:colcon.colcon_core.environment:create_environment_scripts_only(spectrobot_controller)
[1.872s] DEBUG:colcon.colcon_core.event_handler.log_command:Invoked command in '/home/sithija/spectrobot_ws/build/spectrobot_controller' returned '0': CMAKE_PREFIX_PATH=${CMAKE_PREFIX_PATH}:/home/sithija/ros2_ws/install/my_robot_controller:/home/sithija/ros2_ws/install/fleet_subscriber:/home/sithija/ros2_ws/install/fleet_base:/home/sithija/ros2_ws/install/recovery_pulse_test:/home/sithija/ros2_ws/install/recovery_pathfinder:/home/sithija/ros2_ws/install/recoveryPathFinder:/home/sithija/ros2_ws/install/py_pubsub:/home/sithija/ros2_ws/install/obstacle_detector:/home/sithija/ros2_ws/install/first_bot:/home/sithija/ros2_ws/install/explore:/home/sithija/custombot_ws/install/robot_model_pkg:/home/sithija/custombot_ws/install/explore:/home/sithija/cambot_ws/install/navcontrol:/home/sithija/simulation_ws/install/us_handler:/home/sithija/simulation_ws/install/recovery_pulse_test:/home/sithija/simulation_ws/install/recovery_pathfinder:/home/sithija/simulation_ws/install/rate_converter:/home/sithija/simulation_ws/install/obstacle_detector:/opt/ros/humble /usr/bin/cmake --install /home/sithija/spectrobot_ws/build/spectrobot_controller
[1.886s] Level 1:colcon.colcon_core.environment:checking '/home/sithija/spectrobot_ws/install/spectrobot_controller' for CMake module files
[1.886s] Level 1:colcon.colcon_core.environment:checking '/home/sithija/spectrobot_ws/install/spectrobot_controller' for CMake config files
[1.887s] Level 1:colcon.colcon_core.shell:create_environment_hook('spectrobot_controller', 'cmake_prefix_path')
[1.901s] INFO:colcon.colcon_core.shell:Creating environment hook '/home/sithija/spectrobot_ws/install/spectrobot_controller/share/spectrobot_controller/hook/cmake_prefix_path.ps1'
[1.902s] INFO:colcon.colcon_core.shell:Creating environment descriptor '/home/sithija/spectrobot_ws/install/spectrobot_controller/share/spectrobot_controller/hook/cmake_prefix_path.dsv'
[1.902s] INFO:colcon.colcon_core.shell:Creating environment hook '/home/sithija/spectrobot_ws/install/spectrobot_controller/share/spectrobot_controller/hook/cmake_prefix_path.sh'
[1.902s] Level 1:colcon.colcon_core.environment:checking '/home/sithija/spectrobot_ws/install/spectrobot_controller/bin'
[1.902s] Level 1:colcon.colcon_core.environment:checking '/home/sithija/spectrobot_ws/install/spectrobot_controller/lib/pkgconfig/spectrobot_controller.pc'
[1.902s] Level 1:colcon.colcon_core.environment:checking '/home/sithija/spectrobot_ws/install/spectrobot_controller/lib/python3.10/site-packages'
[1.903s] Level 1:colcon.colcon_core.environment:checking '/home/sithija/spectrobot_ws/install/spectrobot_controller/bin'
[1.917s] INFO:colcon.colcon_core.shell:Creating package script '/home/sithija/spectrobot_ws/install/spectrobot_controller/share/spectrobot_controller/package.ps1'
[1.918s] INFO:colcon.colcon_core.shell:Creating package descriptor '/home/sithija/spectrobot_ws/install/spectrobot_controller/share/spectrobot_controller/package.dsv'
[1.918s] INFO:colcon.colcon_core.shell:Creating package script '/home/sithija/spectrobot_ws/install/spectrobot_controller/share/spectrobot_controller/package.sh'
[1.919s] INFO:colcon.colcon_core.shell:Creating package script '/home/sithija/spectrobot_ws/install/spectrobot_controller/share/spectrobot_controller/package.bash'
[1.919s] INFO:colcon.colcon_core.shell:Creating package script '/home/sithija/spectrobot_ws/install/spectrobot_controller/share/spectrobot_controller/package.zsh'
[1.919s] Level 1:colcon.colcon_core.environment:create_file_with_runtime_dependencies(/home/sithija/spectrobot_ws/install/spectrobot_controller/share/colcon-core/packages/spectrobot_controller)
[1.942s] Level 1:colcon.colcon_core.environment:create_environment_scripts_only(robot_description)
[1.957s] Level 1:colcon.colcon_core.environment:checking '/home/sithija/spectrobot_ws/install/robot_description' for CMake module files
[1.957s] Level 1:colcon.colcon_core.environment:checking '/home/sithija/spectrobot_ws/install/robot_description' for CMake config files
[1.957s] Level 1:colcon.colcon_core.shell:create_environment_hook('robot_description', 'cmake_prefix_path')
[1.972s] INFO:colcon.colcon_core.shell:Creating environment hook '/home/sithija/spectrobot_ws/install/robot_description/share/robot_description/hook/cmake_prefix_path.ps1'
[1.973s] INFO:colcon.colcon_core.shell:Creating environment descriptor '/home/sithija/spectrobot_ws/install/robot_description/share/robot_description/hook/cmake_prefix_path.dsv'
[1.973s] INFO:colcon.colcon_core.shell:Creating environment hook '/home/sithija/spectrobot_ws/install/robot_description/share/robot_description/hook/cmake_prefix_path.sh'
[1.974s] Level 1:colcon.colcon_core.environment:checking '/home/sithija/spectrobot_ws/install/robot_description/bin'
[1.974s] Level 1:colcon.colcon_core.environment:checking '/home/sithija/spectrobot_ws/install/robot_description/lib/pkgconfig/robot_description.pc'
[1.974s] Level 1:colcon.colcon_core.environment:checking '/home/sithija/spectrobot_ws/install/robot_description/lib/python3.10/site-packages'
[1.974s] Level 1:colcon.colcon_core.environment:checking '/home/sithija/spectrobot_ws/install/robot_description/bin'
[1.988s] INFO:colcon.colcon_core.shell:Creating package script '/home/sithija/spectrobot_ws/install/robot_description/share/robot_description/package.ps1'
[1.989s] INFO:colcon.colcon_core.shell:Creating package descriptor '/home/sithija/spectrobot_ws/install/robot_description/share/robot_description/package.dsv'
[1.989s] INFO:colcon.colcon_core.shell:Creating package script '/home/sithija/spectrobot_ws/install/robot_description/share/robot_description/package.sh'
[1.990s] INFO:colcon.colcon_core.shell:Creating package script '/home/sithija/spectrobot_ws/install/robot_description/share/robot_description/package.bash'
[1.990s] INFO:colcon.colcon_core.shell:Creating package script '/home/sithija/spectrobot_ws/install/robot_description/share/robot_description/package.zsh'
[1.990s] Level 1:colcon.colcon_core.environment:create_file_with_runtime_dependencies(/home/sithija/spectrobot_ws/install/robot_description/share/colcon-core/packages/robot_description)
[2.006s] Level 1:colcon.colcon_core.environment:create_environment_scripts_only(spectrobot_controller)
[2.021s] Level 1:colcon.colcon_core.environment:checking '/home/sithija/spectrobot_ws/install/spectrobot_controller' for CMake module files
[2.022s] Level 1:colcon.colcon_core.environment:checking '/home/sithija/spectrobot_ws/install/spectrobot_controller' for CMake config files
[2.022s] Level 1:colcon.colcon_core.shell:create_environment_hook('spectrobot_controller', 'cmake_prefix_path')
[2.037s] INFO:colcon.colcon_core.shell:Creating environment hook '/home/sithija/spectrobot_ws/install/spectrobot_controller/share/spectrobot_controller/hook/cmake_prefix_path.ps1'
[2.038s] INFO:colcon.colcon_core.shell:Creating environment descriptor '/home/sithija/spectrobot_ws/install/spectrobot_controller/share/spectrobot_controller/hook/cmake_prefix_path.dsv'
[2.038s] INFO:colcon.colcon_core.shell:Creating environment hook '/home/sithija/spectrobot_ws/install/spectrobot_controller/share/spectrobot_controller/hook/cmake_prefix_path.sh'
[2.038s] Level 1:colcon.colcon_core.environment:checking '/home/sithija/spectrobot_ws/install/spectrobot_controller/bin'
[2.039s] Level 1:colcon.colcon_core.environment:checking '/home/sithija/spectrobot_ws/install/spectrobot_controller/lib/pkgconfig/spectrobot_controller.pc'
[2.039s] Level 1:colcon.colcon_core.environment:checking '/home/sithija/spectrobot_ws/install/spectrobot_controller/lib/python3.10/site-packages'
[2.039s] Level 1:colcon.colcon_core.environment:checking '/home/sithija/spectrobot_ws/install/spectrobot_controller/bin'
[2.054s] INFO:colcon.colcon_core.shell:Creating package script '/home/sithija/spectrobot_ws/install/spectrobot_controller/share/spectrobot_controller/package.ps1'
[2.055s] INFO:colcon.colcon_core.shell:Creating package descriptor '/home/sithija/spectrobot_ws/install/spectrobot_controller/share/spectrobot_controller/package.dsv'
[2.055s] INFO:colcon.colcon_core.shell:Creating package script '/home/sithija/spectrobot_ws/install/spectrobot_controller/share/spectrobot_controller/package.sh'
[2.056s] INFO:colcon.colcon_core.shell:Creating package script '/home/sithija/spectrobot_ws/install/spectrobot_controller/share/spectrobot_controller/package.bash'
[2.056s] INFO:colcon.colcon_core.shell:Creating package script '/home/sithija/spectrobot_ws/install/spectrobot_controller/share/spectrobot_controller/package.zsh'
[2.056s] Level 1:colcon.colcon_core.environment:create_file_with_runtime_dependencies(/home/sithija/spectrobot_ws/install/spectrobot_controller/share/colcon-core/packages/spectrobot_controller)
[2.057s] DEBUG:colcon.colcon_parallel_executor.executor.parallel:closing loop
[2.057s] DEBUG:colcon.colcon_parallel_executor.executor.parallel:loop closed
[2.057s] DEBUG:colcon.colcon_parallel_executor.executor.parallel:run_until_complete finished with '0'
[2.057s] DEBUG:colcon.colcon_core.event_reactor:joining thread
[2.105s] INFO:colcon.colcon_core.plugin_system:Skipping extension 'colcon_notification.desktop_notification.terminal_notifier': Not used on non-Darwin systems
[2.105s] INFO:colcon.colcon_core.plugin_system:Skipping extension 'colcon_notification.desktop_notification.win32': Not used on non-Windows systems
[2.105s] INFO:colcon.colcon_notification.desktop_notification:Sending desktop notification using 'notify2'
[2.125s] DEBUG:colcon.colcon_core.event_reactor:joined thread
[2.140s] INFO:colcon.colcon_core.shell:Creating prefix script '/home/sithija/spectrobot_ws/install/local_setup.ps1'
[2.141s] INFO:colcon.colcon_core.shell:Creating prefix util module '/home/sithija/spectrobot_ws/install/_local_setup_util_ps1.py'
[2.142s] INFO:colcon.colcon_core.shell:Creating prefix chain script '/home/sithija/spectrobot_ws/install/setup.ps1'
[2.159s] INFO:colcon.colcon_core.shell:Creating prefix script '/home/sithija/spectrobot_ws/install/local_setup.sh'
[2.159s] INFO:colcon.colcon_core.shell:Creating prefix util module '/home/sithija/spectrobot_ws/install/_local_setup_util_sh.py'
[2.160s] INFO:colcon.colcon_core.shell:Creating prefix chain script '/home/sithija/spectrobot_ws/install/setup.sh'
[2.177s] INFO:colcon.colcon_core.shell:Creating prefix script '/home/sithija/spectrobot_ws/install/local_setup.bash'
[2.177s] INFO:colcon.colcon_core.shell:Creating prefix chain script '/home/sithija/spectrobot_ws/install/setup.bash'
[2.194s] INFO:colcon.colcon_core.shell:Creating prefix script '/home/sithija/spectrobot_ws/install/local_setup.zsh'
[2.194s] INFO:colcon.colcon_core.shell:Creating prefix chain script '/home/sithija/spectrobot_ws/install/setup.zsh'
