[0.123s] Invoking command in '/home/sithija/spectrobot_ws/build/robot_description': CMAKE_PREFIX_PATH=${CMAKE_PREFIX_PATH}:/home/sithija/ros2_ws/install/my_robot_controller:/home/sithija/ros2_ws/install/fleet_subscriber:/home/sithija/ros2_ws/install/fleet_base:/home/sithija/ros2_ws/install/recovery_pulse_test:/home/sithija/ros2_ws/install/recovery_pathfinder:/home/sithija/ros2_ws/install/recoveryPathFinder:/home/sithija/ros2_ws/install/py_pubsub:/home/sithija/ros2_ws/install/obstacle_detector:/home/sithija/ros2_ws/install/first_bot:/home/sithija/ros2_ws/install/explore:/home/sithija/custombot_ws/install/robot_model_pkg:/home/sithija/custombot_ws/install/explore:/home/sithija/cambot_ws/install/navcontrol:/home/sithija/simulation_ws/install/us_handler:/home/sithija/simulation_ws/install/recovery_pulse_test:/home/sithija/simulation_ws/install/recovery_pathfinder:/home/sithija/simulation_ws/install/rate_converter:/home/sithija/simulation_ws/install/obstacle_detector:/opt/ros/humble /usr/bin/cmake --build /home/sithija/spectrobot_ws/build/robot_description -- -j16 -l16
[0.183s] -- Found ament_cmake: 1.3.6 (/opt/ros/humble/share/ament_cmake/cmake)
[0.429s] -- Override CMake install command with custom implementation using symlinks instead of copying resources
[0.445s] -- Found ament_lint_auto: 0.12.9 (/opt/ros/humble/share/ament_lint_auto/cmake)
[0.567s] -- Added test 'lint_cmake' to check CMake code style
[0.570s] -- Added test 'xmllint' to check XML markup files
[0.572s] -- Configuring done
[0.579s] -- Generating done
[0.581s] -- Build files have been written to: /home/sithija/spectrobot_ws/build/robot_description
[0.611s] Invoked command in '/home/sithija/spectrobot_ws/build/robot_description' returned '0': CMAKE_PREFIX_PATH=${CMAKE_PREFIX_PATH}:/home/sithija/ros2_ws/install/my_robot_controller:/home/sithija/ros2_ws/install/fleet_subscriber:/home/sithija/ros2_ws/install/fleet_base:/home/sithija/ros2_ws/install/recovery_pulse_test:/home/sithija/ros2_ws/install/recovery_pathfinder:/home/sithija/ros2_ws/install/recoveryPathFinder:/home/sithija/ros2_ws/install/py_pubsub:/home/sithija/ros2_ws/install/obstacle_detector:/home/sithija/ros2_ws/install/first_bot:/home/sithija/ros2_ws/install/explore:/home/sithija/custombot_ws/install/robot_model_pkg:/home/sithija/custombot_ws/install/explore:/home/sithija/cambot_ws/install/navcontrol:/home/sithija/simulation_ws/install/us_handler:/home/sithija/simulation_ws/install/recovery_pulse_test:/home/sithija/simulation_ws/install/recovery_pathfinder:/home/sithija/simulation_ws/install/rate_converter:/home/sithija/simulation_ws/install/obstacle_detector:/opt/ros/humble /usr/bin/cmake --build /home/sithija/spectrobot_ws/build/robot_description -- -j16 -l16
[0.705s] Invoking command in '/home/sithija/spectrobot_ws/build/robot_description': CMAKE_PREFIX_PATH=${CMAKE_PREFIX_PATH}:/home/sithija/ros2_ws/install/my_robot_controller:/home/sithija/ros2_ws/install/fleet_subscriber:/home/sithija/ros2_ws/install/fleet_base:/home/sithija/ros2_ws/install/recovery_pulse_test:/home/sithija/ros2_ws/install/recovery_pathfinder:/home/sithija/ros2_ws/install/recoveryPathFinder:/home/sithija/ros2_ws/install/py_pubsub:/home/sithija/ros2_ws/install/obstacle_detector:/home/sithija/ros2_ws/install/first_bot:/home/sithija/ros2_ws/install/explore:/home/sithija/custombot_ws/install/robot_model_pkg:/home/sithija/custombot_ws/install/explore:/home/sithija/cambot_ws/install/navcontrol:/home/sithija/simulation_ws/install/us_handler:/home/sithija/simulation_ws/install/recovery_pulse_test:/home/sithija/simulation_ws/install/recovery_pathfinder:/home/sithija/simulation_ws/install/rate_converter:/home/sithija/simulation_ws/install/obstacle_detector:/opt/ros/humble /usr/bin/cmake --install /home/sithija/spectrobot_ws/build/robot_description
[0.725s] -- Install configuration: ""
[0.726s] -- Execute custom install script
[0.727s] -- Symlinking: /home/sithija/spectrobot_ws/install/robot_description/share/robot_description/urdf/robot.urdf.xacro
[0.739s] -- Up-to-date symlink: /home/sithija/spectrobot_ws/install/robot_description/share/ament_index/resource_index/package_run_dependencies/robot_description
[0.739s] -- Up-to-date symlink: /home/sithija/spectrobot_ws/install/robot_description/share/ament_index/resource_index/parent_prefix_path/robot_description
[0.740s] -- Up-to-date symlink: /home/sithija/spectrobot_ws/install/robot_description/share/robot_description/environment/ament_prefix_path.sh
[0.740s] -- Up-to-date symlink: /home/sithija/spectrobot_ws/install/robot_description/share/robot_description/environment/ament_prefix_path.dsv
[0.740s] -- Up-to-date symlink: /home/sithija/spectrobot_ws/install/robot_description/share/robot_description/environment/path.sh
[0.740s] -- Up-to-date symlink: /home/sithija/spectrobot_ws/install/robot_description/share/robot_description/environment/path.dsv
[0.741s] -- Up-to-date symlink: /home/sithija/spectrobot_ws/install/robot_description/share/robot_description/local_setup.bash
[0.741s] -- Up-to-date symlink: /home/sithija/spectrobot_ws/install/robot_description/share/robot_description/local_setup.sh
[0.742s] -- Up-to-date symlink: /home/sithija/spectrobot_ws/install/robot_description/share/robot_description/local_setup.zsh
[0.742s] -- Up-to-date symlink: /home/sithija/spectrobot_ws/install/robot_description/share/robot_description/local_setup.dsv
[0.742s] -- Symlinking: /home/sithija/spectrobot_ws/install/robot_description/share/robot_description/package.dsv
[0.768s] -- Up-to-date symlink: /home/sithija/spectrobot_ws/install/robot_description/share/ament_index/resource_index/packages/robot_description
[0.769s] -- Up-to-date symlink: /home/sithija/spectrobot_ws/install/robot_description/share/robot_description/cmake/robot_descriptionConfig.cmake
[0.769s] -- Up-to-date symlink: /home/sithija/spectrobot_ws/install/robot_description/share/robot_description/cmake/robot_descriptionConfig-version.cmake
[0.770s] -- Up-to-date symlink: /home/sithija/spectrobot_ws/install/robot_description/share/robot_description/package.xml
[0.774s] Invoked command in '/home/sithija/spectrobot_ws/build/robot_description' returned '0': CMAKE_PREFIX_PATH=${CMAKE_PREFIX_PATH}:/home/sithija/ros2_ws/install/my_robot_controller:/home/sithija/ros2_ws/install/fleet_subscriber:/home/sithija/ros2_ws/install/fleet_base:/home/sithija/ros2_ws/install/recovery_pulse_test:/home/sithija/ros2_ws/install/recovery_pathfinder:/home/sithija/ros2_ws/install/recoveryPathFinder:/home/sithija/ros2_ws/install/py_pubsub:/home/sithija/ros2_ws/install/obstacle_detector:/home/sithija/ros2_ws/install/first_bot:/home/sithija/ros2_ws/install/explore:/home/sithija/custombot_ws/install/robot_model_pkg:/home/sithija/custombot_ws/install/explore:/home/sithija/cambot_ws/install/navcontrol:/home/sithija/simulation_ws/install/us_handler:/home/sithija/simulation_ws/install/recovery_pulse_test:/home/sithija/simulation_ws/install/recovery_pathfinder:/home/sithija/simulation_ws/install/rate_converter:/home/sithija/simulation_ws/install/obstacle_detector:/opt/ros/humble /usr/bin/cmake --install /home/sithija/spectrobot_ws/build/robot_description
