[0.135s] Invoking command in '/home/sithija/spectrobot_ws/build/spectrobot_controller': CMAKE_PREFIX_PATH=${CMAKE_PREFIX_PATH}:/home/sithija/ros2_ws/install/my_robot_controller:/home/sithija/ros2_ws/install/fleet_subscriber:/home/sithija/ros2_ws/install/fleet_base:/home/sithija/ros2_ws/install/recovery_pulse_test:/home/sithija/ros2_ws/install/recovery_pathfinder:/home/sithija/ros2_ws/install/recoveryPathFinder:/home/sithija/ros2_ws/install/py_pubsub:/home/sithija/ros2_ws/install/obstacle_detector:/home/sithija/ros2_ws/install/first_bot:/home/sithija/ros2_ws/install/explore:/home/sithija/custombot_ws/install/robot_model_pkg:/home/sithija/custombot_ws/install/explore:/home/sithija/cambot_ws/install/navcontrol:/home/sithija/simulation_ws/install/us_handler:/home/sithija/simulation_ws/install/recovery_pulse_test:/home/sithija/simulation_ws/install/recovery_pathfinder:/home/sithija/simulation_ws/install/rate_converter:/home/sithija/simulation_ws/install/obstacle_detector:/opt/ros/humble /usr/bin/cmake /home/sithija/spectrobot_ws/src/spectrobot_controller -DAMENT_CMAKE_SYMLINK_INSTALL=1 -DCMAKE_INSTALL_PREFIX=/home/sithija/spectrobot_ws/install/spectrobot_controller
[0.277s] -- The C compiler identification is GNU 11.4.0
[0.388s] -- The CXX compiler identification is GNU 11.4.0
[0.405s] -- Detecting C compiler ABI info
[0.523s] -- Detecting C compiler ABI info - done
[0.545s] -- Check for working C compiler: /usr/bin/cc - skipped
[0.545s] -- Detecting C compile features
[0.547s] -- Detecting C compile features - done
[0.554s] -- Detecting CXX compiler ABI info
[0.734s] -- Detecting CXX compiler ABI info - done
[0.752s] -- Check for working CXX compiler: /usr/bin/c++ - skipped
[0.752s] -- Detecting CXX compile features
[0.754s] -- Detecting CXX compile features - done
[0.784s] -- Found ament_cmake: 1.3.6 (/opt/ros/humble/share/ament_cmake/cmake)
[1.266s] -- Found Python3: /usr/bin/python3.10 (found version "3.10.12") found components: Interpreter 
[1.383s] -- Override CMake install command with custom implementation using symlinks instead of copying resources
[1.541s] -- Found ament_lint_auto: 0.12.9 (/opt/ros/humble/share/ament_lint_auto/cmake)
[1.694s] -- Added test 'lint_cmake' to check CMake code style
[1.696s] -- Added test 'xmllint' to check XML markup files
[1.699s] -- Configuring done
[1.702s] -- Generating done
[1.702s] -- Build files have been written to: /home/sithija/spectrobot_ws/build/spectrobot_controller
[1.707s] Invoked command in '/home/sithija/spectrobot_ws/build/spectrobot_controller' returned '0': CMAKE_PREFIX_PATH=${CMAKE_PREFIX_PATH}:/home/sithija/ros2_ws/install/my_robot_controller:/home/sithija/ros2_ws/install/fleet_subscriber:/home/sithija/ros2_ws/install/fleet_base:/home/sithija/ros2_ws/install/recovery_pulse_test:/home/sithija/ros2_ws/install/recovery_pathfinder:/home/sithija/ros2_ws/install/recoveryPathFinder:/home/sithija/ros2_ws/install/py_pubsub:/home/sithija/ros2_ws/install/obstacle_detector:/home/sithija/ros2_ws/install/first_bot:/home/sithija/ros2_ws/install/explore:/home/sithija/custombot_ws/install/robot_model_pkg:/home/sithija/custombot_ws/install/explore:/home/sithija/cambot_ws/install/navcontrol:/home/sithija/simulation_ws/install/us_handler:/home/sithija/simulation_ws/install/recovery_pulse_test:/home/sithija/simulation_ws/install/recovery_pathfinder:/home/sithija/simulation_ws/install/rate_converter:/home/sithija/simulation_ws/install/obstacle_detector:/opt/ros/humble /usr/bin/cmake /home/sithija/spectrobot_ws/src/spectrobot_controller -DAMENT_CMAKE_SYMLINK_INSTALL=1 -DCMAKE_INSTALL_PREFIX=/home/sithija/spectrobot_ws/install/spectrobot_controller
[1.710s] Invoking command in '/home/sithija/spectrobot_ws/build/spectrobot_controller': CMAKE_PREFIX_PATH=${CMAKE_PREFIX_PATH}:/home/sithija/ros2_ws/install/my_robot_controller:/home/sithija/ros2_ws/install/fleet_subscriber:/home/sithija/ros2_ws/install/fleet_base:/home/sithija/ros2_ws/install/recovery_pulse_test:/home/sithija/ros2_ws/install/recovery_pathfinder:/home/sithija/ros2_ws/install/recoveryPathFinder:/home/sithija/ros2_ws/install/py_pubsub:/home/sithija/ros2_ws/install/obstacle_detector:/home/sithija/ros2_ws/install/first_bot:/home/sithija/ros2_ws/install/explore:/home/sithija/custombot_ws/install/robot_model_pkg:/home/sithija/custombot_ws/install/explore:/home/sithija/cambot_ws/install/navcontrol:/home/sithija/simulation_ws/install/us_handler:/home/sithija/simulation_ws/install/recovery_pulse_test:/home/sithija/simulation_ws/install/recovery_pathfinder:/home/sithija/simulation_ws/install/rate_converter:/home/sithija/simulation_ws/install/obstacle_detector:/opt/ros/humble /usr/bin/cmake --build /home/sithija/spectrobot_ws/build/spectrobot_controller -- -j16 -l16
[1.775s] Invoked command in '/home/sithija/spectrobot_ws/build/spectrobot_controller' returned '0': CMAKE_PREFIX_PATH=${CMAKE_PREFIX_PATH}:/home/sithija/ros2_ws/install/my_robot_controller:/home/sithija/ros2_ws/install/fleet_subscriber:/home/sithija/ros2_ws/install/fleet_base:/home/sithija/ros2_ws/install/recovery_pulse_test:/home/sithija/ros2_ws/install/recovery_pathfinder:/home/sithija/ros2_ws/install/recoveryPathFinder:/home/sithija/ros2_ws/install/py_pubsub:/home/sithija/ros2_ws/install/obstacle_detector:/home/sithija/ros2_ws/install/first_bot:/home/sithija/ros2_ws/install/explore:/home/sithija/custombot_ws/install/robot_model_pkg:/home/sithija/custombot_ws/install/explore:/home/sithija/cambot_ws/install/navcontrol:/home/sithija/simulation_ws/install/us_handler:/home/sithija/simulation_ws/install/recovery_pulse_test:/home/sithija/simulation_ws/install/recovery_pathfinder:/home/sithija/simulation_ws/install/rate_converter:/home/sithija/simulation_ws/install/obstacle_detector:/opt/ros/humble /usr/bin/cmake --build /home/sithija/spectrobot_ws/build/spectrobot_controller -- -j16 -l16
[1.843s] Invoking command in '/home/sithija/spectrobot_ws/build/spectrobot_controller': CMAKE_PREFIX_PATH=${CMAKE_PREFIX_PATH}:/home/sithija/ros2_ws/install/my_robot_controller:/home/sithija/ros2_ws/install/fleet_subscriber:/home/sithija/ros2_ws/install/fleet_base:/home/sithija/ros2_ws/install/recovery_pulse_test:/home/sithija/ros2_ws/install/recovery_pathfinder:/home/sithija/ros2_ws/install/recoveryPathFinder:/home/sithija/ros2_ws/install/py_pubsub:/home/sithija/ros2_ws/install/obstacle_detector:/home/sithija/ros2_ws/install/first_bot:/home/sithija/ros2_ws/install/explore:/home/sithija/custombot_ws/install/robot_model_pkg:/home/sithija/custombot_ws/install/explore:/home/sithija/cambot_ws/install/navcontrol:/home/sithija/simulation_ws/install/us_handler:/home/sithija/simulation_ws/install/recovery_pulse_test:/home/sithija/simulation_ws/install/recovery_pathfinder:/home/sithija/simulation_ws/install/rate_converter:/home/sithija/simulation_ws/install/obstacle_detector:/opt/ros/humble /usr/bin/cmake --install /home/sithija/spectrobot_ws/build/spectrobot_controller
[1.863s] -- Install configuration: ""
[1.864s] -- Execute custom install script
[1.866s] -- Symlinking: /home/sithija/spectrobot_ws/install/spectrobot_controller/share/spectrobot_controller/config/spectrobot_controllers.yaml
[1.878s] -- Symlinking: /home/sithija/spectrobot_ws/install/spectrobot_controller/share/ament_index/resource_index/package_run_dependencies/spectrobot_controller
[1.890s] -- Symlinking: /home/sithija/spectrobot_ws/install/spectrobot_controller/share/ament_index/resource_index/parent_prefix_path/spectrobot_controller
[1.901s] -- Symlinking: /home/sithija/spectrobot_ws/install/spectrobot_controller/share/spectrobot_controller/environment/ament_prefix_path.sh
[1.914s] -- Symlinking: /home/sithija/spectrobot_ws/install/spectrobot_controller/share/spectrobot_controller/environment/ament_prefix_path.dsv
[1.926s] -- Symlinking: /home/sithija/spectrobot_ws/install/spectrobot_controller/share/spectrobot_controller/environment/path.sh
[1.938s] -- Symlinking: /home/sithija/spectrobot_ws/install/spectrobot_controller/share/spectrobot_controller/environment/path.dsv
[1.950s] -- Symlinking: /home/sithija/spectrobot_ws/install/spectrobot_controller/share/spectrobot_controller/local_setup.bash
[1.961s] -- Symlinking: /home/sithija/spectrobot_ws/install/spectrobot_controller/share/spectrobot_controller/local_setup.sh
[1.972s] -- Symlinking: /home/sithija/spectrobot_ws/install/spectrobot_controller/share/spectrobot_controller/local_setup.zsh
[1.984s] -- Symlinking: /home/sithija/spectrobot_ws/install/spectrobot_controller/share/spectrobot_controller/local_setup.dsv
[1.996s] -- Symlinking: /home/sithija/spectrobot_ws/install/spectrobot_controller/share/spectrobot_controller/package.dsv
[2.011s] -- Symlinking: /home/sithija/spectrobot_ws/install/spectrobot_controller/share/ament_index/resource_index/packages/spectrobot_controller
[2.035s] -- Symlinking: /home/sithija/spectrobot_ws/install/spectrobot_controller/share/spectrobot_controller/cmake/spectrobot_controllerConfig.cmake
[2.047s] -- Symlinking: /home/sithija/spectrobot_ws/install/spectrobot_controller/share/spectrobot_controller/cmake/spectrobot_controllerConfig-version.cmake
[2.058s] -- Symlinking: /home/sithija/spectrobot_ws/install/spectrobot_controller/share/spectrobot_controller/package.xml
[2.086s] Invoked command in '/home/sithija/spectrobot_ws/build/spectrobot_controller' returned '0': CMAKE_PREFIX_PATH=${CMAKE_PREFIX_PATH}:/home/sithija/ros2_ws/install/my_robot_controller:/home/sithija/ros2_ws/install/fleet_subscriber:/home/sithija/ros2_ws/install/fleet_base:/home/sithija/ros2_ws/install/recovery_pulse_test:/home/sithija/ros2_ws/install/recovery_pathfinder:/home/sithija/ros2_ws/install/recoveryPathFinder:/home/sithija/ros2_ws/install/py_pubsub:/home/sithija/ros2_ws/install/obstacle_detector:/home/sithija/ros2_ws/install/first_bot:/home/sithija/ros2_ws/install/explore:/home/sithija/custombot_ws/install/robot_model_pkg:/home/sithija/custombot_ws/install/explore:/home/sithija/cambot_ws/install/navcontrol:/home/sithija/simulation_ws/install/us_handler:/home/sithija/simulation_ws/install/recovery_pulse_test:/home/sithija/simulation_ws/install/recovery_pathfinder:/home/sithija/simulation_ws/install/rate_converter:/home/sithija/simulation_ws/install/obstacle_detector:/opt/ros/humble /usr/bin/cmake --install /home/sithija/spectrobot_ws/build/spectrobot_controller
