[1.020s] DEBUG:colcon:Command line arguments: ['/usr/bin/colcon', 'build', '--symlink-install']
[1.020s] DEBUG:colcon:Parsed command line arguments: Namespace(log_base=None, log_level=None, verb_name='build', build_base='build', install_base='install', merge_install=False, symlink_install=True, test_result_base=None, continue_on_error=False, executor='parallel', parallel_workers=16, event_handlers=None, ignore_user_meta=False, metas=['./colcon.meta'], base_paths=['.'], packages_ignore=None, packages_ignore_regex=None, paths=None, packages_up_to=None, packages_up_to_regex=None, packages_above=None, packages_above_and_dependencies=None, packages_above_depth=None, packages_select_by_dep=None, packages_skip_by_dep=None, packages_skip_up_to=None, packages_select_build_failed=False, packages_skip_build_finished=False, packages_select_test_failures=False, packages_skip_test_passed=False, packages_select=None, packages_skip=None, packages_select_regex=None, packages_skip_regex=None, packages_start=None, packages_end=None, allow_overriding=[], cmake_args=None, cmake_target=None, cmake_target_skip_unavailable=False, cmake_clean_cache=False, cmake_clean_first=False, cmake_force_configure=False, ament_cmake_args=None, catkin_cmake_args=None, catkin_skip_building_tests=False, verb_parser=<colcon_defaults.argument_parser.defaults.DefaultArgumentsDecorator object at 0x79df44ad66e0>, verb_extension=<colcon_core.verb.build.BuildVerb object at 0x79df44ad4b80>, main=<bound method BuildVerb.main of <colcon_core.verb.build.BuildVerb object at 0x79df44ad4b80>>)
[1.066s] Level 1:colcon.colcon_core.package_discovery:discover_packages(colcon_meta) check parameters
[1.066s] Level 1:colcon.colcon_core.package_discovery:discover_packages(recursive) check parameters
[1.066s] Level 1:colcon.colcon_core.package_discovery:discover_packages(ignore) check parameters
[1.066s] Level 1:colcon.colcon_core.package_discovery:discover_packages(path) check parameters
[1.066s] Level 1:colcon.colcon_core.package_discovery:discover_packages(colcon_meta) discover
[1.066s] Level 1:colcon.colcon_core.package_discovery:discover_packages(recursive) discover
[1.066s] INFO:colcon.colcon_core.package_discovery:Crawling recursively for packages in '/home/sithija/spectrobot_ws'
[1.066s] Level 1:colcon.colcon_core.package_identification:_identify(.) by extensions ['ignore', 'ignore_ament_install']
[1.066s] Level 1:colcon.colcon_core.package_identification:_identify(.) by extension 'ignore'
[1.066s] Level 1:colcon.colcon_core.package_identification:_identify(.) by extension 'ignore_ament_install'
[1.066s] Level 1:colcon.colcon_core.package_identification:_identify(.) by extensions ['colcon_pkg']
[1.066s] Level 1:colcon.colcon_core.package_identification:_identify(.) by extension 'colcon_pkg'
[1.066s] Level 1:colcon.colcon_core.package_identification:_identify(.) by extensions ['colcon_meta']
[1.066s] Level 1:colcon.colcon_core.package_identification:_identify(.) by extension 'colcon_meta'
[1.066s] Level 1:colcon.colcon_core.package_identification:_identify(.) by extensions ['ros']
[1.066s] Level 1:colcon.colcon_core.package_identification:_identify(.) by extension 'ros'
[1.076s] Level 1:colcon.colcon_core.package_identification:_identify(.) by extensions ['cmake', 'python']
[1.076s] Level 1:colcon.colcon_core.package_identification:_identify(.) by extension 'cmake'
[1.076s] Level 1:colcon.colcon_core.package_identification:_identify(.) by extension 'python'
[1.076s] Level 1:colcon.colcon_core.package_identification:_identify(.) by extensions ['python_setup_py']
[1.076s] Level 1:colcon.colcon_core.package_identification:_identify(.) by extension 'python_setup_py'
[1.076s] Level 1:colcon.colcon_core.package_identification:_identify(build) by extensions ['ignore', 'ignore_ament_install']
[1.076s] Level 1:colcon.colcon_core.package_identification:_identify(build) by extension 'ignore'
[1.076s] Level 1:colcon.colcon_core.package_identification:_identify(build) ignored
[1.076s] Level 1:colcon.colcon_core.package_identification:_identify(install) by extensions ['ignore', 'ignore_ament_install']
[1.076s] Level 1:colcon.colcon_core.package_identification:_identify(install) by extension 'ignore'
[1.076s] Level 1:colcon.colcon_core.package_identification:_identify(install) ignored
[1.077s] Level 1:colcon.colcon_core.package_identification:_identify(log) by extensions ['ignore', 'ignore_ament_install']
[1.077s] Level 1:colcon.colcon_core.package_identification:_identify(log) by extension 'ignore'
[1.077s] Level 1:colcon.colcon_core.package_identification:_identify(log) ignored
[1.077s] Level 1:colcon.colcon_core.package_identification:_identify(src) by extensions ['ignore', 'ignore_ament_install']
[1.077s] Level 1:colcon.colcon_core.package_identification:_identify(src) by extension 'ignore'
[1.077s] Level 1:colcon.colcon_core.package_identification:_identify(src) by extension 'ignore_ament_install'
[1.077s] Level 1:colcon.colcon_core.package_identification:_identify(src) by extensions ['colcon_pkg']
[1.077s] Level 1:colcon.colcon_core.package_identification:_identify(src) by extension 'colcon_pkg'
[1.077s] Level 1:colcon.colcon_core.package_identification:_identify(src) by extensions ['colcon_meta']
[1.077s] Level 1:colcon.colcon_core.package_identification:_identify(src) by extension 'colcon_meta'
[1.077s] Level 1:colcon.colcon_core.package_identification:_identify(src) by extensions ['ros']
[1.077s] Level 1:colcon.colcon_core.package_identification:_identify(src) by extension 'ros'
[1.077s] Level 1:colcon.colcon_core.package_identification:_identify(src) by extensions ['cmake', 'python']
[1.077s] Level 1:colcon.colcon_core.package_identification:_identify(src) by extension 'cmake'
[1.077s] Level 1:colcon.colcon_core.package_identification:_identify(src) by extension 'python'
[1.077s] Level 1:colcon.colcon_core.package_identification:_identify(src) by extensions ['python_setup_py']
[1.077s] Level 1:colcon.colcon_core.package_identification:_identify(src) by extension 'python_setup_py'
[1.077s] Level 1:colcon.colcon_core.package_identification:_identify(src/robot_description) by extensions ['ignore', 'ignore_ament_install']
[1.077s] Level 1:colcon.colcon_core.package_identification:_identify(src/robot_description) by extension 'ignore'
[1.077s] Level 1:colcon.colcon_core.package_identification:_identify(src/robot_description) by extension 'ignore_ament_install'
[1.077s] Level 1:colcon.colcon_core.package_identification:_identify(src/robot_description) by extensions ['colcon_pkg']
[1.077s] Level 1:colcon.colcon_core.package_identification:_identify(src/robot_description) by extension 'colcon_pkg'
[1.077s] Level 1:colcon.colcon_core.package_identification:_identify(src/robot_description) by extensions ['colcon_meta']
[1.077s] Level 1:colcon.colcon_core.package_identification:_identify(src/robot_description) by extension 'colcon_meta'
[1.078s] Level 1:colcon.colcon_core.package_identification:_identify(src/robot_description) by extensions ['ros']
[1.078s] Level 1:colcon.colcon_core.package_identification:_identify(src/robot_description) by extension 'ros'
[1.079s] DEBUG:colcon.colcon_core.package_identification:Package 'src/robot_description' with type 'ros.ament_cmake' and name 'robot_description'
[1.079s] Level 1:colcon.colcon_core.package_discovery:discover_packages(recursive) using defaults
[1.080s] Level 1:colcon.colcon_core.package_discovery:discover_packages(ignore) discover
[1.080s] Level 1:colcon.colcon_core.package_discovery:discover_packages(ignore) using defaults
[1.080s] Level 1:colcon.colcon_core.package_discovery:discover_packages(path) discover
[1.080s] Level 1:colcon.colcon_core.package_discovery:discover_packages(path) using defaults
[1.171s] Level 1:colcon.colcon_core.package_discovery:discover_packages(prefix_path) check parameters
[1.171s] Level 1:colcon.colcon_core.package_discovery:discover_packages(prefix_path) discover
[1.214s] DEBUG:colcon.colcon_installed_package_information.package_discovery:Found 20 installed packages in /home/sithija/ros2_ws/install
[1.229s] DEBUG:colcon.colcon_installed_package_information.package_discovery:Found 2 installed packages in /home/sithija/custombot_ws/install
[1.244s] DEBUG:colcon.colcon_installed_package_information.package_discovery:Found 1 installed packages in /home/sithija/cambot_ws/install
[1.259s] DEBUG:colcon.colcon_installed_package_information.package_discovery:Found 16 installed packages in /home/sithija/simulation_ws/install
[1.276s] DEBUG:colcon.colcon_installed_package_information.package_discovery:Found 400 installed packages in /opt/ros/humble
[1.278s] Level 1:colcon.colcon_core.package_discovery:discover_packages(prefix_path) using defaults
[1.373s] Level 5:colcon.colcon_core.verb:set package 'robot_description' build argument 'cmake_args' from command line to 'None'
[1.373s] Level 5:colcon.colcon_core.verb:set package 'robot_description' build argument 'cmake_target' from command line to 'None'
[1.373s] Level 5:colcon.colcon_core.verb:set package 'robot_description' build argument 'cmake_target_skip_unavailable' from command line to 'False'
[1.373s] Level 5:colcon.colcon_core.verb:set package 'robot_description' build argument 'cmake_clean_cache' from command line to 'False'
[1.373s] Level 5:colcon.colcon_core.verb:set package 'robot_description' build argument 'cmake_clean_first' from command line to 'False'
[1.373s] Level 5:colcon.colcon_core.verb:set package 'robot_description' build argument 'cmake_force_configure' from command line to 'False'
[1.373s] Level 5:colcon.colcon_core.verb:set package 'robot_description' build argument 'ament_cmake_args' from command line to 'None'
[1.373s] Level 5:colcon.colcon_core.verb:set package 'robot_description' build argument 'catkin_cmake_args' from command line to 'None'
[1.374s] Level 5:colcon.colcon_core.verb:set package 'robot_description' build argument 'catkin_skip_building_tests' from command line to 'False'
[1.374s] DEBUG:colcon.colcon_core.verb:Building package 'robot_description' with the following arguments: {'ament_cmake_args': None, 'build_base': '/home/sithija/spectrobot_ws/build/robot_description', 'catkin_cmake_args': None, 'catkin_skip_building_tests': False, 'cmake_args': None, 'cmake_clean_cache': False, 'cmake_clean_first': False, 'cmake_force_configure': False, 'cmake_target': None, 'cmake_target_skip_unavailable': False, 'install_base': '/home/sithija/spectrobot_ws/install/robot_description', 'merge_install': False, 'path': '/home/sithija/spectrobot_ws/src/robot_description', 'symlink_install': True, 'test_result_base': None}
[1.388s] INFO:colcon.colcon_core.executor:Executing jobs using 'parallel' executor
[1.404s] DEBUG:colcon.colcon_parallel_executor.executor.parallel:run_until_complete
[1.404s] INFO:colcon.colcon_ros.task.ament_cmake.build:Building ROS package in '/home/sithija/spectrobot_ws/src/robot_description' with build type 'ament_cmake'
[1.404s] INFO:colcon.colcon_cmake.task.cmake.build:Building CMake package in '/home/sithija/spectrobot_ws/src/robot_description'
[1.421s] INFO:colcon.colcon_core.plugin_system:Skipping extension 'colcon_core.shell.bat': Not used on non-Windows systems
[1.421s] INFO:colcon.colcon_core.shell:Skip shell extension 'powershell' for command environment: Not usable outside of PowerShell
[1.421s] DEBUG:colcon.colcon_core.shell:Skip shell extension 'dsv' for command environment
[1.523s] DEBUG:colcon.colcon_core.event_handler.log_command:Invoking command in '/home/sithija/spectrobot_ws/build/robot_description': CMAKE_PREFIX_PATH=${CMAKE_PREFIX_PATH}:/home/sithija/ros2_ws/install/my_robot_controller:/home/sithija/ros2_ws/install/fleet_subscriber:/home/sithija/ros2_ws/install/fleet_base:/home/sithija/ros2_ws/install/recovery_pulse_test:/home/sithija/ros2_ws/install/recovery_pathfinder:/home/sithija/ros2_ws/install/recoveryPathFinder:/home/sithija/ros2_ws/install/py_pubsub:/home/sithija/ros2_ws/install/obstacle_detector:/home/sithija/ros2_ws/install/first_bot:/home/sithija/ros2_ws/install/explore:/home/sithija/custombot_ws/install/robot_model_pkg:/home/sithija/custombot_ws/install/explore:/home/sithija/cambot_ws/install/navcontrol:/home/sithija/simulation_ws/install/us_handler:/home/sithija/simulation_ws/install/recovery_pulse_test:/home/sithija/simulation_ws/install/recovery_pathfinder:/home/sithija/simulation_ws/install/rate_converter:/home/sithija/simulation_ws/install/obstacle_detector:/opt/ros/humble /usr/bin/cmake --build /home/sithija/spectrobot_ws/build/robot_description -- -j16 -l16
[1.614s] DEBUG:colcon.colcon_core.event_handler.log_command:Invoked command in '/home/sithija/spectrobot_ws/build/robot_description' returned '0': CMAKE_PREFIX_PATH=${CMAKE_PREFIX_PATH}:/home/sithija/ros2_ws/install/my_robot_controller:/home/sithija/ros2_ws/install/fleet_subscriber:/home/sithija/ros2_ws/install/fleet_base:/home/sithija/ros2_ws/install/recovery_pulse_test:/home/sithija/ros2_ws/install/recovery_pathfinder:/home/sithija/ros2_ws/install/recoveryPathFinder:/home/sithija/ros2_ws/install/py_pubsub:/home/sithija/ros2_ws/install/obstacle_detector:/home/sithija/ros2_ws/install/first_bot:/home/sithija/ros2_ws/install/explore:/home/sithija/custombot_ws/install/robot_model_pkg:/home/sithija/custombot_ws/install/explore:/home/sithija/cambot_ws/install/navcontrol:/home/sithija/simulation_ws/install/us_handler:/home/sithija/simulation_ws/install/recovery_pulse_test:/home/sithija/simulation_ws/install/recovery_pathfinder:/home/sithija/simulation_ws/install/rate_converter:/home/sithija/simulation_ws/install/obstacle_detector:/opt/ros/humble /usr/bin/cmake --build /home/sithija/spectrobot_ws/build/robot_description -- -j16 -l16
[1.689s] DEBUG:colcon.colcon_core.event_handler.log_command:Invoking command in '/home/sithija/spectrobot_ws/build/robot_description': CMAKE_PREFIX_PATH=${CMAKE_PREFIX_PATH}:/home/sithija/ros2_ws/install/my_robot_controller:/home/sithija/ros2_ws/install/fleet_subscriber:/home/sithija/ros2_ws/install/fleet_base:/home/sithija/ros2_ws/install/recovery_pulse_test:/home/sithija/ros2_ws/install/recovery_pathfinder:/home/sithija/ros2_ws/install/recoveryPathFinder:/home/sithija/ros2_ws/install/py_pubsub:/home/sithija/ros2_ws/install/obstacle_detector:/home/sithija/ros2_ws/install/first_bot:/home/sithija/ros2_ws/install/explore:/home/sithija/custombot_ws/install/robot_model_pkg:/home/sithija/custombot_ws/install/explore:/home/sithija/cambot_ws/install/navcontrol:/home/sithija/simulation_ws/install/us_handler:/home/sithija/simulation_ws/install/recovery_pulse_test:/home/sithija/simulation_ws/install/recovery_pathfinder:/home/sithija/simulation_ws/install/rate_converter:/home/sithija/simulation_ws/install/obstacle_detector:/opt/ros/humble /usr/bin/cmake --install /home/sithija/spectrobot_ws/build/robot_description
[1.731s] Level 1:colcon.colcon_core.environment:create_environment_scripts_only(robot_description)
[1.732s] DEBUG:colcon.colcon_core.event_handler.log_command:Invoked command in '/home/sithija/spectrobot_ws/build/robot_description' returned '0': CMAKE_PREFIX_PATH=${CMAKE_PREFIX_PATH}:/home/sithija/ros2_ws/install/my_robot_controller:/home/sithija/ros2_ws/install/fleet_subscriber:/home/sithija/ros2_ws/install/fleet_base:/home/sithija/ros2_ws/install/recovery_pulse_test:/home/sithija/ros2_ws/install/recovery_pathfinder:/home/sithija/ros2_ws/install/recoveryPathFinder:/home/sithija/ros2_ws/install/py_pubsub:/home/sithija/ros2_ws/install/obstacle_detector:/home/sithija/ros2_ws/install/first_bot:/home/sithija/ros2_ws/install/explore:/home/sithija/custombot_ws/install/robot_model_pkg:/home/sithija/custombot_ws/install/explore:/home/sithija/cambot_ws/install/navcontrol:/home/sithija/simulation_ws/install/us_handler:/home/sithija/simulation_ws/install/recovery_pulse_test:/home/sithija/simulation_ws/install/recovery_pathfinder:/home/sithija/simulation_ws/install/rate_converter:/home/sithija/simulation_ws/install/obstacle_detector:/opt/ros/humble /usr/bin/cmake --install /home/sithija/spectrobot_ws/build/robot_description
[1.778s] Level 1:colcon.colcon_core.environment:checking '/home/sithija/spectrobot_ws/install/robot_description' for CMake module files
[1.779s] Level 1:colcon.colcon_core.environment:checking '/home/sithija/spectrobot_ws/install/robot_description' for CMake config files
[1.780s] Level 1:colcon.colcon_core.shell:create_environment_hook('robot_description', 'cmake_prefix_path')
[1.815s] INFO:colcon.colcon_core.shell:Creating environment hook '/home/sithija/spectrobot_ws/install/robot_description/share/robot_description/hook/cmake_prefix_path.ps1'
[1.815s] INFO:colcon.colcon_core.shell:Creating environment descriptor '/home/sithija/spectrobot_ws/install/robot_description/share/robot_description/hook/cmake_prefix_path.dsv'
[1.816s] INFO:colcon.colcon_core.shell:Creating environment hook '/home/sithija/spectrobot_ws/install/robot_description/share/robot_description/hook/cmake_prefix_path.sh'
[1.816s] Level 1:colcon.colcon_core.environment:checking '/home/sithija/spectrobot_ws/install/robot_description/bin'
[1.816s] Level 1:colcon.colcon_core.environment:checking '/home/sithija/spectrobot_ws/install/robot_description/lib/pkgconfig/robot_description.pc'
[1.817s] Level 1:colcon.colcon_core.environment:checking '/home/sithija/spectrobot_ws/install/robot_description/lib/python3.10/site-packages'
[1.817s] Level 1:colcon.colcon_core.environment:checking '/home/sithija/spectrobot_ws/install/robot_description/bin'
[1.831s] INFO:colcon.colcon_core.shell:Creating package script '/home/sithija/spectrobot_ws/install/robot_description/share/robot_description/package.ps1'
[1.832s] INFO:colcon.colcon_core.shell:Creating package descriptor '/home/sithija/spectrobot_ws/install/robot_description/share/robot_description/package.dsv'
[1.832s] INFO:colcon.colcon_core.shell:Creating package script '/home/sithija/spectrobot_ws/install/robot_description/share/robot_description/package.sh'
[1.833s] INFO:colcon.colcon_core.shell:Creating package script '/home/sithija/spectrobot_ws/install/robot_description/share/robot_description/package.bash'
[1.834s] INFO:colcon.colcon_core.shell:Creating package script '/home/sithija/spectrobot_ws/install/robot_description/share/robot_description/package.zsh'
[1.834s] Level 1:colcon.colcon_core.environment:create_file_with_runtime_dependencies(/home/sithija/spectrobot_ws/install/robot_description/share/colcon-core/packages/robot_description)
[1.944s] Level 1:colcon.colcon_core.environment:create_environment_scripts_only(robot_description)
[1.977s] Level 1:colcon.colcon_core.environment:checking '/home/sithija/spectrobot_ws/install/robot_description' for CMake module files
[1.978s] Level 1:colcon.colcon_core.environment:checking '/home/sithija/spectrobot_ws/install/robot_description' for CMake config files
[1.978s] Level 1:colcon.colcon_core.shell:create_environment_hook('robot_description', 'cmake_prefix_path')
[1.992s] INFO:colcon.colcon_core.shell:Creating environment hook '/home/sithija/spectrobot_ws/install/robot_description/share/robot_description/hook/cmake_prefix_path.ps1'
[1.992s] INFO:colcon.colcon_core.shell:Creating environment descriptor '/home/sithija/spectrobot_ws/install/robot_description/share/robot_description/hook/cmake_prefix_path.dsv'
[1.993s] INFO:colcon.colcon_core.shell:Creating environment hook '/home/sithija/spectrobot_ws/install/robot_description/share/robot_description/hook/cmake_prefix_path.sh'
[1.993s] Level 1:colcon.colcon_core.environment:checking '/home/sithija/spectrobot_ws/install/robot_description/bin'
[1.993s] Level 1:colcon.colcon_core.environment:checking '/home/sithija/spectrobot_ws/install/robot_description/lib/pkgconfig/robot_description.pc'
[1.993s] Level 1:colcon.colcon_core.environment:checking '/home/sithija/spectrobot_ws/install/robot_description/lib/python3.10/site-packages'
[1.993s] Level 1:colcon.colcon_core.environment:checking '/home/sithija/spectrobot_ws/install/robot_description/bin'
[2.008s] INFO:colcon.colcon_core.shell:Creating package script '/home/sithija/spectrobot_ws/install/robot_description/share/robot_description/package.ps1'
[2.008s] INFO:colcon.colcon_core.shell:Creating package descriptor '/home/sithija/spectrobot_ws/install/robot_description/share/robot_description/package.dsv'
[2.009s] INFO:colcon.colcon_core.shell:Creating package script '/home/sithija/spectrobot_ws/install/robot_description/share/robot_description/package.sh'
[2.009s] INFO:colcon.colcon_core.shell:Creating package script '/home/sithija/spectrobot_ws/install/robot_description/share/robot_description/package.bash'
[2.009s] INFO:colcon.colcon_core.shell:Creating package script '/home/sithija/spectrobot_ws/install/robot_description/share/robot_description/package.zsh'
[2.010s] Level 1:colcon.colcon_core.environment:create_file_with_runtime_dependencies(/home/sithija/spectrobot_ws/install/robot_description/share/colcon-core/packages/robot_description)
[2.010s] DEBUG:colcon.colcon_parallel_executor.executor.parallel:closing loop
[2.010s] DEBUG:colcon.colcon_parallel_executor.executor.parallel:loop closed
[2.010s] DEBUG:colcon.colcon_parallel_executor.executor.parallel:run_until_complete finished with '0'
[2.010s] DEBUG:colcon.colcon_core.event_reactor:joining thread
[2.037s] INFO:colcon.colcon_core.plugin_system:Skipping extension 'colcon_notification.desktop_notification.terminal_notifier': Not used on non-Darwin systems
[2.037s] INFO:colcon.colcon_core.plugin_system:Skipping extension 'colcon_notification.desktop_notification.win32': Not used on non-Windows systems
[2.037s] INFO:colcon.colcon_notification.desktop_notification:Sending desktop notification using 'notify2'
[2.052s] DEBUG:colcon.colcon_core.event_reactor:joined thread
[2.069s] INFO:colcon.colcon_core.shell:Creating prefix script '/home/sithija/spectrobot_ws/install/local_setup.ps1'
[2.070s] INFO:colcon.colcon_core.shell:Creating prefix util module '/home/sithija/spectrobot_ws/install/_local_setup_util_ps1.py'
[2.071s] INFO:colcon.colcon_core.shell:Creating prefix chain script '/home/sithija/spectrobot_ws/install/setup.ps1'
[2.088s] INFO:colcon.colcon_core.shell:Creating prefix script '/home/sithija/spectrobot_ws/install/local_setup.sh'
[2.088s] INFO:colcon.colcon_core.shell:Creating prefix util module '/home/sithija/spectrobot_ws/install/_local_setup_util_sh.py'
[2.089s] INFO:colcon.colcon_core.shell:Creating prefix chain script '/home/sithija/spectrobot_ws/install/setup.sh'
[2.106s] INFO:colcon.colcon_core.shell:Creating prefix script '/home/sithija/spectrobot_ws/install/local_setup.bash'
[2.106s] INFO:colcon.colcon_core.shell:Creating prefix chain script '/home/sithija/spectrobot_ws/install/setup.bash'
[2.124s] INFO:colcon.colcon_core.shell:Creating prefix script '/home/sithija/spectrobot_ws/install/local_setup.zsh'
[2.124s] INFO:colcon.colcon_core.shell:Creating prefix chain script '/home/sithija/spectrobot_ws/install/setup.zsh'
