[1.021s] DEBUG:colcon:Command line arguments: ['/usr/bin/colcon', 'build', '--symlink-install']
[1.021s] DEBUG:colcon:Parsed command line arguments: Namespace(log_base=None, log_level=None, verb_name='build', build_base='build', install_base='install', merge_install=False, symlink_install=True, test_result_base=None, continue_on_error=False, executor='parallel', parallel_workers=16, event_handlers=None, ignore_user_meta=False, metas=['./colcon.meta'], base_paths=['.'], packages_ignore=None, packages_ignore_regex=None, paths=None, packages_up_to=None, packages_up_to_regex=None, packages_above=None, packages_above_and_dependencies=None, packages_above_depth=None, packages_select_by_dep=None, packages_skip_by_dep=None, packages_skip_up_to=None, packages_select_build_failed=False, packages_skip_build_finished=False, packages_select_test_failures=False, packages_skip_test_passed=False, packages_select=None, packages_skip=None, packages_select_regex=None, packages_skip_regex=None, packages_start=None, packages_end=None, allow_overriding=[], cmake_args=None, cmake_target=None, cmake_target_skip_unavailable=False, cmake_clean_cache=False, cmake_clean_first=False, cmake_force_configure=False, ament_cmake_args=None, catkin_cmake_args=None, catkin_skip_building_tests=False, verb_parser=<colcon_defaults.argument_parser.defaults.DefaultArgumentsDecorator object at 0x701ffd2ee9e0>, verb_extension=<colcon_core.verb.build.BuildVerb object at 0x701ffd2ed3c0>, main=<bound method BuildVerb.main of <colcon_core.verb.build.BuildVerb object at 0x701ffd2ed3c0>>)
[1.066s] Level 1:colcon.colcon_core.package_discovery:discover_packages(colcon_meta) check parameters
[1.066s] Level 1:colcon.colcon_core.package_discovery:discover_packages(recursive) check parameters
[1.066s] Level 1:colcon.colcon_core.package_discovery:discover_packages(ignore) check parameters
[1.066s] Level 1:colcon.colcon_core.package_discovery:discover_packages(path) check parameters
[1.066s] Level 1:colcon.colcon_core.package_discovery:discover_packages(colcon_meta) discover
[1.066s] Level 1:colcon.colcon_core.package_discovery:discover_packages(recursive) discover
[1.066s] INFO:colcon.colcon_core.package_discovery:Crawling recursively for packages in '/home/sithija/spectrobot_ws'
[1.067s] Level 1:colcon.colcon_core.package_identification:_identify(.) by extensions ['ignore', 'ignore_ament_install']
[1.067s] Level 1:colcon.colcon_core.package_identification:_identify(.) by extension 'ignore'
[1.067s] Level 1:colcon.colcon_core.package_identification:_identify(.) by extension 'ignore_ament_install'
[1.067s] Level 1:colcon.colcon_core.package_identification:_identify(.) by extensions ['colcon_pkg']
[1.067s] Level 1:colcon.colcon_core.package_identification:_identify(.) by extension 'colcon_pkg'
[1.067s] Level 1:colcon.colcon_core.package_identification:_identify(.) by extensions ['colcon_meta']
[1.067s] Level 1:colcon.colcon_core.package_identification:_identify(.) by extension 'colcon_meta'
[1.067s] Level 1:colcon.colcon_core.package_identification:_identify(.) by extensions ['ros']
[1.067s] Level 1:colcon.colcon_core.package_identification:_identify(.) by extension 'ros'
[1.077s] Level 1:colcon.colcon_core.package_identification:_identify(.) by extensions ['cmake', 'python']
[1.077s] Level 1:colcon.colcon_core.package_identification:_identify(.) by extension 'cmake'
[1.077s] Level 1:colcon.colcon_core.package_identification:_identify(.) by extension 'python'
[1.077s] Level 1:colcon.colcon_core.package_identification:_identify(.) by extensions ['python_setup_py']
[1.077s] Level 1:colcon.colcon_core.package_identification:_identify(.) by extension 'python_setup_py'
[1.077s] Level 1:colcon.colcon_core.package_identification:_identify(build) by extensions ['ignore', 'ignore_ament_install']
[1.077s] Level 1:colcon.colcon_core.package_identification:_identify(build) by extension 'ignore'
[1.077s] Level 1:colcon.colcon_core.package_identification:_identify(build) ignored
[1.077s] Level 1:colcon.colcon_core.package_identification:_identify(install) by extensions ['ignore', 'ignore_ament_install']
[1.077s] Level 1:colcon.colcon_core.package_identification:_identify(install) by extension 'ignore'
[1.077s] Level 1:colcon.colcon_core.package_identification:_identify(install) ignored
[1.077s] Level 1:colcon.colcon_core.package_identification:_identify(log) by extensions ['ignore', 'ignore_ament_install']
[1.077s] Level 1:colcon.colcon_core.package_identification:_identify(log) by extension 'ignore'
[1.077s] Level 1:colcon.colcon_core.package_identification:_identify(log) ignored
[1.077s] Level 1:colcon.colcon_core.package_identification:_identify(src) by extensions ['ignore', 'ignore_ament_install']
[1.077s] Level 1:colcon.colcon_core.package_identification:_identify(src) by extension 'ignore'
[1.078s] Level 1:colcon.colcon_core.package_identification:_identify(src) by extension 'ignore_ament_install'
[1.078s] Level 1:colcon.colcon_core.package_identification:_identify(src) by extensions ['colcon_pkg']
[1.078s] Level 1:colcon.colcon_core.package_identification:_identify(src) by extension 'colcon_pkg'
[1.078s] Level 1:colcon.colcon_core.package_identification:_identify(src) by extensions ['colcon_meta']
[1.078s] Level 1:colcon.colcon_core.package_identification:_identify(src) by extension 'colcon_meta'
[1.078s] Level 1:colcon.colcon_core.package_identification:_identify(src) by extensions ['ros']
[1.078s] Level 1:colcon.colcon_core.package_identification:_identify(src) by extension 'ros'
[1.078s] Level 1:colcon.colcon_core.package_identification:_identify(src) by extensions ['cmake', 'python']
[1.078s] Level 1:colcon.colcon_core.package_identification:_identify(src) by extension 'cmake'
[1.078s] Level 1:colcon.colcon_core.package_identification:_identify(src) by extension 'python'
[1.078s] Level 1:colcon.colcon_core.package_identification:_identify(src) by extensions ['python_setup_py']
[1.078s] Level 1:colcon.colcon_core.package_identification:_identify(src) by extension 'python_setup_py'
[1.078s] Level 1:colcon.colcon_core.package_identification:_identify(src/robot_description) by extensions ['ignore', 'ignore_ament_install']
[1.078s] Level 1:colcon.colcon_core.package_identification:_identify(src/robot_description) by extension 'ignore'
[1.078s] Level 1:colcon.colcon_core.package_identification:_identify(src/robot_description) by extension 'ignore_ament_install'
[1.078s] Level 1:colcon.colcon_core.package_identification:_identify(src/robot_description) by extensions ['colcon_pkg']
[1.078s] Level 1:colcon.colcon_core.package_identification:_identify(src/robot_description) by extension 'colcon_pkg'
[1.078s] Level 1:colcon.colcon_core.package_identification:_identify(src/robot_description) by extensions ['colcon_meta']
[1.078s] Level 1:colcon.colcon_core.package_identification:_identify(src/robot_description) by extension 'colcon_meta'
[1.078s] Level 1:colcon.colcon_core.package_identification:_identify(src/robot_description) by extensions ['ros']
[1.078s] Level 1:colcon.colcon_core.package_identification:_identify(src/robot_description) by extension 'ros'
[1.080s] DEBUG:colcon.colcon_core.package_identification:Package 'src/robot_description' with type 'ros.ament_cmake' and name 'robot_description'
[1.080s] Level 1:colcon.colcon_core.package_identification:_identify(src/spectrobot_controller) by extensions ['ignore', 'ignore_ament_install']
[1.081s] Level 1:colcon.colcon_core.package_identification:_identify(src/spectrobot_controller) by extension 'ignore'
[1.081s] Level 1:colcon.colcon_core.package_identification:_identify(src/spectrobot_controller) by extension 'ignore_ament_install'
[1.081s] Level 1:colcon.colcon_core.package_identification:_identify(src/spectrobot_controller) by extensions ['colcon_pkg']
[1.081s] Level 1:colcon.colcon_core.package_identification:_identify(src/spectrobot_controller) by extension 'colcon_pkg'
[1.081s] Level 1:colcon.colcon_core.package_identification:_identify(src/spectrobot_controller) by extensions ['colcon_meta']
[1.081s] Level 1:colcon.colcon_core.package_identification:_identify(src/spectrobot_controller) by extension 'colcon_meta'
[1.081s] Level 1:colcon.colcon_core.package_identification:_identify(src/spectrobot_controller) by extensions ['ros']
[1.081s] Level 1:colcon.colcon_core.package_identification:_identify(src/spectrobot_controller) by extension 'ros'
[1.081s] DEBUG:colcon.colcon_core.package_identification:Package 'src/spectrobot_controller' with type 'ros.ament_cmake' and name 'spectrobot_controller'
[1.081s] Level 1:colcon.colcon_core.package_discovery:discover_packages(recursive) using defaults
[1.081s] Level 1:colcon.colcon_core.package_discovery:discover_packages(ignore) discover
[1.081s] Level 1:colcon.colcon_core.package_discovery:discover_packages(ignore) using defaults
[1.081s] Level 1:colcon.colcon_core.package_discovery:discover_packages(path) discover
[1.081s] Level 1:colcon.colcon_core.package_discovery:discover_packages(path) using defaults
[1.177s] Level 1:colcon.colcon_core.package_discovery:discover_packages(prefix_path) check parameters
[1.177s] Level 1:colcon.colcon_core.package_discovery:discover_packages(prefix_path) discover
[1.219s] DEBUG:colcon.colcon_installed_package_information.package_discovery:Found 3 installed packages in /home/sithija/spectrobot_ws/install
[1.234s] DEBUG:colcon.colcon_installed_package_information.package_discovery:Found 20 installed packages in /home/sithija/ros2_ws/install
[1.249s] DEBUG:colcon.colcon_installed_package_information.package_discovery:Found 2 installed packages in /home/sithija/custombot_ws/install
[1.263s] DEBUG:colcon.colcon_installed_package_information.package_discovery:Found 1 installed packages in /home/sithija/cambot_ws/install
[1.278s] DEBUG:colcon.colcon_installed_package_information.package_discovery:Found 16 installed packages in /home/sithija/simulation_ws/install
[1.294s] DEBUG:colcon.colcon_installed_package_information.package_discovery:Found 400 installed packages in /opt/ros/humble
[1.296s] Level 1:colcon.colcon_core.package_discovery:discover_packages(prefix_path) using defaults
[1.390s] Level 5:colcon.colcon_core.verb:set package 'robot_description' build argument 'cmake_args' from command line to 'None'
[1.390s] Level 5:colcon.colcon_core.verb:set package 'robot_description' build argument 'cmake_target' from command line to 'None'
[1.390s] Level 5:colcon.colcon_core.verb:set package 'robot_description' build argument 'cmake_target_skip_unavailable' from command line to 'False'
[1.390s] Level 5:colcon.colcon_core.verb:set package 'robot_description' build argument 'cmake_clean_cache' from command line to 'False'
[1.390s] Level 5:colcon.colcon_core.verb:set package 'robot_description' build argument 'cmake_clean_first' from command line to 'False'
[1.390s] Level 5:colcon.colcon_core.verb:set package 'robot_description' build argument 'cmake_force_configure' from command line to 'False'
[1.390s] Level 5:colcon.colcon_core.verb:set package 'robot_description' build argument 'ament_cmake_args' from command line to 'None'
[1.390s] Level 5:colcon.colcon_core.verb:set package 'robot_description' build argument 'catkin_cmake_args' from command line to 'None'
[1.390s] Level 5:colcon.colcon_core.verb:set package 'robot_description' build argument 'catkin_skip_building_tests' from command line to 'False'
[1.390s] DEBUG:colcon.colcon_core.verb:Building package 'robot_description' with the following arguments: {'ament_cmake_args': None, 'build_base': '/home/sithija/spectrobot_ws/build/robot_description', 'catkin_cmake_args': None, 'catkin_skip_building_tests': False, 'cmake_args': None, 'cmake_clean_cache': False, 'cmake_clean_first': False, 'cmake_force_configure': False, 'cmake_target': None, 'cmake_target_skip_unavailable': False, 'install_base': '/home/sithija/spectrobot_ws/install/robot_description', 'merge_install': False, 'path': '/home/sithija/spectrobot_ws/src/robot_description', 'symlink_install': True, 'test_result_base': None}
[1.405s] Level 5:colcon.colcon_core.verb:set package 'spectrobot_controller' build argument 'cmake_args' from command line to 'None'
[1.405s] Level 5:colcon.colcon_core.verb:set package 'spectrobot_controller' build argument 'cmake_target' from command line to 'None'
[1.405s] Level 5:colcon.colcon_core.verb:set package 'spectrobot_controller' build argument 'cmake_target_skip_unavailable' from command line to 'False'
[1.405s] Level 5:colcon.colcon_core.verb:set package 'spectrobot_controller' build argument 'cmake_clean_cache' from command line to 'False'
[1.405s] Level 5:colcon.colcon_core.verb:set package 'spectrobot_controller' build argument 'cmake_clean_first' from command line to 'False'
[1.405s] Level 5:colcon.colcon_core.verb:set package 'spectrobot_controller' build argument 'cmake_force_configure' from command line to 'False'
[1.405s] Level 5:colcon.colcon_core.verb:set package 'spectrobot_controller' build argument 'ament_cmake_args' from command line to 'None'
[1.405s] Level 5:colcon.colcon_core.verb:set package 'spectrobot_controller' build argument 'catkin_cmake_args' from command line to 'None'
[1.405s] Level 5:colcon.colcon_core.verb:set package 'spectrobot_controller' build argument 'catkin_skip_building_tests' from command line to 'False'
[1.405s] DEBUG:colcon.colcon_core.verb:Building package 'spectrobot_controller' with the following arguments: {'ament_cmake_args': None, 'build_base': '/home/sithija/spectrobot_ws/build/spectrobot_controller', 'catkin_cmake_args': None, 'catkin_skip_building_tests': False, 'cmake_args': None, 'cmake_clean_cache': False, 'cmake_clean_first': False, 'cmake_force_configure': False, 'cmake_target': None, 'cmake_target_skip_unavailable': False, 'install_base': '/home/sithija/spectrobot_ws/install/spectrobot_controller', 'merge_install': False, 'path': '/home/sithija/spectrobot_ws/src/spectrobot_controller', 'symlink_install': True, 'test_result_base': None}
[1.419s] INFO:colcon.colcon_core.executor:Executing jobs using 'parallel' executor
[1.434s] DEBUG:colcon.colcon_parallel_executor.executor.parallel:run_until_complete
[1.435s] INFO:colcon.colcon_ros.task.ament_cmake.build:Building ROS package in '/home/sithija/spectrobot_ws/src/robot_description' with build type 'ament_cmake'
[1.435s] INFO:colcon.colcon_cmake.task.cmake.build:Building CMake package in '/home/sithija/spectrobot_ws/src/robot_description'
[1.451s] INFO:colcon.colcon_core.plugin_system:Skipping extension 'colcon_core.shell.bat': Not used on non-Windows systems
[1.452s] INFO:colcon.colcon_core.shell:Skip shell extension 'powershell' for command environment: Not usable outside of PowerShell
[1.452s] DEBUG:colcon.colcon_core.shell:Skip shell extension 'dsv' for command environment
[1.559s] INFO:colcon.colcon_ros.task.ament_cmake.build:Building ROS package in '/home/sithija/spectrobot_ws/src/spectrobot_controller' with build type 'ament_cmake'
[1.559s] INFO:colcon.colcon_cmake.task.cmake.build:Building CMake package in '/home/sithija/spectrobot_ws/src/spectrobot_controller'
[1.575s] INFO:colcon.colcon_core.shell:Skip shell extension 'powershell' for command environment: Not usable outside of PowerShell
[1.575s] DEBUG:colcon.colcon_core.shell:Skip shell extension 'dsv' for command environment
[1.694s] DEBUG:colcon.colcon_core.event_handler.log_command:Invoking command in '/home/sithija/spectrobot_ws/build/robot_description': CMAKE_PREFIX_PATH=${CMAKE_PREFIX_PATH}:/home/sithija/ros2_ws/install/my_robot_controller:/home/sithija/ros2_ws/install/fleet_subscriber:/home/sithija/ros2_ws/install/fleet_base:/home/sithija/ros2_ws/install/recovery_pulse_test:/home/sithija/ros2_ws/install/recovery_pathfinder:/home/sithija/ros2_ws/install/recoveryPathFinder:/home/sithija/ros2_ws/install/py_pubsub:/home/sithija/ros2_ws/install/obstacle_detector:/home/sithija/ros2_ws/install/first_bot:/home/sithija/ros2_ws/install/explore:/home/sithija/custombot_ws/install/robot_model_pkg:/home/sithija/custombot_ws/install/explore:/home/sithija/cambot_ws/install/navcontrol:/home/sithija/simulation_ws/install/us_handler:/home/sithija/simulation_ws/install/recovery_pulse_test:/home/sithija/simulation_ws/install/recovery_pathfinder:/home/sithija/simulation_ws/install/rate_converter:/home/sithija/simulation_ws/install/obstacle_detector:/opt/ros/humble /usr/bin/cmake --build /home/sithija/spectrobot_ws/build/robot_description -- -j16 -l16
[1.701s] DEBUG:colcon.colcon_core.event_handler.log_command:Invoking command in '/home/sithija/spectrobot_ws/build/spectrobot_controller': CMAKE_PREFIX_PATH=${CMAKE_PREFIX_PATH}:/home/sithija/ros2_ws/install/my_robot_controller:/home/sithija/ros2_ws/install/fleet_subscriber:/home/sithija/ros2_ws/install/fleet_base:/home/sithija/ros2_ws/install/recovery_pulse_test:/home/sithija/ros2_ws/install/recovery_pathfinder:/home/sithija/ros2_ws/install/recoveryPathFinder:/home/sithija/ros2_ws/install/py_pubsub:/home/sithija/ros2_ws/install/obstacle_detector:/home/sithija/ros2_ws/install/first_bot:/home/sithija/ros2_ws/install/explore:/home/sithija/custombot_ws/install/robot_model_pkg:/home/sithija/custombot_ws/install/explore:/home/sithija/cambot_ws/install/navcontrol:/home/sithija/simulation_ws/install/us_handler:/home/sithija/simulation_ws/install/recovery_pulse_test:/home/sithija/simulation_ws/install/recovery_pathfinder:/home/sithija/simulation_ws/install/rate_converter:/home/sithija/simulation_ws/install/obstacle_detector:/opt/ros/humble /usr/bin/cmake --build /home/sithija/spectrobot_ws/build/spectrobot_controller -- -j16 -l16
[1.756s] DEBUG:colcon.colcon_core.event_handler.log_command:Invoked command in '/home/sithija/spectrobot_ws/build/robot_description' returned '0': CMAKE_PREFIX_PATH=${CMAKE_PREFIX_PATH}:/home/sithija/ros2_ws/install/my_robot_controller:/home/sithija/ros2_ws/install/fleet_subscriber:/home/sithija/ros2_ws/install/fleet_base:/home/sithija/ros2_ws/install/recovery_pulse_test:/home/sithija/ros2_ws/install/recovery_pathfinder:/home/sithija/ros2_ws/install/recoveryPathFinder:/home/sithija/ros2_ws/install/py_pubsub:/home/sithija/ros2_ws/install/obstacle_detector:/home/sithija/ros2_ws/install/first_bot:/home/sithija/ros2_ws/install/explore:/home/sithija/custombot_ws/install/robot_model_pkg:/home/sithija/custombot_ws/install/explore:/home/sithija/cambot_ws/install/navcontrol:/home/sithija/simulation_ws/install/us_handler:/home/sithija/simulation_ws/install/recovery_pulse_test:/home/sithija/simulation_ws/install/recovery_pathfinder:/home/sithija/simulation_ws/install/rate_converter:/home/sithija/simulation_ws/install/obstacle_detector:/opt/ros/humble /usr/bin/cmake --build /home/sithija/spectrobot_ws/build/robot_description -- -j16 -l16
[1.758s] DEBUG:colcon.colcon_core.event_handler.log_command:Invoked command in '/home/sithija/spectrobot_ws/build/spectrobot_controller' returned '0': CMAKE_PREFIX_PATH=${CMAKE_PREFIX_PATH}:/home/sithija/ros2_ws/install/my_robot_controller:/home/sithija/ros2_ws/install/fleet_subscriber:/home/sithija/ros2_ws/install/fleet_base:/home/sithija/ros2_ws/install/recovery_pulse_test:/home/sithija/ros2_ws/install/recovery_pathfinder:/home/sithija/ros2_ws/install/recoveryPathFinder:/home/sithija/ros2_ws/install/py_pubsub:/home/sithija/ros2_ws/install/obstacle_detector:/home/sithija/ros2_ws/install/first_bot:/home/sithija/ros2_ws/install/explore:/home/sithija/custombot_ws/install/robot_model_pkg:/home/sithija/custombot_ws/install/explore:/home/sithija/cambot_ws/install/navcontrol:/home/sithija/simulation_ws/install/us_handler:/home/sithija/simulation_ws/install/recovery_pulse_test:/home/sithija/simulation_ws/install/recovery_pathfinder:/home/sithija/simulation_ws/install/rate_converter:/home/sithija/simulation_ws/install/obstacle_detector:/opt/ros/humble /usr/bin/cmake --build /home/sithija/spectrobot_ws/build/spectrobot_controller -- -j16 -l16
[1.807s] DEBUG:colcon.colcon_core.event_handler.log_command:Invoking command in '/home/sithija/spectrobot_ws/build/spectrobot_controller': CMAKE_PREFIX_PATH=${CMAKE_PREFIX_PATH}:/home/sithija/ros2_ws/install/my_robot_controller:/home/sithija/ros2_ws/install/fleet_subscriber:/home/sithija/ros2_ws/install/fleet_base:/home/sithija/ros2_ws/install/recovery_pulse_test:/home/sithija/ros2_ws/install/recovery_pathfinder:/home/sithija/ros2_ws/install/recoveryPathFinder:/home/sithija/ros2_ws/install/py_pubsub:/home/sithija/ros2_ws/install/obstacle_detector:/home/sithija/ros2_ws/install/first_bot:/home/sithija/ros2_ws/install/explore:/home/sithija/custombot_ws/install/robot_model_pkg:/home/sithija/custombot_ws/install/explore:/home/sithija/cambot_ws/install/navcontrol:/home/sithija/simulation_ws/install/us_handler:/home/sithija/simulation_ws/install/recovery_pulse_test:/home/sithija/simulation_ws/install/recovery_pathfinder:/home/sithija/simulation_ws/install/rate_converter:/home/sithija/simulation_ws/install/obstacle_detector:/opt/ros/humble /usr/bin/cmake --install /home/sithija/spectrobot_ws/build/spectrobot_controller
[1.809s] DEBUG:colcon.colcon_core.event_handler.log_command:Invoking command in '/home/sithija/spectrobot_ws/build/robot_description': CMAKE_PREFIX_PATH=${CMAKE_PREFIX_PATH}:/home/sithija/ros2_ws/install/my_robot_controller:/home/sithija/ros2_ws/install/fleet_subscriber:/home/sithija/ros2_ws/install/fleet_base:/home/sithija/ros2_ws/install/recovery_pulse_test:/home/sithija/ros2_ws/install/recovery_pathfinder:/home/sithija/ros2_ws/install/recoveryPathFinder:/home/sithija/ros2_ws/install/py_pubsub:/home/sithija/ros2_ws/install/obstacle_detector:/home/sithija/ros2_ws/install/first_bot:/home/sithija/ros2_ws/install/explore:/home/sithija/custombot_ws/install/robot_model_pkg:/home/sithija/custombot_ws/install/explore:/home/sithija/cambot_ws/install/navcontrol:/home/sithija/simulation_ws/install/us_handler:/home/sithija/simulation_ws/install/recovery_pulse_test:/home/sithija/simulation_ws/install/recovery_pathfinder:/home/sithija/simulation_ws/install/rate_converter:/home/sithija/simulation_ws/install/obstacle_detector:/opt/ros/humble /usr/bin/cmake --install /home/sithija/spectrobot_ws/build/robot_description
[1.835s] Level 1:colcon.colcon_core.environment:create_environment_scripts_only(robot_description)
[1.836s] DEBUG:colcon.colcon_core.event_handler.log_command:Invoked command in '/home/sithija/spectrobot_ws/build/robot_description' returned '0': CMAKE_PREFIX_PATH=${CMAKE_PREFIX_PATH}:/home/sithija/ros2_ws/install/my_robot_controller:/home/sithija/ros2_ws/install/fleet_subscriber:/home/sithija/ros2_ws/install/fleet_base:/home/sithija/ros2_ws/install/recovery_pulse_test:/home/sithija/ros2_ws/install/recovery_pathfinder:/home/sithija/ros2_ws/install/recoveryPathFinder:/home/sithija/ros2_ws/install/py_pubsub:/home/sithija/ros2_ws/install/obstacle_detector:/home/sithija/ros2_ws/install/first_bot:/home/sithija/ros2_ws/install/explore:/home/sithija/custombot_ws/install/robot_model_pkg:/home/sithija/custombot_ws/install/explore:/home/sithija/cambot_ws/install/navcontrol:/home/sithija/simulation_ws/install/us_handler:/home/sithija/simulation_ws/install/recovery_pulse_test:/home/sithija/simulation_ws/install/recovery_pathfinder:/home/sithija/simulation_ws/install/rate_converter:/home/sithija/simulation_ws/install/obstacle_detector:/opt/ros/humble /usr/bin/cmake --install /home/sithija/spectrobot_ws/build/robot_description
[1.853s] Level 1:colcon.colcon_core.environment:checking '/home/sithija/spectrobot_ws/install/robot_description' for CMake module files
[1.854s] Level 1:colcon.colcon_core.environment:checking '/home/sithija/spectrobot_ws/install/robot_description' for CMake config files
[1.854s] Level 1:colcon.colcon_core.shell:create_environment_hook('robot_description', 'cmake_prefix_path')
[1.869s] INFO:colcon.colcon_core.shell:Creating environment hook '/home/sithija/spectrobot_ws/install/robot_description/share/robot_description/hook/cmake_prefix_path.ps1'
[1.870s] INFO:colcon.colcon_core.shell:Creating environment descriptor '/home/sithija/spectrobot_ws/install/robot_description/share/robot_description/hook/cmake_prefix_path.dsv'
[1.870s] INFO:colcon.colcon_core.shell:Creating environment hook '/home/sithija/spectrobot_ws/install/robot_description/share/robot_description/hook/cmake_prefix_path.sh'
[1.871s] Level 1:colcon.colcon_core.environment:checking '/home/sithija/spectrobot_ws/install/robot_description/bin'
[1.871s] Level 1:colcon.colcon_core.environment:checking '/home/sithija/spectrobot_ws/install/robot_description/lib/pkgconfig/robot_description.pc'
[1.871s] Level 1:colcon.colcon_core.environment:checking '/home/sithija/spectrobot_ws/install/robot_description/lib/python3.10/site-packages'
[1.871s] Level 1:colcon.colcon_core.environment:checking '/home/sithija/spectrobot_ws/install/robot_description/bin'
[1.886s] INFO:colcon.colcon_core.shell:Creating package script '/home/sithija/spectrobot_ws/install/robot_description/share/robot_description/package.ps1'
[1.887s] INFO:colcon.colcon_core.shell:Creating package descriptor '/home/sithija/spectrobot_ws/install/robot_description/share/robot_description/package.dsv'
[1.887s] INFO:colcon.colcon_core.shell:Creating package script '/home/sithija/spectrobot_ws/install/robot_description/share/robot_description/package.sh'
[1.888s] INFO:colcon.colcon_core.shell:Creating package script '/home/sithija/spectrobot_ws/install/robot_description/share/robot_description/package.bash'
[1.888s] INFO:colcon.colcon_core.shell:Creating package script '/home/sithija/spectrobot_ws/install/robot_description/share/robot_description/package.zsh'
[1.889s] Level 1:colcon.colcon_core.environment:create_file_with_runtime_dependencies(/home/sithija/spectrobot_ws/install/robot_description/share/colcon-core/packages/robot_description)
[1.891s] Level 1:colcon.colcon_core.environment:create_environment_scripts_only(spectrobot_controller)
[1.891s] DEBUG:colcon.colcon_core.event_handler.log_command:Invoked command in '/home/sithija/spectrobot_ws/build/spectrobot_controller' returned '0': CMAKE_PREFIX_PATH=${CMAKE_PREFIX_PATH}:/home/sithija/ros2_ws/install/my_robot_controller:/home/sithija/ros2_ws/install/fleet_subscriber:/home/sithija/ros2_ws/install/fleet_base:/home/sithija/ros2_ws/install/recovery_pulse_test:/home/sithija/ros2_ws/install/recovery_pathfinder:/home/sithija/ros2_ws/install/recoveryPathFinder:/home/sithija/ros2_ws/install/py_pubsub:/home/sithija/ros2_ws/install/obstacle_detector:/home/sithija/ros2_ws/install/first_bot:/home/sithija/ros2_ws/install/explore:/home/sithija/custombot_ws/install/robot_model_pkg:/home/sithija/custombot_ws/install/explore:/home/sithija/cambot_ws/install/navcontrol:/home/sithija/simulation_ws/install/us_handler:/home/sithija/simulation_ws/install/recovery_pulse_test:/home/sithija/simulation_ws/install/recovery_pathfinder:/home/sithija/simulation_ws/install/rate_converter:/home/sithija/simulation_ws/install/obstacle_detector:/opt/ros/humble /usr/bin/cmake --install /home/sithija/spectrobot_ws/build/spectrobot_controller
[1.906s] Level 1:colcon.colcon_core.environment:checking '/home/sithija/spectrobot_ws/install/spectrobot_controller' for CMake module files
[1.907s] Level 1:colcon.colcon_core.environment:checking '/home/sithija/spectrobot_ws/install/spectrobot_controller' for CMake config files
[1.907s] Level 1:colcon.colcon_core.shell:create_environment_hook('spectrobot_controller', 'cmake_prefix_path')
[1.922s] INFO:colcon.colcon_core.shell:Creating environment hook '/home/sithija/spectrobot_ws/install/spectrobot_controller/share/spectrobot_controller/hook/cmake_prefix_path.ps1'
[1.922s] INFO:colcon.colcon_core.shell:Creating environment descriptor '/home/sithija/spectrobot_ws/install/spectrobot_controller/share/spectrobot_controller/hook/cmake_prefix_path.dsv'
[1.922s] INFO:colcon.colcon_core.shell:Creating environment hook '/home/sithija/spectrobot_ws/install/spectrobot_controller/share/spectrobot_controller/hook/cmake_prefix_path.sh'
[1.923s] Level 1:colcon.colcon_core.environment:checking '/home/sithija/spectrobot_ws/install/spectrobot_controller/bin'
[1.923s] Level 1:colcon.colcon_core.environment:checking '/home/sithija/spectrobot_ws/install/spectrobot_controller/lib/pkgconfig/spectrobot_controller.pc'
[1.923s] Level 1:colcon.colcon_core.environment:checking '/home/sithija/spectrobot_ws/install/spectrobot_controller/lib/python3.10/site-packages'
[1.923s] Level 1:colcon.colcon_core.environment:checking '/home/sithija/spectrobot_ws/install/spectrobot_controller/bin'
[1.938s] INFO:colcon.colcon_core.shell:Creating package script '/home/sithija/spectrobot_ws/install/spectrobot_controller/share/spectrobot_controller/package.ps1'
[1.939s] INFO:colcon.colcon_core.shell:Creating package descriptor '/home/sithija/spectrobot_ws/install/spectrobot_controller/share/spectrobot_controller/package.dsv'
[1.939s] INFO:colcon.colcon_core.shell:Creating package script '/home/sithija/spectrobot_ws/install/spectrobot_controller/share/spectrobot_controller/package.sh'
[1.939s] INFO:colcon.colcon_core.shell:Creating package script '/home/sithija/spectrobot_ws/install/spectrobot_controller/share/spectrobot_controller/package.bash'
[1.939s] INFO:colcon.colcon_core.shell:Creating package script '/home/sithija/spectrobot_ws/install/spectrobot_controller/share/spectrobot_controller/package.zsh'
[1.940s] Level 1:colcon.colcon_core.environment:create_file_with_runtime_dependencies(/home/sithija/spectrobot_ws/install/spectrobot_controller/share/colcon-core/packages/spectrobot_controller)
[1.959s] Level 1:colcon.colcon_core.environment:create_environment_scripts_only(robot_description)
[1.974s] Level 1:colcon.colcon_core.environment:checking '/home/sithija/spectrobot_ws/install/robot_description' for CMake module files
[1.975s] Level 1:colcon.colcon_core.environment:checking '/home/sithija/spectrobot_ws/install/robot_description' for CMake config files
[1.975s] Level 1:colcon.colcon_core.shell:create_environment_hook('robot_description', 'cmake_prefix_path')
[1.990s] INFO:colcon.colcon_core.shell:Creating environment hook '/home/sithija/spectrobot_ws/install/robot_description/share/robot_description/hook/cmake_prefix_path.ps1'
[1.991s] INFO:colcon.colcon_core.shell:Creating environment descriptor '/home/sithija/spectrobot_ws/install/robot_description/share/robot_description/hook/cmake_prefix_path.dsv'
[1.991s] INFO:colcon.colcon_core.shell:Creating environment hook '/home/sithija/spectrobot_ws/install/robot_description/share/robot_description/hook/cmake_prefix_path.sh'
[1.991s] Level 1:colcon.colcon_core.environment:checking '/home/sithija/spectrobot_ws/install/robot_description/bin'
[1.991s] Level 1:colcon.colcon_core.environment:checking '/home/sithija/spectrobot_ws/install/robot_description/lib/pkgconfig/robot_description.pc'
[1.991s] Level 1:colcon.colcon_core.environment:checking '/home/sithija/spectrobot_ws/install/robot_description/lib/python3.10/site-packages'
[1.992s] Level 1:colcon.colcon_core.environment:checking '/home/sithija/spectrobot_ws/install/robot_description/bin'
[2.007s] INFO:colcon.colcon_core.shell:Creating package script '/home/sithija/spectrobot_ws/install/robot_description/share/robot_description/package.ps1'
[2.007s] INFO:colcon.colcon_core.shell:Creating package descriptor '/home/sithija/spectrobot_ws/install/robot_description/share/robot_description/package.dsv'
[2.007s] INFO:colcon.colcon_core.shell:Creating package script '/home/sithija/spectrobot_ws/install/robot_description/share/robot_description/package.sh'
[2.008s] INFO:colcon.colcon_core.shell:Creating package script '/home/sithija/spectrobot_ws/install/robot_description/share/robot_description/package.bash'
[2.008s] INFO:colcon.colcon_core.shell:Creating package script '/home/sithija/spectrobot_ws/install/robot_description/share/robot_description/package.zsh'
[2.008s] Level 1:colcon.colcon_core.environment:create_file_with_runtime_dependencies(/home/sithija/spectrobot_ws/install/robot_description/share/colcon-core/packages/robot_description)
[2.025s] Level 1:colcon.colcon_core.environment:create_environment_scripts_only(spectrobot_controller)
[2.040s] Level 1:colcon.colcon_core.environment:checking '/home/sithija/spectrobot_ws/install/spectrobot_controller' for CMake module files
[2.041s] Level 1:colcon.colcon_core.environment:checking '/home/sithija/spectrobot_ws/install/spectrobot_controller' for CMake config files
[2.041s] Level 1:colcon.colcon_core.shell:create_environment_hook('spectrobot_controller', 'cmake_prefix_path')
[2.055s] INFO:colcon.colcon_core.shell:Creating environment hook '/home/sithija/spectrobot_ws/install/spectrobot_controller/share/spectrobot_controller/hook/cmake_prefix_path.ps1'
[2.056s] INFO:colcon.colcon_core.shell:Creating environment descriptor '/home/sithija/spectrobot_ws/install/spectrobot_controller/share/spectrobot_controller/hook/cmake_prefix_path.dsv'
[2.056s] INFO:colcon.colcon_core.shell:Creating environment hook '/home/sithija/spectrobot_ws/install/spectrobot_controller/share/spectrobot_controller/hook/cmake_prefix_path.sh'
[2.057s] Level 1:colcon.colcon_core.environment:checking '/home/sithija/spectrobot_ws/install/spectrobot_controller/bin'
[2.057s] Level 1:colcon.colcon_core.environment:checking '/home/sithija/spectrobot_ws/install/spectrobot_controller/lib/pkgconfig/spectrobot_controller.pc'
[2.057s] Level 1:colcon.colcon_core.environment:checking '/home/sithija/spectrobot_ws/install/spectrobot_controller/lib/python3.10/site-packages'
[2.057s] Level 1:colcon.colcon_core.environment:checking '/home/sithija/spectrobot_ws/install/spectrobot_controller/bin'
[2.073s] INFO:colcon.colcon_core.shell:Creating package script '/home/sithija/spectrobot_ws/install/spectrobot_controller/share/spectrobot_controller/package.ps1'
[2.074s] INFO:colcon.colcon_core.shell:Creating package descriptor '/home/sithija/spectrobot_ws/install/spectrobot_controller/share/spectrobot_controller/package.dsv'
[2.074s] INFO:colcon.colcon_core.shell:Creating package script '/home/sithija/spectrobot_ws/install/spectrobot_controller/share/spectrobot_controller/package.sh'
[2.074s] INFO:colcon.colcon_core.shell:Creating package script '/home/sithija/spectrobot_ws/install/spectrobot_controller/share/spectrobot_controller/package.bash'
[2.074s] INFO:colcon.colcon_core.shell:Creating package script '/home/sithija/spectrobot_ws/install/spectrobot_controller/share/spectrobot_controller/package.zsh'
[2.075s] Level 1:colcon.colcon_core.environment:create_file_with_runtime_dependencies(/home/sithija/spectrobot_ws/install/spectrobot_controller/share/colcon-core/packages/spectrobot_controller)
[2.075s] DEBUG:colcon.colcon_parallel_executor.executor.parallel:closing loop
[2.075s] DEBUG:colcon.colcon_parallel_executor.executor.parallel:loop closed
[2.075s] DEBUG:colcon.colcon_parallel_executor.executor.parallel:run_until_complete finished with '0'
[2.075s] DEBUG:colcon.colcon_core.event_reactor:joining thread
[2.096s] INFO:colcon.colcon_core.plugin_system:Skipping extension 'colcon_notification.desktop_notification.terminal_notifier': Not used on non-Darwin systems
[2.096s] INFO:colcon.colcon_core.plugin_system:Skipping extension 'colcon_notification.desktop_notification.win32': Not used on non-Windows systems
[2.096s] INFO:colcon.colcon_notification.desktop_notification:Sending desktop notification using 'notify2'
[2.121s] DEBUG:colcon.colcon_core.event_reactor:joined thread
[2.137s] INFO:colcon.colcon_core.shell:Creating prefix script '/home/sithija/spectrobot_ws/install/local_setup.ps1'
[2.138s] INFO:colcon.colcon_core.shell:Creating prefix util module '/home/sithija/spectrobot_ws/install/_local_setup_util_ps1.py'
[2.139s] INFO:colcon.colcon_core.shell:Creating prefix chain script '/home/sithija/spectrobot_ws/install/setup.ps1'
[2.155s] INFO:colcon.colcon_core.shell:Creating prefix script '/home/sithija/spectrobot_ws/install/local_setup.sh'
[2.156s] INFO:colcon.colcon_core.shell:Creating prefix util module '/home/sithija/spectrobot_ws/install/_local_setup_util_sh.py'
[2.156s] INFO:colcon.colcon_core.shell:Creating prefix chain script '/home/sithija/spectrobot_ws/install/setup.sh'
[2.173s] INFO:colcon.colcon_core.shell:Creating prefix script '/home/sithija/spectrobot_ws/install/local_setup.bash'
[2.174s] INFO:colcon.colcon_core.shell:Creating prefix chain script '/home/sithija/spectrobot_ws/install/setup.bash'
[2.191s] INFO:colcon.colcon_core.shell:Creating prefix script '/home/sithija/spectrobot_ws/install/local_setup.zsh'
[2.191s] INFO:colcon.colcon_core.shell:Creating prefix chain script '/home/sithija/spectrobot_ws/install/setup.zsh'
